Hello!

[WiFi] Connecting to 123
[WiFi] WiFi is disconnected
[WiFi] WiFi is connected!
[WiFi] IP address: 172.20.10.2
Measuring voltage and current with INA219, id: 0
Measuring voltage and current with INA219, id: 1
vTaskSensorRead started
not configured
not configured
not configured
vTaskSensorRead started
not configured
not configured
not configured
Failed to delay task
Failed to delay task
Failed to delay task
Failed to delay task
Failed to delay task
Failed to delay task
Failed to delay task
Failed to delay task
Failed to delay task
Failed to delay task
Failed to delay task
Failed to delay task
Failed to delay task
Failed to delay task
printing!
=== UDPpacket ===
id: 0
sz: 3, curr: 3
read_flag: 0b111
T_sample: 1000 ms
  data[0]:
    type: -1
    len: 1, curr: 1
    dataPoints: [0.00]
  data[1]:
    type: -1
    len: 1, curr: 1
    dataPoints: [0.00]
  data[2]:
    type: -1
    len: 1, curr: 1
    dataPoints: [0.00]
printing!
=== UDPpacket ===
id: 1
sz: 3, curr: 3
read_flag: 0b111
T_sample: 1000 ms
  data[0]:
    type: -1
    len: 1, curr: 1
    dataPoints: [0.00]
  data[1]:
    type: -1
    len: 1, curr: 1
    dataPoints: [0.00]
  data[2]:
    type: -1
    len: 1, curr: 1
    dataPoints: [0.00]
printing!
=== UDPpacket ===
id: 0
sz: 3, curr: 3
read_flag: 0b111
T_sample: 1000 ms
  data[0]:
    type: 0
    len: 1, curr: 1
    dataPoints: [-2.50]
  data[1]:
    type: 1
    len: 1, curr: 1
    dataPoints: [3.33]
  data[2]:
    type: 2
    len: 1, curr: 1
    dataPoints: [21.00]
printing!
=== UDPpacket ===
id: 0
sz: 3, curr: 3
read_flag: 0b111
T_sample: 1000 ms
  data[0]:
    type: 0
    len: 1, curr: 1
    dataPoints: [-0.10]
  data[1]:
    type: 1
    len: 1, curr: 1
    dataPoints: [5.06]
  data[2]:
    type: 2
    len: 1, curr: 1
    dataPoints: [0.00]
printing!
=== UDPpacket ===
id: 0
sz: 3, curr: 3
read_flag: 0b111
T_sample: 1000 ms
  data[0]:
    type: 0
    len: 1, curr: 1
    dataPoints: [-2.50]
  data[1]:
    type: 1
    len: 1, curr: 1
    dataPoints: [3.33]
  data[2]:
    type: 2
    len: 1, curr: 1
    dataPoints: [21.00]
printing!
=== UDPpacket ===
id: 1
sz: 3, curr: 3
read_flag: 0b111
T_sample: 1000 ms
  data[0]:
    type: 0
    len: 1, curr: 1
    dataPoints: [0.20]
  data[1]:
    type: 1
    len: 1, curr: 1
    dataPoints: [5.03]
  data[2]:
    type: 2
    len: 1, curr: 1
    dataPoints: [0.00]
printing!
=== UDPpacket ===
id: 0
sz: 3, curr: 3
read_flag: 0b111
T_sample: 1000 ms
  data[0]:
    type: 0
    len: 1, curr: 1
    dataPoints: [-2.60]
  data[1]:
    type: 1
    len: 1, curr: 1
    dataPoints: [3.33]
  data[2]:
    type: 2
    len: 1, curr: 1
    dataPoints: [21.00]
printing!
=== UDPpacket ===
id: 1
sz: 3, curr: 3
read_flag: 0b111
T_sample: 1000 ms
  data[0]:
    type: 0
    len: 1, curr: 1
    dataPoints: [0.10]
  data[1]:
    type: 1
    len: 1, curr: 1
    dataPoints: [5.03]
  data[2]:
    type: 2
    len: 1, curr: 1
    dataPoints: [0.00]
printing!
=== UDPpacket ===
id: 0
sz: 3, curr: 3
read_flag: 0b111
T_sample: 1000 ms
  data[0]:
    type: 0
    len: 1, curr: 1
    dataPoints: [-2.60]
  data[1]:
    type: 1
    len: 1, curr: 1
    dataPoints: [3.32]
  data[2]:
    type: 2
    len: 1, curr: 1
    dataPoints: [11.00]
printing!
=== UDPpacket ===
id: 1
sz: 3, curr: 3
read_flag: 0b111
T_sample: 1000 ms
  data[0]:
    type: 0
    len: 1, curr: 1
    dataPoints: [0.00]
  data[1]:
    type: 1
    len: 1, curr: 1
    dataPoints: [5.06]
  data[2]:
    type: 2
    len: 1, curr: 1
    dataPoints: [0.00]
printing!
=== UDPpacket ===
id: 0
sz: 3, curr: 3
read_flag: 0b111
T_sample: 1000 ms
  data[0]:
    type: 0
    len: 1, curr: 1
    dataPoints: [0.00]
  data[1]:
    type: 1
    len: 1, curr: 1
    dataPoints: [3.33]
  data[2]:
    type: 2
    len: 1, curr: 1
    dataPoints: [11.00]
printing!
=== UDPpacket ===
id: 1
sz: 3, curr: 3
read_flag: 0b111
T_sample: 1000 ms
  data[0]:
    type: 0
    len: 1, curr: 1
    dataPoints: [-0.20]
  data[1]:
    type: 1
    len: 1, curr: 1
    dataPoints: [5.04]
  data[2]:
    type: 2
    len: 1, curr: 1
    dataPoints: [0.00]
printing!
=== UDPpacket ===
id: 0
sz: 3, curr: 3
read_flag: 0b111
T_sample: 1000 ms
  data[0]:
    type: 0
    len: 1, curr: 1
    dataPoints: [-0.30]
  data[1]:
    type: 1
    len: 1, curr: 1
    dataPoints: [3.33]
  data[2]:
    type: 2
    len: 1, curr: 1
    dataPoints: [11.00]
printing!
=== UDPpacket ===
id: 1
sz: 3, curr: 3
read_flag: 0b111
T_sample: 1000 ms
  data[0]:
    type: 0
    len: 1, curr: 1
    dataPoints: [-0.30]
  data[1]:
    type: 1
    len: 1, curr: 1
    dataPoints: [5.05]
  data[2]:
    type: 2
    len: 1, curr: 1
    dataPoints: [0.00]
printing!
=== UDPpacket ===
id: 0
sz: 3, curr: 3
read_flag: 0b111
T_sample: 1000 ms
  data[0]:
    type: 0
    len: 1, curr: 1
    dataPoints: [0.00]
  data[1]:
    type: 1
    len: 1, curr: 1
    dataPoints: [3.33]
  data[2]:
    type: 2
    len: 1, curr: 1
    dataPoints: [11.00]
printing!
=== UDPpacket ===
id: 1
sz: 3, curr: 3
read_flag: 0b111
T_sample: 1000 ms
  data[0]:
    type: 0
    len: 1, curr: 1
    dataPoints: [0.00]
  data[1]:
    type: 1
    len: 1, curr: 1
    dataPoints: [5.04]
  data[2]:
    type: 2
    len: 1, curr: 1
    dataPoints: [0.00]
printing!
=== UDPpacket ===
id: 0
sz: 3, curr: 3
read_flag: 0b111
T_sample: 1000 ms
  data[0]:
    type: 0
    len: 1, curr: 1
    dataPoints: [0.10]
  data[1]:
    type: 1
    len: 1, curr: 1
    dataPoints: [3.32]
  data[2]:
    type: 2
    len: 1, curr: 1
    dataPoints: [11.00]
printing!
=== UDPpacket ===
id: 1
sz: 3, curr: 3
read_flag: 0b111
T_sample: 1000 ms
  data[0]:
    type: 0
    len: 1, curr: 1
    dataPoints: [0.10]
  data[1]:
    type: 1
    len: 1, curr: 1
    dataPoints: [5.04]
  data[2]:
    type: 2
    len: 1, curr: 1
    dataPoints: [0.00]
printing!
=== UDPpacket ===
id: 0
sz: 3, curr: 3
read_flag: 0b111
T_sample: 1000 ms
  data[0]:
    type: 0
    len: 1, curr: 1
    dataPoints: [-0.10]
  data[1]:
    type: 1
    len: 1, curr: 1
    dataPoints: [3.33]
  data[2]:
    type: 2
    len: 1, curr: 1
    dataPoints: [11.00]
printing!
=== UDPpacket ===
id: 1
sz: 3, curr: 3
read_flag: 0b111
T_sample: 1000 ms
  data[0]:
    type: 0
    len: 1, curr: 1
    dataPoints: [-0.10]
  data[1]:
    type: 1
    len: 1, curr: 1
    dataPoints: [5.04]
  data[2]:
    type: 2
    len: 1, curr: 1
    dataPoints: [0.00]
printing!
=== UDPpacket ===
id: 0
sz: 3, curr: 3
read_flag: 0b111
T_sample: 1000 ms
  data[0]:
    type: 0
    len: 1, curr: 1
    dataPoints: [-0.20]
  data[1]:
    type: 1
    len: 1, curr: 1
    dataPoints: [3.33]
  data[2]:
    type: 2
    len: 1, curr: 1
    dataPoints: [11.00]
printing!
=== UDPpacket ===
id: 1
sz: 3, curr: 3
read_flag: 0b111
T_sample: 1000 ms
  data[0]:
    type: 0
    len: 1, curr: 1
    dataPoints: [0.00]
  data[1]:
    type: 1
    len: 1, curr: 1
    dataPoints: [5.06]
  data[2]:
    type: 2
    len: 1, curr: 1
    dataPoints: [0.00]
printing!
=== UDPpacket ===
id: 0
sz: 3, curr: 3
read_flag: 0b111
T_sample: 1000 ms
  data[0]:
    type: 0
    len: 1, curr: 1
    dataPoints: [-2.80]
  data[1]:
    type: 1
    len: 1, curr: 1
    dataPoints: [3.33]
  data[2]:
    type: 2
    len: 1, curr: 1
    dataPoints: [11.00]
printing!
=== UDPpacket ===
id: 1
sz: 3, curr: 3
read_flag: 0b111
T_sample: 1000 ms
  data[0]:
    type: 0
    len: 1, curr: 1
    dataPoints: [-0.10]
  data[1]:
    type: 1
    len: 1, curr: 1
    dataPoints: [5.04]
  data[2]:
    type: 2
    len: 1, curr: 1
    dataPoints: [0.00]
printing!
=== UDPpacket ===
id: 0
sz: 3, curr: 3
read_flag: 0b111
T_sample: 1000 ms
  data[0]:
    type: 0
    len: 1, curr: 1
    dataPoints: [0.00]
  data[1]:
    type: 1
    len: 1, curr: 1
    dataPoints: [3.33]
  data[2]:
    type: 2
    len: 1, curr: 1
    dataPoints: [11.00]
printing!
=== UDPpacket ===
id: 1
sz: 3, curr: 3
read_flag: 0b111
T_sample: 1000 ms
  data[0]:
    type: 0
    len: 1, curr: 1
    dataPoints: [-0.20]
  data[1]:
    type: 1
    len: 1, curr: 1
    dataPoints: [5.04]
  data[2]:
    type: 2
    len: 1, curr: 1
    dataPoints: [0.00]
printing!
=== UDPpacket ===
id: 0
sz: 3, curr: 3
read_flag: 0b111
T_sample: 1000 ms
  data[0]:
    type: 0
    len: 1, curr: 1
    dataPoints: [0.10]
  data[1]:
    type: 1
    len: 1, curr: 1
    dataPoints: [3.33]
  data[2]:
    type: 2
    len: 1, curr: 1
    dataPoints: [11.00]
printing!
=== UDPpacket ===
id: 1
sz: 3, curr: 3
read_flag: 0b111
T_sample: 1000 ms
  data[0]:
    type: 0
    len: 1, curr: 1
    dataPoints: [0.00]
  data[1]:
    type: 1
    len: 1, curr: 1
    dataPoints: [5.03]
  data[2]:
    type: 2
    len: 1, curr: 1
    dataPoints: [0.00]
printing!
=== UDPpacket ===
id: 0
sz: 3, curr: 3
read_flag: 0b111
T_sample: 1000 ms
  data[0]:
    type: 0
    len: 1, curr: 1
    dataPoints: [-0.30]
  data[1]:
    type: 1
    len: 1, curr: 1
    dataPoints: [3.33]
  data[2]:
    type: 2
    len: 1, curr: 1
    dataPoints: [21.00]
printing!
=== UDPpacket ===
id: 1
sz: 3, curr: 3
read_flag: 0b111
T_sample: 1000 ms
  data[0]:
    type: 0
    len: 1, curr: 1
    dataPoints: [0.00]
  data[1]:
    type: 1
    len: 1, curr: 1
    dataPoints: [5.06]
  data[2]:
    type: 2
    len: 1, curr: 1
    dataPoints: [0.00]
printing!
=== UDPpacket ===
id: 0
sz: 3, curr: 3
read_flag: 0b111
T_sample: 1000 ms
  data[0]:
    type: 0
    len: 1, curr: 1
    dataPoints: [0.30]
  data[1]:
    type: 1
    len: 1, curr: 1
    dataPoints: [3.33]
  data[2]:
    type: 2
    len: 1, curr: 1
    dataPoints: [11.00]
printing!
=== UDPpacket ===
id: 1
sz: 3, curr: 3
read_flag: 0b111
T_sample: 1000 ms
  data[0]:
    type: 0
    len: 1, curr: 1
    dataPoints: [0.10]
  data[1]:
    type: 1
    len: 1, curr: 1
    dataPoints: [5.03]
  data[2]:
    type: 2
    len: 1, curr: 1
    dataPoints: [0.00]
printing!
=== UDPpacket ===
id: 0
sz: 3, curr: 3
read_flag: 0b111
T_sample: 1000 ms
  data[0]:
    type: 0
    len: 1, curr: 1
    dataPoints: [0.20]
  data[1]:
    type: 1
    len: 1, curr: 1
    dataPoints: [3.33]
  data[2]:
    type: 2
    len: 1, curr: 1
    dataPoints: [11.00]
printing!
=== UDPpacket ===
id: 1
sz: 3, curr: 3
read_flag: 0b111
T_sample: 1000 ms
  data[0]:
    type: 0
    len: 1, curr: 1
    dataPoints: [-0.30]
  data[1]:
    type: 1
    len: 1, curr: 1
    dataPoints: [5.04]
  data[2]:
    type: 2
    len: 1, curr: 1
    dataPoints: [0.00]
printing!
=== UDPpacket ===
id: 0
sz: 3, curr: 3
read_flag: 0b111
T_sample: 1000 ms
  data[0]:
    type: 0
    len: 1, curr: 1
    dataPoints: [-0.10]
  data[1]:
    type: 1
    len: 1, curr: 1
    dataPoints: [3.33]
  data[2]:
    type: 2
    len: 1, curr: 1
    dataPoints: [11.00]
printing!
=== UDPpacket ===
id: 1
sz: 3, curr: 3
read_flag: 0b111
T_sample: 1000 ms
  data[0]:
    type: 0
    len: 1, curr: 1
    dataPoints: [-0.10]
  data[1]:
    type: 1
    len: 1, curr: 1
    dataPoints: [5.03]
  data[2]:
    type: 2
    len: 1, curr: 1
    dataPoints: [0.00]
printing!
=== UDPpacket ===
id: 0
sz: 3, curr: 3
read_flag: 0b111
T_sample: 1000 ms
  data[0]:
    type: 0
    len: 1, curr: 1
    dataPoints: [-2.60]
  data[1]:
    type: 1
    len: 1, curr: 1
    dataPoints: [3.33]
  data[2]:
    type: 2
    len: 1, curr: 1
    dataPoints: [21.00]
printing!
=== UDPpacket ===
id: 1
sz: 3, curr: 3
read_flag: 0b111
T_sample: 1000 ms
  data[0]:
    type: 0
    len: 1, curr: 1
    dataPoints: [0.10]
  data[1]:
    type: 1
    len: 1, curr: 1
    dataPoints: [5.04]
  data[2]:
    type: 2
    len: 1, curr: 1
    dataPoints: [0.00]
printing!
=== UDPpacket ===
id: 0
sz: 3, curr: 3
read_flag: 0b111
T_sample: 1000 ms
  data[0]:
    type: 0
    len: 1, curr: 1
    dataPoints: [-0.20]
  data[1]:
    type: 1
    len: 1, curr: 1
    dataPoints: [3.33]
  data[2]:
    type: 2
    len: 1, curr: 1
    dataPoints: [11.00]
printing!
=== UDPpacket ===
id: 1
sz: 3, curr: 3
read_flag: 0b111
T_sample: 1000 ms
  data[0]:
    type: 0
    len: 1, curr: 1
    dataPoints: [-0.10]
  data[1]:
    type: 1
    len: 1, curr: 1
    dataPoints: [5.04]
  data[2]:
    type: 2
    len: 1, curr: 1
    dataPoints: [0.00]
printing!
=== UDPpacket ===
id: 0
sz: 3, curr: 3
read_flag: 0b111
T_sample: 1000 ms
  data[0]:
    type: 0
    len: 1, curr: 1
    dataPoints: [0.10]
  data[1]:
    type: 1
    len: 1, curr: 1
    dataPoints: [3.33]
  data[2]:
    type: 2
    len: 1, curr: 1
    dataPoints: [11.00]
printing!
=== UDPpacket ===
id: 1
sz: 3, curr: 3
read_flag: 0b111
T_sample: 1000 ms
  data[0]:
    type: 0
    len: 1, curr: 1
    dataPoints: [0.10]
  data[1]:
    type: 1
    len: 1, curr: 1
    dataPoints: [5.06]
  data[2]:
    type: 2
    len: 1, curr: 1
    dataPoints: [0.00]
printing!
=== UDPpacket ===
id: 0
sz: 3, curr: 3
read_flag: 0b111
T_sample: 1000 ms
  data[0]:
    type: 0
    len: 1, curr: 1
    dataPoints: [0.10]
  data[1]:
    type: 1
    len: 1, curr: 1
    dataPoints: [3.33]
  data[2]:
    type: 2
    len: 1, curr: 1
    dataPoints: [11.00]
printing!
=== UDPpacket ===
id: 1
sz: 3, curr: 3
read_flag: 0b111
T_sample: 1000 ms
  data[0]:
    type: 0
    len: 1, curr: 1
    dataPoints: [0.10]
  data[1]:
    type: 1
    len: 1, curr: 1
    dataPoints: [5.04]
  data[2]:
    type: 2
    len: 1, curr: 1
    dataPoints: [0.00]
printing!
=== UDPpacket ===
id: 0
sz: 3, curr: 3
read_flag: 0b111
T_sample: 1000 ms
  data[0]:
    type: 0
    len: 1, curr: 1
    dataPoints: [-3.50]
  data[1]:
    type: 1
    len: 1, curr: 1
    dataPoints: [3.33]
  data[2]:
    type: 2
    len: 1, curr: 1
    dataPoints: [21.00]
printing!
=== UDPpacket ===
id: 1
sz: 3, curr: 3
read_flag: 0b111
T_sample: 1000 ms
  data[0]:
    type: 0
    len: 1, curr: 1
    dataPoints: [-0.30]
  data[1]:
    type: 1
    len: 1, curr: 1
    dataPoints: [5.05]
  data[2]:
    type: 2
    len: 1, curr: 1
    dataPoints: [0.00]
printing!
=== UDPpacket ===
id: 0
sz: 3, curr: 3
read_flag: 0b111
T_sample: 1000 ms
  data[0]:
    type: 0
    len: 1, curr: 1
    dataPoints: [0.00]
  data[1]:
    type: 1
    len: 1, curr: 1
    dataPoints: [3.33]
  data[2]:
    type: 2
    len: 1, curr: 1
    dataPoints: [11.00]
printing!
=== UDPpacket ===
id: 1
sz: 3, curr: 3
read_flag: 0b111
T_sample: 1000 ms
  data[0]:
    type: 0
    len: 1, curr: 1
    dataPoints: [-0.10]
  data[1]:
    type: 1
    len: 1, curr: 1
    dataPoints: [5.04]
  data[2]:
    type: 2
    len: 1, curr: 1
    dataPoints: [0.00]
printing!
=== UDPpacket ===
id: 0
sz: 3, curr: 3
read_flag: 0b111
T_sample: 1000 ms
  data[0]:
    type: 0
    len: 1, curr: 1
    dataPoints: [0.00]
  data[1]:
    type: 1
    len: 1, curr: 1
    dataPoints: [3.33]
  data[2]:
    type: 2
    len: 1, curr: 1
    dataPoints: [11.00]
printing!
=== UDPpacket ===
id: 1
sz: 3, curr: 3
read_flag: 0b111
T_sample: 1000 ms
  data[0]:
    type: 0
    len: 1, curr: 1
    dataPoints: [-0.20]
  data[1]:
    type: 1
    len: 1, curr: 1
    dataPoints: [5.03]
  data[2]:
    type: 2
    len: 1, curr: 1
    dataPoints: [0.00]
printing!
=== UDPpacket ===
id: 0
sz: 3, curr: 3
read_flag: 0b111
T_sample: 1000 ms
  data[0]:
    type: 0
    len: 1, curr: 1
    dataPoints: [0.10]
  data[1]:
    type: 1
    len: 1, curr: 1
    dataPoints: [3.33]
  data[2]:
    type: 2
    len: 1, curr: 1
    dataPoints: [11.00]
printing!
=== UDPpacket ===
id: 1
sz: 3, curr: 3
read_flag: 0b111
T_sample: 1000 ms
  data[0]:
    type: 0
    len: 1, curr: 1
    dataPoints: [0.20]
  data[1]:
    type: 1
    len: 1, curr: 1
    dataPoints: [5.04]
  data[2]:
    type: 2
    len: 1, curr: 1
    dataPoints: [0.00]
printing!
=== UDPpacket ===
id: 0
sz: 3, curr: 3
read_flag: 0b111
T_sample: 1000 ms
  data[0]:
    type: 0
    len: 1, curr: 1
    dataPoints: [-3.20]
  data[1]:
    type: 1
    len: 1, curr: 1
    dataPoints: [3.33]
  data[2]:
    type: 2
    len: 1, curr: 1
    dataPoints: [21.00]
printing!
=== UDPpacket ===
id: 1
sz: 3, curr: 3
read_flag: 0b111
T_sample: 1000 ms
  data[0]:
    type: 0
    len: 1, curr: 1
    dataPoints: [0.10]
  data[1]:
    type: 1
    len: 1, curr: 1
    dataPoints: [5.03]
  data[2]:
    type: 2
    len: 1, curr: 1
    dataPoints: [0.00]
printing!
=== UDPpacket ===
id: 0
sz: 3, curr: 3
read_flag: 0b111
T_sample: 1000 ms
  data[0]:
    type: 0
    len: 1, curr: 1
    dataPoints: [-0.10]
  data[1]:
    type: 1
    len: 1, curr: 1
    dataPoints: [3.33]
  data[2]:
    type: 2
    len: 1, curr: 1
    dataPoints: [11.00]
printing!
=== UDPpacket ===
id: 1
sz: 3, curr: 3
read_flag: 0b111
T_sample: 1000 ms
  data[0]:
    type: 0
    len: 1, curr: 1
    dataPoints: [0.00]
  data[1]:
    type: 1
    len: 1, curr: 1
    dataPoints: [5.05]
  data[2]:
    type: 2
    len: 1, curr: 1
    dataPoints: [0.00]
printing!
=== UDPpacket ===
id: 0
sz: 3, curr: 3
read_flag: 0b111
T_sample: 1000 ms
  data[0]:
    type: 0
    len: 1, curr: 1
    dataPoints: [-0.30]
  data[1]:
    type: 1
    len: 1, curr: 1
    dataPoints: [3.33]
  data[2]:
    type: 2
    len: 1, curr: 1
    dataPoints: [11.00]
printing!
=== UDPpacket ===
id: 1
sz: 3, curr: 3
read_flag: 0b111
T_sample: 1000 ms
  data[0]:
    type: 0
    len: 1, curr: 1
    dataPoints: [0.10]
  data[1]:
    type: 1
    len: 1, curr: 1
    dataPoints: [5.03]
  data[2]:
    type: 2
    len: 1, curr: 1
    dataPoints: [0.00]
printing!
=== UDPpacket ===
id: 0
sz: 3, curr: 3
read_flag: 0b111
T_sample: 1000 ms
  data[0]:
    type: 0
    len: 1, curr: 1
    dataPoints: [-0.20]
  data[1]:
    type: 1
    len: 1, curr: 1
    dataPoints: [3.33]
  data[2]:
    type: 2
    len: 1, curr: 1
    dataPoints: [11.00]
printing!
=== UDPpacket ===
id: 1
sz: 3, curr: 3
read_flag: 0b111
T_sample: 1000 ms
  data[0]:
    type: 0
    len: 1, curr: 1
    dataPoints: [-0.10]
  data[1]:
    type: 1
    len: 1, curr: 1
    dataPoints: [5.06]
  data[2]:
    type: 2
    len: 1, curr: 1
    dataPoints: [0.00]
printing!
=== UDPpacket ===
id: 0
sz: 3, curr: 3
read_flag: 0b111
T_sample: 1000 ms
  data[0]:
    type: 0
    len: 1, curr: 1
    dataPoints: [-0.10]
  data[1]:
    type: 1
    len: 1, curr: 1
    dataPoints: [3.32]
  data[2]:
    type: 2
    len: 1, curr: 1
    dataPoints: [11.00]
printing!
=== UDPpacket ===
id: 1
sz: 3, curr: 3
read_flag: 0b111
T_sample: 1000 ms
  data[0]:
    type: 0
    len: 1, curr: 1
    dataPoints: [0.00]
  data[1]:
    type: 1
    len: 1, curr: 1
    dataPoints: [5.04]
  data[2]:
    type: 2
    len: 1, curr: 1
    dataPoints: [0.00]
