[WiFi] WiFi is disconnected
[WiFi] WiFi is disconnected
[WiFi] WiFi is disconnected
[WiFi] SSID not found
[WiFi] SSID not found
[WiFi] SSID not found
[WiFi] SSID not found
[WiFi] SSID not found
[WiFi] SSID not found
[WiFi] SSID not found
[WiFi] SSID not found
[WiFi] SSID not found
[WiFi] SSID not found
[WiFi] SSID not found
[WiFi] SSID not found
[WiFi] SSID not found
[WiFi] SSID not found
[WiFi] SSID not found
[WiFi] SSID not found
[WiFi] Failed to connect to WiFi!Measuring voltage and current with INA219, id: 0
Measuring voltage and current with INA219, id: 1
vTaskSensorRead started
not configured
not configured
not configured
vTaskSensorRead started
not configured
not configured
not configured
Failed to delay task
not configured
not configured
not configured
Failed to delay task
not configured
not configured
not configured
Failed to delay task
not configured
not configured
not configured
===== Received packet: ===== 
 time:
=== UDPpacket ===
id: 0
sz: 3, curr: 3
read_flag: 0b111
T_sample: 500 ms0]:
    type: -1
    len: 3, curr: 3
    dataPoints: [0.00, 0.00, 0.00]
  data[1]:
    type: -1
    len: 3, curr: 3
    dataPoints: [0.00, 0.00, 0.00]
  data[2]:
    type: -1
    len: 3, curr: 3
    dataPoints: [0.00, 0.00, 0.00]
not configured
not configured
not configured
Failed to delay task
Failed to delay task
[ 15978][E][WiFiClient.cpp:249] connect(): connect on fd 48, errno: 118, "Host is unreachable"
===== Received packet: ===== 
 time:
=== UDPpacket ===
id: 1
sz: 3, curr: 3
read_flag: 0b111
T_sample: 500 ms
  data[0]:
    type: -1
    len: 3, curr: 3
    dataPoints: [0.00, 0.00, 0.00]
  data[1]:
    type: -1
    len: 3, curr: 3
    dataPoints: [0.00, 0.00, 0.00]
  data[2]:
    type: -1
    len: 3, curr: 3
    dataPoints: [0.00, 0.00, 0.00]
[ 15989][E][WiFiClient.cpp:249] connect(): connect on fd 48, errno: 118, "Host is unreachable"
Failed to delay task
Failed to delay task
Failed to delay task
Failed to delay task
===== Received packet: ===== 
 time:
=== UDPpacket ===
id: 0
sz: 3, curr: 3
read_flag: 0b111
T_sample: 500 ms
  data[0]:
    type: 0
    len: 3, curr: 3
    dataPoints: [-8.10, -6.80, -6.90]
  data[1]:
    type: Failed to delay task
1
    len: 3, curr: 3
    dataPoints: [3.31, 3.28, 3.28]
  data[2]:
    type: 2
    len: 3, curr: 3
    dataPoints: [26.00, 22.00, 22.00]
[ 16054][E][WiFiClient.cpp:249] connect(): connect on fd 48, errno: 118, "Host is unreachable"
===== Received packet: ===== 
 time:
=== UDPpacket ===
id: 0
sz: 3, curr: 3
read_flag: 0b111
T_sample: 500 ms
  data[0]:
    type: 0
    len: 3, curr: 3
    dataPoints: [-0.10, -0.10, 0.10]
  data[1]:
    type: 1
    len: 3, curr: 3
    dataPoints: [5.04, 5.05, 5.05]
  data[2]:
    type: 2
    len: 3, curr: 3
    dataPoints: [0.00, 0.00, 0.00]
Failed to delay task
[ 16069][E][WiFiClient.cpp:249] connect(): connect on fd 48, errno: 118, "Host is unreachable"
Failed to delay task
Failed to delay task
Failed to delay task
Failed to delay task
===== Received packet: ===== 
 time:
=== UDPpacket ===
id: 0
sz: 3, curr: 3
read_flag: 0b111
T_sample: 500 ms
  data[0]:
    type: 0
    len: 3, curr: 3
    dataPoints: [-8.30, -6.90, -6.70]
  data[1]:
    type: 1
    len: 3, curr: 3
    dataPoints: [3.28, 3.26, 3.26]
  data[2]:
    type: 2
    len: 3, curr: 3
    dataPoints: [22.00, 22.00, 22.00]
Failed to delay task[ 16142][E][WiFiClient.cpp:249] connect(): connect on fd 48, errno: 118, "Host is unreachable"

===== Received packet: ===== 
 time:
=== UDPpacket ===
id: 1
sz: 3, curr: 3
read_flag: 0b111
T_sample: 500 ms
  data[0]:
    type: 0
    len: 3, curr: 3
    dataPoints: [0.10, -0.10, -0.30]
  data[1Failed to delay task
]:
    type: 1
    len: 3, curr: 3
    dataPoints: [5.05, 5.06, 5.06]
  data[2]:
    type: 2
    len: 3, curr: 3
    dataPoints: [0.00, 0.00, 0.00]
[ 16156][E][WiFiClient.cpp:249] connect(): connect on fd 48, errno: 118, "Host is unreachable"
Failed to delay task
FaFailed to delay task
Failed to delay task
===== Received packet: ===== 
 time:
=== UDPpacket ===
id: 0
sz: 3, curr: 3
read_flag: 0b111
T_sample: 500 ms
  data[0]:
    type: 0
    len: 3, curr: 3
    dataPoints: [-8.10, -6.90, -6.90]
  data[1]:
    type: 1Failed to

    len: 3, curr: 3
    dataPoints: [3.26, 3.26, 3.25]
  data[2]:
    type: 2
    len: 3, curr: 3
    dataPoints: [26.00, 22.00, 22.00]
[ 16229][E][WiFiClient.cpp:249] connect(): connect on fd 48, errno: 118, "Host is unreachable"
===== Received packet: ===== 
 time:
=== UDPpacket ===
id: 1
sz: 3, curr: 3
read_flag: 0b111
T_sample: 500 ms
  data[0]:
    type: 0
    len: 3, curr: 3
    dataPoints: [-0.10, -0.20, -0.20]
  data[Failed to delay task
1]:
    type: 1
    len: 3, curr: 3
    dataPoints: [5.04, 5.05, 5.04]
  data[2]:
    type: 2
    len: 3, curr: 3
    dataPoints: [0.00, 0.00, 0.00]
[ 16244][E][WiFiClient.cpp:249] connect(): connect on fd 48, errno: 118, "Host is unreachable"
Failed to delay task
Failed to delay task
Failed to delay task
Failed to delay task
===== Received packet: ===== 
 time:
=== UDPpacket ===
id: 0
sz: 3, curr: 3
read_flag: 0b111
T_sample: 500 ms
  data[0]:
    type: 0
    len: 3, curr: 3
    dataPoints: [-8.10, -6.80, -7.00]
  data[1]:
    type: 1
    len: 3, curr: 3
    dataPoints: [3.25, 3.26, 3.26]
  data[2]:
    type: 2
    len: 3, curr: 3
    dataPoints: [26.00, 22.00, 26.00]
Failed to delay task
[ 16315][E][WiFiClient.cpp:249] connect(): connect on fd 48, errno: 118, "Host is unreachable"
===== Received packet: ===== 
 time:
=== UDPpacket ===
id: 1
sz: 3, curr: 3
read_flag: 0b111
T_sample: 500 ms
  data[0]:
    type: 0
    len: 3, curr: 3
    dataPoints: [0.00, 0.00, 0.00]
  data[1]:
    type: 1
    len: 3, curr: 3
    dataPoints: [5.04, 5.05, 5.06]
  data[2]:
    type: 2
    len: 3, curr: 3
    dataPoints: [0.00, 0.00, 0.00]
[ 16327][E][WiFiClient.cpp:249] connect(): connect on fd 48, errno: 118, "Host is unreachable"
Failed to delay task
Failed to delay 
Failed to delay task
Failed to delay task
Failed to delay task
===== Received packet: ===== 
 time:
=== UDPpacket ===
id: 0
sz: 3, curr: 3
read_flag: 0b111
T_sample: 500 ms
  data[0]:
    type: 0
    len: 3, curr: 3
    dataPoints: [-8.00, -6.90, -7.10]
  data[1]:
    type: 1
    len: 3, curr: 3
    dataPoints: [3.31, 3.32, 3.31]
  data[2]:
    type: 2
    len: 3, curr: 3
    dataPoints: [26.00, 22.00, 22.00]
Failed to delay task
[ 16401][E][WiFiClient.cpp:249] connect(): connect on fd 48, errno: 118, "Host is unreachable"
===== Received packet: ===== 
 time:
=== UDPpacket ===
id: 1
sz: 3, curr: 3
read_flag: 0b111
T_sample: 500 ms
  data[0]:
    type: 0
    len: 3, curr: 3
    dataPoints: [0.00, 0.00, Failed to delay task0.00]
  data[1]:
    type: 1
    len: 3, curr: 3
    dataPoints: [5.03, 5.05, 5.04]
  data[2]:
    type: 2
    len: 3, curr: 3
    dataPoints: [0.00, 0.00, 0.00]

[ 16415][E][WiFiClient.cpp:249] connect(): connect on fd 48, errno: 118, "Host is unreachable"
Failed to delay task
Failed to delay task
Failed to delay task
Failed to delay task
===== Received packet: ===== 
 time:
=== UDPpacket ===
id: 0
sz: 3, curr: 3
read_flag: 0b111
T_sample: 500 ms
  data[0]:
    type: 0
    len: 3, curr: 3
    dataPoints: [-8.20, -6.80, -7.10]
  data[1]:
Failed to delay task
    type: 1
    len: 3, curr: 3
    dataPoints: [3.32, 3.31, 3.32]
  data[2]:
    type: 2
    len: 3, curr: 3
    dataPoints: [26.00, 22.00, 22.00]
[ 16487][E][WiFiClient.cpp:249] connect(): connect on fd 48, errno: 118, "Host is unreachable"
===== Received packet: ===== 
 time:
=== UDPpacket ===
id: 1
sz: 3, curr: 3
read_flag: 0b111
T_sample: 500 ms
  data[0]:
    type: 0
    len: 3, curr: 3
    dataPoints: [-0.20, -0.30, -0.10]
  data[1]:
    type: 1
    len: 3, curr: 3
    dataPoints: [5.06, 5.04, 5.04]
  data[2]:
    type: 2
    len: 3, curr: 3
    dataPoints: [0.00, 0.00, 0.00]
[ 16500][E][WiFiClient.cpp:249] connect(): connect on fd 48, errno: 118, "Host is unreachable"
Failed to delay task
Failed to delay task
Failed to delay task
Failed to delay task
===== Received packet: ===== 
 time:
=== UDPpacket ===
id: 1
sz: 3, curr: 3
read_flag: 0b111
T_sample: 500 ms
  data[0]:
    type: 0
    len: 3, curr: 3
    dataPoints: [0.00, 0.10, 0.10]
  data[1]:
    type:     len: 3, curr: 3
    dataPoints: [5.05, 5.03, 5.06]
  data[2]:
    type: 2
    len: 3, curr: 3
    dataPoints: [0.00, 0.00, 0.00]
[ 16573][E][WiFiClient.cpp:249] connect(): connect on fd 48, errno: 118, "Host is unreachable"
===== Received packet: ===== 
 time:
=== UDPpacket ===
id: 0
sz: 3, curr: 3
read_flag: 0b111
T_sample: 500 ms
  data[0]:
    type: 0
    len: 3, curr: 3
    dataPoints: [-8.20, -7.30, -8.40]Failed to delay task

  data[1]:
    type: 1
    len: 3, curr: 3
    dataPoints: [3.31, 3.32, 3.31]
  data[2]:
    type: 2
    len: 3, curr: 3
    dataPoints: [22.00, 22.00, 26.00]
[ 16587][E][WiFiClient.cpp:249] connect(): connect on fd 48, errno: 118, "Host is unreachable"
Failed to delay task
Failed to delay task
F===== Received packet: ===== 
 time:
=== UDPpacket ===
id: 1
sz: 3, curr: 3
read_flag: 0b111
T_sample: 500 ms
  data[0]:
    type: 0
    len: 3, curr: 3
    dataPoints: [0.10, -0.10, -0.10]
  data[1]:
    type: 1
    len: 3, curr: 3
    dataPoints: [5.03, 5.05, 5.04]
  data[2]:
    type: 2
    len: 3, curr: 3
    dataPoints: [0.00, 0.00, 0.00]
Failed to delay task
[ 16656][E][WiFiClient.cpp:249] connect(): connect on fd 48, errno: 118, "Host is unreachable"
===== Received packet: ===== 
 time:
=== UDPpacket ===
id: 0
sz: 3, curr: 3
read_flag: 0b111
T_sample: 500 ms
  data[0]:
    type: 0
    len: 3, curr: 3
    dataPoints: [-6.50, -7.30, -7.90]
  data[Failed to delay task
1]:
    type: 1
    len: 3, curr: 3
    dataPoints: [3.32, 3.31, 3.32]
  data[2]:
    type: 2
    len: 3, curr: 3
    dataPoints: [22.00, 22.00, 26.00]
[ 16671][E][WiFiClient.cpp:249] connect(): connect on fd 48, errno: 118, "Host is unreachable"
Failed to delay task
Failed to delay task
Failed to delay task
Failed to delay task
===== Received packet: ===== 
 time:
=== UDPpacket ===
id: 1
sz: 3, curr: 3
read_flag: 0b111
T_sample: 500 ms
  data[0]:
    type: 0
    len: 3, curr: 3
    dataPoints: [0.00, -0.30, -0.10]
  data[1]:
    type: 1
    len: 3, curr: 3
    dataPoints: [5.04, 5.04, 5.04]
  data[2]:
    type: 2
    len: 3, curr: 3
    dataPoints: [0.00, 4.00, 0.00]
Failed to delay task
[ 16742][E][WiFiClient.cpp:249] connect(): connect on fd 48, errno: 118, "Host is unreachable"
===== Received packet: ===== 
 time:
=== UDPpacket ===
id: 0
sz: 3, curr: 3
read_flag: 0b111
T_sample: 500 ms
  data[0]:
    type: 0
    len: 3, curr: 3
    dataPoints: [-6.60, -7.40, -8.10]
  data[1]:
    type: 1
    len: 3, curr: 3
    dataPoints: [3.31, 3.31, 3.32]
  data[2]:
    type: 2
    len: 3, curr: 3
    dataPoints: [22.00, 22.00, 26.00]
Failed to delay task
[ 16755][E][WiFiClient.cpp:249] connect(): connect on fd 48, errno: 118, "Host is unreachable"
Failed to delay task
Failed to delay task
Failed to delay task
Failed to delay task
===== Received packet: ===== 
 time:
=== UDPpacket ===
id: 1
sz: 3, curr: 3
read_flag: 0b111
T_sample: 500 ms
  data[0]:
    type: 0
    len: 3, curr: 3
    dataPoints: [-0.20, -0.10, 0.10]
  data[1]:Failed to delay task

    type: 1
    len: 3, curr: 3
    dataPoints: [5.04, 5.04, 5.04]
  data[2]:
    type: 2
    len: 3, curr: 3
    dataPoints: [0.00, 0.00, 0.00]
[ 16830][E][WiFiClient.cpp:249] connect(): connect on fd 48, errno: 118, "Host is unreachable"
===== Received packet: ===== 
 time:
=== UDPpacket ===
id: 0
sz: 3, curr: 3
read_flag: 0b111
T_sample: 500 ms
  data[0]:
    type: 0
    len: 3, curr: 3
    dataPoints: [-7.40, -7.00, -7.80]
  data[1Failed to delay task
]:
    type: 1
    len: 3, curr: 3
    dataPoints: [3.32, 3.32, 3.31]
  data[2]:
    type: 2
    len: 3, curr: 3
    dataPoints: [22.00, 22.00, 26.00]
[ 16844][E][WiFiClient.cpp:249] connect(): connect on fd 48, errno: 118, "Host is unreachable"
===== Received packet: ===== 
 time:
=== UDPpacket ===
id: 1
sz: 3, curr: 3
read_flag: 0b111
T_sample: 500 ms
  data[0]:
    type: 0
    len: 3, curr: 3
    dataPoints: [0.00, 0.00, 0.10]
  data[1]:
    type: 1
    len: 3, curr: 3
    dataPoints: [5.06, 5.04, 5.03]
  data[2]:
    type: 2
    len: 3, curr: 3
    dataPoints: [0.00, 0.00, 0.00]
[ 17688][E][WiFiClient.cpp:249] connect(): connect on fd 48, errno: 118, "Host is unreachable"
===== Received packet: ===== 
 time:
=== UDPpacket ===
id: 0
sz: 3, curr: 3
read_flag: 0b111
T_sample: 500 ms
  data[0]:
    type: 0
    len: 3, curr: 3
    dataPoints: [-7.30, -7.40, -8.60]
  data[1]:
    type: 1
    len: 3, curr: 3
    dataPoints: [3.32, 3.31, 3.31]
  data[2]:
    type: 2
    len: 3, curr: 3
    dataPoints: [22.00, 22.00, 26.00]
[ 17700][E][WiFiClient.cpp:249] connect(): connect on fd 48, errno: 118, "Host is unreachable"
===== Received packet: ===== 
 time:
=== UDPpacket ===
id: 1
sz: 3, curr: 3
read_flag: 0b111
T_sample: 500 ms
  data[0]:
    type: 0
    len: 3, curr: 3
    dataPoints: [-0.20, 0.10, 0.00]
  data[1]:
    type: 1
    len: 3, curr: 3
    dataPoints: [5.04, 5.04, 5.05]
  data[2]:
    type: 2
    len: 3, curr: 3
    dataPoints: [0.00, 0.00, 0.00]
[ 19189][E][WiFiClient.cpp:249] connect(): connect on fd 48, errno: 118, "Host is unreachable"
===== Received packet: ===== 
 time:
=== UDPpacket ===
id: 0
sz: 3, curr: 3
read_flag: 0b111
T_sample: 500 ms
  data[0]:
    type: 0
    len: 3, curr: 3
    dataPoints: [-7.10, -7.00, -8.00]
  data[1]:
    type: 1
    len: 3, curr: 3
    dataPoints: [3.32, 3.31, 3.31]
  data[2]:
    type: 2
    len: 3, curr: 3
    dataPoints: [22.00, 22.00, 26.00]
[ 19200][E][WiFiClient.cpp:249] connect(): connect on fd 48, errno: 118, "Host is unreachable"
===== Received packet: ===== 
 time:
=== UDPpacket ===
id: 1
sz: 3, curr: 3
read_flag: 0b111
T_sample: 500 ms
  data[0]:
    type: 0
    len: 3, curr: 3
    dataPoints: [0.00, 0.10, 0.10]
  data[1]:
    type: 1
    len: 3, curr: 3
    dataPoints: [5.05, 5.05, 5.05]
  data[2]:
    type: 2
    len: 3, curr: 3
    dataPoints: [0.00, 0.00, 0.00]
[ 20688][E][WiFiClient.cpp:249] connect(): connect on fd 48, errno: 118, "Host is unreachable"
===== Received packet: ===== 
 time:
=== UDPpacket ===
id: 0
sz: 3, curr: 3
read_flag: 0b111
T_sample: 500 ms
  data[0]:
    type: 0
    len: 3, curr: 3
    dataPoints: [-7.40, -7.20, -8.20]
  data[1]:
    type: 1
    len: 3, curr: 3
    dataPoints: [3.31, 3.32, 3.32]
  data[2]:
    type: 2
    len: 3, curr: 3
    dataPoints: [22.00, 22.00, 26.00]
[ 20699][E][WiFiClient.cpp:249] connect(): connect on fd 48, errno: 118, "Host is unreachable"
===== Received packet: ===== 
 time:
=== UDPpacket ===
id: 1
sz: 3, curr: 3
read_flag: 0b111
T_sample: 500 ms
  data[0]:
    type: 0
    len: 3, curr: 3
    dataPoints: [-0.20, 0.00, 0.10]
  data[1]:
    type: 1
    len: 3, curr: 3
    dataPoints: [5.04, 5.04, 5.06]
  data[2]:
    type: 2
    len: 3, curr: 3
    dataPoints: [0.00, 0.00, 0.00]
[ 22188][E][WiFiClient.cpp:249] connect(): connect on fd 48, errno: 118, "Host is unreachable"
===== Received packet: ===== 
 time:
=== UDPpacket ===
id: 0
sz: 3, curr: 3
read_flag: 0b111
T_sample: 500 ms
  data[0]:
    type: 0
    len: 3, curr: 3
    dataPoints: [-7.10, -7.00, -8.20]
  data[1]:
    type: 1
    len: 3, curr: 3
    dataPoints: [3.33, 3.32, 3.33]
  data[2]:
    type: 2
    len: 3, curr: 3
    dataPoints: [22.00, 22.00, 26.00]
[ 22199][E][WiFiClient.cpp:249] connect(): connect on fd 48, errno: 118, "Host is unreachable"
===== Received packet: ===== 
 time:
=== UDPpacket ===
id: 1
sz: 3, curr: 3
read_flag: 0b111
T_sample: 500 ms
  data[0]:
    type: 0
    len: 3, curr: 3
    dataPoints: [0.10, -0.30, 0.20]
  data[1]:
    type: 1
    len: 3, curr: 3
    dataPoints: [5.04, 5.05, 5.06]
  data[2]:
    type: 2
    len: 3, curr: 3
    dataPoints: [0.00, 0.00, 0.00]
[ 23688][E][WiFiClient.cpp:249] connect(): connect on fd 48, errno: 118, "Host is unreachable"
===== Received packet: ===== 
 time:
=== UDPpacket ===
id: 0
sz: 3, curr: 3
read_flag: 0b111
T_sample: 500 ms
  data[0]:
    type: 0
    len: 3, curr: 3
    dataPoints: [-7.10, -7.10, -8.30]
  data[1]:
    type: 1
    len: 3, curr: 3
    dataPoints: [3.32, 3.33, 3.33]
  data[2]:
    type: 2
    len: 3, curr: 3
    dataPoints: [22.00, 22.00, 26.00]
[ 23699][E][WiFiClient.cpp:249] connect(): connect on fd 48, errno: 118, "Host is unreachable"
===== Received packet: ===== 
 time:
=== UDPpacket ===
id: 1
sz: 3, curr: 3
read_flag: 0b111
T_sample: 500 ms
  data[0]:
    type: 0
    len: 3, curr: 3
    dataPoints: [0.10, 0.00, 0.00]
  data[1]:
    type: 1
    len: 3, curr: 3
    dataPoints: [5.06, 5.06, 5.04]
  data[2]:
    type: 2
    len: 3, curr: 3
    dataPoints: [0.00, 0.00, 0.00]
[ 25188][E][WiFiClient.cpp:249] connect(): connect on fd 48, errno: 118, "Host is unreachable"
===== Received packet: ===== 
 time:
=== UDPpacket ===
id: 0
sz: 3, curr: 3
read_flag: 0b111
T_sample: 500 ms
  data[0]:
    type: 0
    len: 3, curr: 3
    dataPoints: [-7.20, -7.50, -8.20]
  data[1]:
    type: 1
    len: 3, curr: 3
    dataPoints: [3.32, 3.33, 3.32]
  data[2]:
    type: 2
    len: 3, curr: 3
    dataPoints: [22.00, 22.00, 26.00]
[ 25200][E][WiFiClient.cpp:249] connect(): connect on fd 48, errno: 118, "Host is unreachable"
===== Received packet: ===== 
 time:
=== UDPpacket ===
id: 1
sz: 3, curr: 3
read_flag: 0b111
T_sample: 500 ms
  data[0]:
    type: 0
    len: 3, curr: 3
    dataPoints: [-0.20, 0.00, -0.10]
  data[1]:
    type: 1
    len: 3, curr: 3
    dataPoints: [5.04, 5.04, 5.06]
  data[2]:
    type: 2
    len: 3, curr: 3
    dataPoints: [0.00, 0.00, 0.00]
[ 26688][E][WiFiClient.cpp:249] connect(): connect on fd 48, errno: 118, "Host is unreachable"
===== Received packet: ===== 
 time:
=== UDPpacket ===
id: 0
sz: 3, curr: 3
read_flag: 0b111
T_sample: 500 ms
  data[0]:
    type: 0
    len: 3, curr: 3
    dataPoints: [-7.10, -7.40, -8.30]
  data[1]:
    type: 1
    len: 3, curr: 3
    dataPoints: [3.33, 3.33, 3.33]
  data[2]:
    type: 2
    len: 3, curr: 3
    dataPoints: [22.00, 22.00, 26.00]
[ 26699][E][WiFiClient.cpp:249] connect(): connect on fd 48, errno: 118, "Host is unreachable"
===== Received packet: ===== 
 time:
=== UDPpacket ===
id: 1
sz: 3, curr: 3
read_flag: 0b111
T_sample: 500 ms
  data[0]:
    type: 0
    len: 3, curr: 3
    dataPoints: [0.00, -0.20, -0.10]
  data[1]:
    type: 1
    len: 3, curr: 3
    dataPoints: [5.04, 5.04, 5.04]
  data[2]:
    type: 2
    len: 3, curr: 3
    dataPoints: [0.00, 0.00, 0.00]
[ 28188][E][WiFiClient.cpp:249] connect(): connect on fd 48, errno: 118, "Host is unreachable"
===== Received packet: ===== 
 time:
=== UDPpacket ===
id: 0
sz: 3, curr: 3
read_flag: 0b111
T_sample: 500 ms
  data[0]:
    type: 0
    len: 3, curr: 3
    dataPoints: [-7.50, -7.20, -8.20]
  data[1]:
    type: 1
    len: 3, curr: 3
    dataPoints: [3.33, 3.33, 3.33]
  data[2]:
    type: 2
    len: 3, curr: 3
    dataPoints: [22.00, 22.00, 26.00]
[ 28199][E][WiFiClient.cpp:249] connect(): connect on fd 48, errno: 118, "Host is unreachable"
===== Received packet: ===== 
 time:
=== UDPpacket ===
id: 1
sz: 3, curr: 3
read_flag: 0b111
T_sample: 500 ms
  data[0]:
    type: 0
    len: 3, curr: 3
    dataPoints: [0.00, 0.00, 0.00]
  data[1]:
    type: 1
    len: 3, curr: 3
    dataPoints: [5.06, 5.04, 5.04]
  data[2]:
    type: 2
    len: 3, curr: 3
    dataPoints: [0.00, 0.00, 0.00]
[ 29688][E][WiFiClient.cpp:249] connect(): connect on fd 48, errno: 118, "Host is unreachable"
===== Received packet: ===== 
 time:
=== UDPpacket ===
id: 0
sz: 3, curr: 3
read_flag: 0b111
T_sample: 500 ms
  data[0]:
    type: 0
    len: 3, curr: 3
    dataPoints: [-7.40, -7.30, -8.10]
  data[1]:
    type: 1
    len: 3, curr: 3
    dataPoints: [3.32, 3.33, 3.33]
  data[2]:
    type: 2
    len: 3, curr: 3
    dataPoints: [22.00, 26.00, 26.00]
[ 29699][E][WiFiClient.cpp:249] connect(): connect on fd 48, errno: 118, "Host is unreachable"
===== Received packet: ===== 
 time:
=== UDPpacket ===
id: 1
sz: 3, curr: 3
read_flag: 0b111
T_sample: 500 ms
  data[0]:
    type: 0
    len: 3, curr: 3
    dataPoints: [0.00, 0.00, -0.10]
  data[1]:
    type: 1
    len: 3, curr: 3
    dataPoints: [5.05, 5.04, 5.05]
  data[2]:
    type: 2
    len: 3, curr: 3
    dataPoints: [0.00, 0.00, 0.00]
[ 31188][E][WiFiClient.cpp:249] connect(): connect on fd 48, errno: 118, "Host is unreachable"
===== Received packet: ===== 
 time:
=== UDPpacket ===
id: 0
sz: 3, curr: 3
read_flag: 0b111
T_sample: 500 ms
  data[0]:
    type: 0
    len: 3, curr: 3
    dataPoints: [-7.20, -7.50, -8.30]
  data[1]:
    type: 1
    len: 3, curr: 3
    dataPoints: [3.33, 3.32, 3.33]
  data[2]:
    type: 2
    len: 3, curr: 3
    dataPoints: [22.00, 22.00, 26.00]
[ 31199][E][WiFiClient.cpp:249] connect(): connect on fd 48, errno: 118, "Host is unreachable"
===== Received packet: ===== 
 time:
=== UDPpacket ===
id: 1
sz: 3, curr: 3
read_flag: 0b111
T_sample: 500 ms
  data[0]:
    type: 0
    len: 3, curr: 3
    dataPoints: [0.10, -0.30, -0.10]
  data[1]:
    type: 1
    len: 3, curr: 3
    dataPoints: [5.03, 5.05, 5.03]
  data[2]:
    type: 2
    len: 3, curr: 3
    dataPoints: [0.00, 0.00, 0.00]
[ 32687][E][WiFiClient.cpp:249] connect(): connect on fd 48, errno: 118, "Host is unreachable"
===== Received packet: ===== 
 time:
=== UDPpacket ===
id: 0
sz: 3, curr: 3
read_flag: 0b111
T_sample: 500 ms
  data[0]:
    type: 0
    len: 3, curr: 3
    dataPoints: [-7.10, -7.30, -8.50]
  data[1]:
    type: 1
    len: 3, curr: 3
    dataPoints: [3.33, 3.33, 3.33]
  data[2]:
    type: 2
    len: 3, curr: 3
    dataPoints: [22.00, 22.00, 26.00]
[ 32698][E][WiFiClient.cpp:249] connect(): connect on fd 48, errno: 118, "Host is unreachable"
===== Received packet: ===== 
 time:
=== UDPpacket ===
id: 1
sz: 3, curr: 3
read_flag: 0b111
T_sample: 500 ms
  data[0]:
    type: 0
    len: 3, curr: 3
    dataPoints: [0.10, 0.00, -0.10]
  data[1]:
    type: 1
    len: 3, curr: 3
    dataPoints: [5.06, 5.04, 5.04]
  data[2]:
    type: 2
    len: 3, curr: 3
    dataPoints: [0.00, 0.00, 0.00]
[ 34188][E][WiFiClient.cpp:249] connect(): connect on fd 48, errno: 118, "Host is unreachable"
===== Received packet: ===== 
 time:
=== UDPpacket ===
id: 0
sz: 3, curr: 3
read_flag: 0b111
T_sample: 500 ms
  data[0]:
    type: 0
    len: 3, curr: 3
    dataPoints: [-7.60, -7.50, -8.40]
  data[1]:
    type: 1
    len: 3, curr: 3
    dataPoints: [3.33, 3.33, 3.33]
  data[2]:
    type: 2
    len: 3, curr: 3
    dataPoints: [26.00, 22.00, 26.00]
[ 34200][E][WiFiClient.cpp:249] connect(): connect on fd 48, errno: 118, "Host is unreachable"
===== Received packet: ===== 
 time:
=== UDPpacket ===
id: 1
sz: 3, curr: 3
read_flag: 0b111
T_sample: 500 ms
  data[0]:
    type: 0
    len: 3, curr: 3
    dataPoints: [-0.10, 0.10, 0.00]
  data[1]:
    type: 1
    len: 3, curr: 3
    dataPoints: [5.04, 5.05, 5.04]
  data[2]:
    type: 2
    len: 3, curr: 3
    dataPoints: [0.00, 0.00, 0.00]
[ 35688][E][WiFiClient.cpp:249] connect(): connect on fd 48, errno: 118, "Host is unreachable"
===== Received packet: ===== 
 time:
=== UDPpacket ===
id: 0
sz: 3, curr: 3
read_flag: 0b111
T_sample: 500 ms
  data[0]:
    type: 0
    len: 3, curr: 3
    dataPoints: [-7.40, -7.50, -8.40]
  data[1]:
    type: 1
    len: 3, curr: 3
    dataPoints: [3.32, 3.32, 3.33]
  data[2]:
    type: 2
    len: 3, curr: 3
    dataPoints: [22.00, 26.00, 26.00]
[ 35699][E][WiFiClient.cpp:249] connect(): connect on fd 48, errno: 118, "Host is unreachable"
===== Received packet: ===== 
 time:
=== UDPpacket ===
id: 1
sz: 3, curr: 3
read_flag: 0b111
T_sample: 500 ms
  data[0]:
    type: 0
    len: 3, curr: 3
    dataPoints: [0.20, 0.10, 0.00]
  data[1]:
    type: 1
    len: 3, curr: 3
    dataPoints: [5.06, 5.05, 5.04]
  data[2]:
    type: 2
    len: 3, curr: 3
    dataPoints: [0.00, 0.00, 0.00]
[ 37188][E][WiFiClient.cpp:249] connect(): connect on fd 48, errno: 118, "Host is unreachable"
===== Received packet: ===== 
 time:
=== UDPpacket ===
id: 0
sz: 3, curr: 3
read_flag: 0b111
T_sample: 500 ms
  data[0]:
    type: 0
    len: 3, curr: 3
    dataPoints: [-7.90, -7.60, -8.80]
  data[1]:
    type: 1
    len: 3, curr: 3
    dataPoints: [3.33, 3.33, 3.33]
  data[2]:
    type: 2
    len: 3, curr: 3
    dataPoints: [26.00, 22.00, 26.00]
[ 37199][E][WiFiClient.cpp:249] connect(): connect on fd 48, errno: 118, "Host is unreachable"
===== Received packet: ===== 
 time:
=== UDPpacket ===
id: 1
sz: 3, curr: 3
read_flag: 0b111
T_sample: 500 ms
  data[0]:
    type: 0
    len: 3, curr: 3
    dataPoints: [-0.10, -0.10, -0.10]
  data[1]:
    type: 1
    len: 3, curr: 3
    dataPoints: [5.05, 5.06, 5.06]
  data[2]:
    type: 2
    len: 3, curr: 3
    dataPoints: [0.00, 0.00, 0.00]
[ 38688][E][WiFiClient.cpp:249] connect(): connect on fd 48, errno: 118, "Host is unreachable"
===== Received packet: ===== 
 time:
=== UDPpacket ===
id: 0
sz: 3, curr: 3
read_flag: 0b111
T_sample: 500 ms
  data[0]:
    type: 0
    len: 3, curr: 3
    dataPoints: [-7.60, -7.50, -8.60]
  data[1]:
    type: 1
    len: 3, curr: 3
    dataPoints: [3.33, 3.33, 3.33]
  data[2]:
    type: 2
    len: 3, curr: 3
    dataPoints: [26.00, 22.00, 26.00]
[ 38699][E][WiFiClient.cpp:249] connect(): connect on fd 48, errno: 118, "Host is unreachable"
===== Received packet: ===== 
 time:
=== UDPpacket ===
id: 1
sz: 3, curr: 3
read_flag: 0b111
T_sample: 500 ms
  data[0]:
    type: 0
    len: 3, curr: 3
    dataPoints: [-0.10, 0.00, -0.10]
  data[1]:
    type: 1
    len: 3, curr: 3
    dataPoints: [5.05, 5.04, 5.04]
  data[2]:
    type: 2
    len: 3, curr: 3
    dataPoints: [0.00, 0.00, 0.00]
[ 40188][E][WiFiClient.cpp:249] connect(): connect on fd 48, errno: 118, "Host is unreachable"
===== Received packet: ===== 
 time:
=== UDPpacket ===
id: 0
sz: 3, curr: 3
read_flag: 0b111
T_sample: 500 ms
  data[0]:
    type: 0
    len: 3, curr: 3
    dataPoints: [-7.60, -7.70, -8.50]
  data[1]:
    type: 1
    len: 3, curr: 3
    dataPoints: [3.33, 3.33, 3.33]
  data[2]:
    type: 2
    len: 3, curr: 3
    dataPoints: [26.00, 26.00, 26.00]
[ 40199][E][WiFiClient.cpp:249] connect(): connect on fd 48, errno: 118, "Host is unreachable"
===== Received packet: ===== 
 time:
=== UDPpacket ===
id: 1
sz: 3, curr: 3
read_flag: 0b111
T_sample: 500 ms
  data[0]:
    type: 0
    len: 3, curr: 3
    dataPoints: [0.00, -0.20, -0.30]
  data[1]:
    type: 1
    len: 3, curr: 3
    dataPoints: [5.04, 5.05, 5.05]
  data[2]:
    type: 2
    len: 3, curr: 3
    dataPoints: [0.00, 0.00, 0.00]
[ 41688][E][WiFiClient.cpp:249] connect(): connect on fd 48, errno: 118, "Host is unreachable"
===== Received packet: ===== 
 time:
=== UDPpacket ===
id: 0
sz: 3, curr: 3
read_flag: 0b111
T_sample: 500 ms
  data[0]:
    type: 0
    len: 3, curr: 3
    dataPoints: [-7.30, -7.50, -8.40]
  data[1]:
    type: 1
    len: 3, curr: 3
    dataPoints: [3.33, 3.32, 3.33]
  data[2]:
    type: 2
    len: 3, curr: 3
    dataPoints: [26.00, 26.00, 26.00]
[ 41699][E][WiFiClient.cpp:249] connect(): connect on fd 48, errno: 118, "Host is unreachable"
===== Received packet: ===== 
 time:
=== UDPpacket ===
id: 1
sz: 3, curr: 3
read_flag: 0b111
T_sample: 500 ms
  data[0]:
    type: 0
    len: 3, curr: 3
    dataPoints: [0.30, -0.10, -0.10]
  data[1]:
    type: 1
    len: 3, curr: 3
    dataPoints: [5.06, 5.05, 5.04]
  data[2]:
    type: 2
    len: 3, curr: 3
    dataPoints: [0.00, 0.00, 0.00]
[ 43188][E][WiFiClient.cpp:249] connect(): connect on fd 48, errno: 118, "Host is unreachable"
===== Received packet: ===== 
 time:
=== UDPpacket ===
id: 0
sz: 3, curr: 3
read_flag: 0b111
T_sample: 500 ms
  data[0]:
    type: 0
    len: 3, curr: 3
    dataPoints: [-7.30, -7.80, -8.80]
  data[1]:
    type: 1
    len: 3, curr: 3
    dataPoints: [3.33, 3.33, 3.33]
  data[2]:
    type: 2
    len: 3, curr: 3
    dataPoints: [26.00, 22.00, 26.00]
[ 43199][E][WiFiClient.cpp:249] connect(): connect on fd 48, errno: 118, "Host is unreachable"
===== Received packet: ===== 
 time:
=== UDPpacket ===
id: 1
sz: 3, curr: 3
read_flag: 0b111
T_sample: 500 ms
  data[0]:
    type: 0
    len: 3, curr: 3
    dataPoints: [0.10, 0.10, 0.20]
  data[1]:
    type: 1
    len: 3, curr: 3
    dataPoints: [5.05, 5.04, 5.03]
  data[2]:
    type: 2
    len: 3, curr: 3
    dataPoints: [0.00, 0.00, 0.00]
[ 44688][E][WiFiClient.cpp:249] connect(): connect on fd 48, errno: 118, "Host is unreachable"
===== Received packet: ===== 
 time:
=== UDPpacket ===
id: 0
sz: 3, curr: 3
read_flag: 0b111
T_sample: 500 ms
  data[0]:
    type: 0
    len: 3, curr: 3
    dataPoints: [-7.80, -7.30, -8.50]
  data[1]:
    type: 1
    len: 3, curr: 3
    dataPoints: [3.33, 3.33, 3.33]
  data[2]:
    type: 2
    len: 3, curr: 3
    dataPoints: [26.00, 26.00, 30.00]
[ 44699][E][WiFiClient.cpp:249] connect(): connect on fd 48, errno: 118, "Host is unreachable"
===== Received packet: ===== 
 time:
=== UDPpacket ===
id: 1
sz: 3, curr: 3
read_flag: 0b111
T_sample: 500 ms
  data[0]:
    type: 0
    len: 3, curr: 3
    dataPoints: [0.00, -0.20, 0.10]
  data[1]:
    type: 1
    len: 3, curr: 3
    dataPoints: [5.06, 5.06, 5.06]
  data[2]:
    type: 2
    len: 3, curr: 3
    dataPoints: [0.00, 0.00, 0.00]
[ 46188][E][WiFiClient.cpp:249] connect(): connect on fd 48, errno: 118, "Host is unreachable"
===== Received packet: ===== 
 time:
=== UDPpacket ===
id: 0
sz: 3, curr: 3
read_flag: 0b111
T_sample: 500 ms
  data[0]:
    type: 0
    len: 3, curr: 3
    dataPoints: [-7.20, -7.30, -8.60]
  data[1]:
    type: 1
    len: 3, curr: 3
    dataPoints: [3.32, 3.33, 3.32]
  data[2]:
    type: 2
    len: 3, curr: 3
    dataPoints: [26.00, 26.00, 26.00]
[ 46199][E][WiFiClient.cpp:249] connect(): connect on fd 48, errno: 118, "Host is unreachable"
===== Received packet: ===== 
 time:
=== UDPpacket ===
id: 1
sz: 3, curr: 3
read_flag: 0b111
T_sample: 500 ms
  data[0]:
    type: 0
    len: 3, curr: 3
    dataPoints: [-0.10, 0.00, -0.10]
  data[1]:
    type: 1
    len: 3, curr: 3
    dataPoints: [5.05, 5.04, 5.04]
  data[2]:
    type: 2
    len: 3, curr: 3
    dataPoints: [0.00, 0.00, 0.00]
[ 47688][E][WiFiClient.cpp:249] connect(): connect on fd 48, errno: 118, "Host is unreachable"
===== Received packet: ===== 
 time:
=== UDPpacket ===
id: 0
sz: 3, curr: 3
read_flag: 0b111
T_sample: 500 ms
  data[0]:
    type: 0
    len: 3, curr: 3
    dataPoints: [-7.50, -7.60, -8.50]
  data[1]:
    type: 1
    len: 3, curr: 3
    dataPoints: [3.32, 3.32, 3.33]
  data[2]:
    type: 2
    len: 3, curr: 3
    dataPoints: [22.00, 26.00, 30.00]
[ 47700][E][WiFiClient.cpp:249] connect(): connect on fd 48, errno: 118, "Host is unreachable"
===== Received packet: ===== 
 time:
=== UDPpacket ===
id: 1
sz: 3, curr: 3
read_flag: 0b111
T_sample: 500 ms
  data[0]:
    type: 0
    len: 3, curr: 3
    dataPoints: [0.00, 0.00, 0.10]
  data[1]:
    type: 1
    len: 3, curr: 3
    dataPoints: [5.04, 5.04, 5.05]
  data[2]:
    type: 2
    len: 3, curr: 3
    dataPoints: [0.00, 0.00, 0.00]
[ 49187][E][WiFiClient.cpp:249] connect(): connect on fd 48, errno: 118, "Host is unreachable"
===== Received packet: ===== 
 time:
=== UDPpacket ===
id: 0
sz: 3, curr: 3
read_flag: 0b111
T_sample: 500 ms
  data[0]:
    type: 0
    len: 3, curr: 3
    dataPoints: [-7.80, -7.90, -8.60]
  data[1]:
    type: 1
    len: 3, curr: 3
    dataPoints: [3.33, 3.33, 3.33]
  data[2]:
    type: 2
    len: 3, curr: 3
    dataPoints: [26.00, 26.00, 30.00]
[ 49198][E][WiFiClient.cpp:249] connect(): connect on fd 48, errno: 118, "Host is unreachable"
===== Received packet: ===== 
 time:
=== UDPpacket ===
id: 1
sz: 3, curr: 3
read_flag: 0b111
T_sample: 500 ms
  data[0]:
    type: 0
    len: 3, curr: 3
    dataPoints: [-0.10, 0.10, 0.10]
  data[1]:
    type: 1
    len: 3, curr: 3
    dataPoints: [5.05, 5.04, 5.04]
  data[2]:
    type: 2
    len: 3, curr: 3
    dataPoints: [0.00, 0.00, 0.00]
[ 50688][E][WiFiClient.cpp:249] connect(): connect on fd 48, errno: 118, "Host is unreachable"
===== Received packet: ===== 
 time:
=== UDPpacket ===
id: 0
sz: 3, curr: 3
read_flag: 0b111
T_sample: 500 ms
  data[0]:
    type: 0
    len: 3, curr: 3
    dataPoints: [-7.60, -8.10, -8.50]
  data[1]:
    type: 1
    len: 3, curr: 3
    dataPoints: [3.33, 3.33, 3.33]
  data[2]:
    type: 2
    len: 3, curr: 3
    dataPoints: [26.00, 26.00, 26.00]
[ 50699][E][WiFiClient.cpp:249] connect(): connect on fd 48, errno: 118, "Host is unreachable"
===== Received packet: ===== 
 time:
=== UDPpacket ===
id: 1
sz: 3, curr: 3
read_flag: 0b111
T_sample: 500 ms
  data[0]:
    type: 0
    len: 3, curr: 3
    dataPoints: [-0.10, 0.00, -0.10]
  data[1]:
    type: 1
    len: 3, curr: 3
    dataPoints: [5.06, 5.04, 5.05]
  data[2]:
    type: 2
    len: 3, curr: 3
    dataPoints: [0.00, 0.00, 0.00]
[ 52188][E][WiFiClient.cpp:249] connect(): connect on fd 48, errno: 118, "Host is unreachable"
===== Received packet: ===== 
 time:
=== UDPpacket ===
id: 0
sz: 3, curr: 3
read_flag: 0b111
T_sample: 500 ms
  data[0]:
    type: 0
    len: 3, curr: 3
    dataPoints: [-7.90, -8.10, -8.40]
  data[1]:
    type: 1
    len: 3, curr: 3
    dataPoints: [3.33, 3.33, 3.33]
  data[2]:
    type: 2
    len: 3, curr: 3
    dataPoints: [26.00, 26.00, 26.00]
[ 52199][E][WiFiClient.cpp:249] connect(): connect on fd 48, errno: 118, "Host is unreachable"
===== Received packet: ===== 
 time:
=== UDPpacket ===
id: 1
sz: 3, curr: 3
read_flag: 0b111
T_sample: 500 ms
  data[0]:
    type: 0
    len: 3, curr: 3
    dataPoints: [0.10, 0.00, 0.20]
  data[1]:
    type: 1
    len: 3, curr: 3
    dataPoints: [5.06, 5.04, 5.06]
  data[2]:
    type: 2
    len: 3, curr: 3
    dataPoints: [0.00, 0.00, 0.00]
[ 53688][E][WiFiClient.cpp:249] connect(): connect on fd 48, errno: 118, "Host is unreachable"
===== Received packet: ===== 
 time:
=== UDPpacket ===
id: 0
sz: 3, curr: 3
read_flag: 0b111
T_sample: 500 ms
  data[0]:
    type: 0
    len: 3, curr: 3
    dataPoints: [-7.80, -7.60, -8.80]
  data[1]:
    type: 1
    len: 3, curr: 3
    dataPoints: [3.33, 3.33, 3.33]
  data[2]:
    type: 2
    len: 3, curr: 3
    dataPoints: [26.00, 26.00, 26.00]
[ 53699][E][WiFiClient.cpp:249] connect(): connect on fd 48, errno: 118, "Host is unreachable"
===== Received packet: ===== 
 time:
=== UDPpacket ===
id: 1
sz: 3, curr: 3
read_flag: 0b111
T_sample: 500 ms
  data[0]:
    type: 0
    len: 3, curr: 3
    dataPoints: [-0.10, 0.10, 0.00]
  data[1]:
    type: 1
    len: 3, curr: 3
    dataPoints: [5.05, 5.06, 5.03]
  data[2]:
    type: 2
    len: 3, curr: 3
    dataPoints: [0.00, 0.00, 0.00]
[ 55188][E][WiFiClient.cpp:249] connect(): connect on fd 48, errno: 118, "Host is unreachable"
===== Received packet: ===== 
 time:
=== UDPpacket ===
id: 0
sz: 3, curr: 3
read_flag: 0b111
T_sample: 500 ms
  data[0]:
    type: 0
    len: 3, curr: 3
    dataPoints: [-7.80, -7.60, -8.90]
  data[1]:
    type: 1
    len: 3, curr: 3
    dataPoints: [3.33, 3.33, 3.33]
  data[2]:
    type: 2
    len: 3, curr: 3
    dataPoints: [26.00, 26.00, 30.00]
[ 55200][E][WiFiClient.cpp:249] connect(): connect on fd 48, errno: 118, "Host is unreachable"
===== Received packet: ===== 
 time:
=== UDPpacket ===
id: 1
sz: 3, curr: 3
read_flag: 0b111
T_sample: 500 ms
  data[0]:
    type: 0
    len: 3, curr: 3
    dataPoints: [0.20, 0.10, -0.10]
  data[1]:
    type: 1
    len: 3, curr: 3
    dataPoints: [5.04, 5.05, 5.06]
  data[2]:
    type: 2
    len: 3, curr: 3
    dataPoints: [0.00, 0.00, 0.00]
[ 56688][E][WiFiClient.cpp:249] connect(): connect on fd 48, errno: 118, "Host is unreachable"
===== Received packet: ===== 
 time:
=== UDPpacket ===
id: 0
sz: 3, curr: 3
read_flag: 0b111
T_sample: 500 ms
  data[0]:
    type: 0
    len: 3, curr: 3
    dataPoints: [-7.90, -7.90, -8.90]
  data[1]:
    type: 1
    len: 3, curr: 3
    dataPoints: [3.33, 3.33, 3.33]
  data[2]:
    type: 2
    len: 3, curr: 3
    dataPoints: [26.00, 26.00, 26.00]
[ 56699][E][WiFiClient.cpp:249] connect(): connect on fd 48, errno: 118, "Host is unreachable"
===== Received packet: ===== 
 time:
=== UDPpacket ===
id: 1
sz: 3, curr: 3
read_flag: 0b111
T_sample: 500 ms
  data[0]:
    type: 0
    len: 3, curr: 3
    dataPoints: [0.20, 0.10, 0.10]
  data[1]:
    type: 1
    len: 3, curr: 3
    dataPoints: [5.04, 5.05, 5.04]
  data[2]:
    type: 2
    len: 3, curr: 3
    dataPoints: [0.00, 4.00, 0.00]
[ 58188][E][WiFiClient.cpp:249] connect(): connect on fd 48, errno: 118, "Host is unreachable"
===== Received packet: ===== 
 time:
=== UDPpacket ===
id: 0
sz: 3, curr: 3
read_flag: 0b111
T_sample: 500 ms
  data[0]:
    type: 0
    len: 3, curr: 3
    dataPoints: [-7.70, -7.80, -8.80]
  data[1]:
    type: 1
    len: 3, curr: 3
    dataPoints: [3.33, 3.33, 3.33]
  data[2]:
    type: 2
    len: 3, curr: 3
    dataPoints: [26.00, 26.00, 30.00]
[ 58199][E][WiFiClient.cpp:249] connect(): connect on fd 48, errno: 118, "Host is unreachable"
===== Received packet: ===== 
 time:
=== UDPpacket ===
id: 1
sz: 3, curr: 3
read_flag: 0b111
T_sample: 500 ms
  data[0]:
    type: 0
    len: 3, curr: 3
    dataPoints: [0.10, -0.10, 0.00]
  data[1]:
    type: 1
    len: 3, curr: 3
    dataPoints: [5.06, 5.04, 5.05]
  data[2]:
    type: 2
    len: 3, curr: 3
    dataPoints: [0.00, 0.00, 0.00]
[ 59688][E][WiFiClient.cpp:249] connect(): connect on fd 48, errno: 118, "Host is unreachable"
===== Received packet: ===== 
 time:
=== UDPpacket ===
id: 0
sz: 3, curr: 3
read_flag: 0b111
T_sample: 500 ms
  data[0]:
    type: 0
    len: 3, curr: 3
    dataPoints: [-7.70, -7.70, -8.50]
  data[1]:
    type: 1
    len: 3, curr: 3
    dataPoints: [3.33, 3.33, 3.33]
  data[2]:
    type: 2
    len: 3, curr: 3
    dataPoints: [26.00, 26.00, 26.00]
[ 59699][E][WiFiClient.cpp:249] connect(): connect on fd 48, errno: 118, "Host is unreachable"
===== Received packet: ===== 
 time:
=== UDPpacket ===
id: 1
sz: 3, curr: 3
read_flag: 0b111
T_sample: 500 ms
  data[0]:
    type: 0
    len: 3, curr: 3
    dataPoints: [0.10, 0.00, -0.10]
  data[1]:
    type: 1
    len: 3, curr: 3
    dataPoints: [5.06, 5.05, 5.05]
  data[2]:
    type: 2
    len: 3, curr: 3
    dataPoints: [0.00, 0.00, 4.00]
[ 61188][E][WiFiClient.cpp:249] connect(): connect on fd 48, errno: 118, "Host is unreachable"
===== Received packet: ===== 
 time:
=== UDPpacket ===
id: 0
sz: 3, curr: 3
read_flag: 0b111
T_sample: 500 ms
  data[0]:
    type: 0
    len: 3, curr: 3
    dataPoints: [-7.30, -7.60, -8.70]
  data[1]:
    type: 1
    len: 3, curr: 3
    dataPoints: [3.33, 3.33, 3.33]
  data[2]:
    type: 2
    len: 3, curr: 3
    dataPoints: [26.00, 26.00, 26.00]
[ 61200][E][WiFiClient.cpp:249] connect(): connect on fd 48, errno: 118, "Host is unreachable"
===== Received packet: ===== 
 time:
=== UDPpacket ===
id: 1
sz: 3, curr: 3
read_flag: 0b111
T_sample: 500 ms
  data[0]:
    type: 0
    len: 3, curr: 3
    dataPoints: [0.20, 0.10, 0.30]
  data[1]:
    type: 1
    len: 3, curr: 3
    dataPoints: [5.06, 5.06, 5.05]
  data[2]:
    type: 2
    len: 3, curr: 3
    dataPoints: [0.00, 0.00, 0.00]
[ 62688][E][WiFiClient.cpp:249] connect(): connect on fd 48, errno: 118, "Host is unreachable"
===== Received packet: ===== 
 time:
=== UDPpacket ===
id: 0
sz: 3, curr: 3
read_flag: 0b111
T_sample: 500 ms
  data[0]:
    type: 0
    len: 3, curr: 3
    dataPoints: [-7.70, -7.90, -8.40]
  data[1]:
    type: 1
    len: 3, curr: 3
    dataPoints: [3.33, 3.33, 3.33]
  data[2]:
    type: 2
    len: 3, curr: 3
    dataPoints: [26.00, 26.00, 30.00]
[ 62700][E][WiFiClient.cpp:249] connect(): connect on fd 48, errno: 118, "Host is unreachable"
===== Received packet: ===== 
 time:
=== UDPpacket ===
id: 1
sz: 3, curr: 3
read_flag: 0b111
T_sample: 500 ms
  data[0]:
    type: 0
    len: 3, curr: 3
    dataPoints: [0.10, -0.20, 0.00]
  data[1]:
    type: 1
    len: 3, curr: 3
    dataPoints: [5.04, 5.06, 5.04]
  data[2]:
    type: 2
    len: 3, curr: 3
    dataPoints: [0.00, 0.00, 0.00]
[ 64188][E][WiFiClient.cpp:249] connect(): connect on fd 48, errno: 118, "Host is unreachable"
===== Received packet: ===== 
 time:
=== UDPpacket ===
id: 0
sz: 3, curr: 3
read_flag: 0b111
T_sample: 500 ms
  data[0]:
    type: 0
    len: 3, curr: 3
    dataPoints: [-7.70, -7.70, -8.70]
  data[1]:
    type: 1
    len: 3, curr: 3
    dataPoints: [3.33, 3.33, 3.33]
  data[2]:
    type: 2
    len: 3, curr: 3
    dataPoints: [26.00, 26.00, 26.00]
[ 64200][E][WiFiClient.cpp:249] connect(): connect on fd 48, errno: 118, "Host is unreachable"
===== Received packet: ===== 
 time:
=== UDPpacket ===
id: 1
sz: 3, curr: 3
read_flag: 0b111
T_sample: 500 ms
  data[0]:
    type: 0
    len: 3, curr: 3
    dataPoints: [0.10, -0.10, 0.20]
  data[1]:
    type: 1
    len: 3, curr: 3
    dataPoints: [5.03, 5.04, 5.04]
  data[2]:
    type: 2
    len: 3, curr: 3
    dataPoints: [0.00, 0.00, 0.00]
[ 65688][E][WiFiClient.cpp:249] connect(): connect on fd 48, errno: 118, "Host is unreachable"
===== Received packet: ===== 
 time:
=== UDPpacket ===
id: 0
sz: 3, curr: 3
read_flag: 0b111
T_sample: 500 ms
  data[0]:
    type: 0
    len: 3, curr: 3
    dataPoints: [-7.80, -7.90, -8.70]
  data[1]:
    type: 1
    len: 3, curr: 3
    dataPoints: [3.33, 3.32, 3.33]
  data[2]:
    type: 2
    len: 3, curr: 3
    dataPoints: [26.00, 26.00, 26.00]
[ 65700][E][WiFiClient.cpp:249] connect(): connect on fd 48, errno: 118, "Host is unreachable"
===== Received packet: ===== 
 time:
=== UDPpacket ===
id: 1
sz: 3, curr: 3
read_flag: 0b111
T_sample: 500 ms
  data[0]:
    type: 0
    len: 3, curr: 3
    dataPoints: [-0.10, 0.00, 0.10]
  data[1]:
    type: 1
    len: 3, curr: 3
    dataPoints: [5.06, 5.05, 5.04]
  data[2]:
    type: 2
    len: 3, curr: 3
    dataPoints: [0.00, 0.00, 0.00]
[ 67188][E][WiFiClient.cpp:249] connect(): connect on fd 48, errno: 118, "Host is unreachable"
===== Received packet: ===== 
 time:
=== UDPpacket ===
id: 0
sz: 3, curr: 3
read_flag: 0b111
T_sample: 500 ms
  data[0]:
    type: 0
    len: 3, curr: 3
    dataPoints: [-7.70, -7.60, -8.60]
  data[1]:
    type: 1
    len: 3, curr: 3
    dataPoints: [3.33, 3.33, 3.33]
  data[2]:
    type: 2
    len: 3, curr: 3
    dataPoints: [22.00, 26.00, 26.00]
[ 67199][E][WiFiClient.cpp:249] connect(): connect on fd 48, errno: 118, "Host is unreachable"
===== Received packet: ===== 
 time:
=== UDPpacket ===
id: 1
sz: 3, curr: 3
read_flag: 0b111
T_sample: 500 ms
  data[0]:
    type: 0
    len: 3, curr: 3
    dataPoints: [-0.10, -0.10, -0.10]
  data[1]:
    type: 1
    len: 3, curr: 3
    dataPoints: [5.05, 5.05, 5.06]
  data[2]:
    type: 2
    len: 3, curr: 3
    dataPoints: [0.00, 0.00, 0.00]
[ 68687][E][WiFiClient.cpp:249] connect(): connect on fd 48, errno: 118, "Host is unreachable"
===== Received packet: ===== 
 time:
=== UDPpacket ===
id: 0
sz: 3, curr: 3
read_flag: 0b111
T_sample: 500 ms
  data[0]:
    type: 0
    len: 3, curr: 3
    dataPoints: [-7.70, -7.70, -8.50]
  data[1]:
    type: 1
    len: 3, curr: 3
    dataPoints: [3.33, 3.33, 3.32]
  data[2]:
    type: 2
    len: 3, curr: 3
    dataPoints: [26.00, 26.00, 30.00]
[ 68698][E][WiFiClient.cpp:249] connect(): connect on fd 48, errno: 118, "Host is unreachable"
===== Received packet: ===== 
 time:
=== UDPpacket ===
id: 1
sz: 3, curr: 3
read_flag: 0b111
T_sample: 500 ms
  data[0]:
    type: 0
    len: 3, curr: 3
    dataPoints: [0.00, 0.30, 0.30]
  data[1]:
    type: 1
    len: 3, curr: 3
    dataPoints: [5.05, 5.04, 5.05]
  data[2]:
    type: 2
    len: 3, curr: 3
    dataPoints: [0.00, 0.00, 0.00]
[ 70188][E][WiFiClient.cpp:249] connect(): connect on fd 48, errno: 118, "Host is unreachable"
===== Received packet: ===== 
 time:
=== UDPpacket ===
id: 0
sz: 3, curr: 3
read_flag: 0b111
T_sample: 500 ms
  data[0]:
    type: 0
    len: 3, curr: 3
    dataPoints: [-7.80, -7.90, -8.60]
  data[1]:
    type: 1
    len: 3, curr: 3
    dataPoints: [3.33, 3.33, 3.33]
  data[2]:
    type: 2
    len: 3, curr: 3
    dataPoints: [26.00, 26.00, 30.00]
[ 70199][E][WiFiClient.cpp:249] connect(): connect on fd 48, errno: 118, "Host is unreachable"
===== Received packet: ===== 
 time:
=== UDPpacket ===
id: 1
sz: 3, curr: 3
read_flag: 0b111
T_sample: 500 ms
  data[0]:
    type: 0
    len: 3, curr: 3
    dataPoints: [-0.20, 0.00, 0.00]
  data[1]:
    type: 1
    len: 3, curr: 3
    dataPoints: [5.04, 5.04, 5.04]
  data[2]:
    type: 2
    len: 3, curr: 3
    dataPoints: [0.00, 0.00, 0.00]
[ 71688][E][WiFiClient.cpp:249] connect(): connect on fd 48, errno: 118, "Host is unreachable"
===== Received packet: ===== 
 time:
=== UDPpacket ===
id: 0
sz: 3, curr: 3
read_flag: 0b111
T_sample: 500 ms
  data[0]:
    type: 0
    len: 3, curr: 3
    dataPoints: [-7.80, -7.70, -8.70]
  data[1]:
    type: 1
    len: 3, curr: 3
    dataPoints: [3.33, 3.33, 3.33]
  data[2]:
    type: 2
    len: 3, curr: 3
    dataPoints: [26.00, 26.00, 30.00]
[ 71699][E][WiFiClient.cpp:249] connect(): connect on fd 48, errno: 118, "Host is unreachable"
===== Received packet: ===== 
 time:
=== UDPpacket ===
id: 1
sz: 3, curr: 3
read_flag: 0b111
T_sample: 500 ms
  data[0]:
    type: 0
    len: 3, curr: 3
    dataPoints: [-0.10, 0.10, 0.10]
  data[1]:
    type: 1
    len: 3, curr: 3
    dataPoints: [5.06, 5.03, 5.04]
  data[2]:
    type: 2
    len: 3, curr: 3
    dataPoints: [0.00, 0.00, 0.00]
[ 73188][E][WiFiClient.cpp:249] connect(): connect on fd 48, errno: 118, "Host is unreachable"
===== Received packet: ===== 
 time:
=== UDPpacket ===
id: 0
sz: 3, curr: 3
read_flag: 0b111
T_sample: 500 ms
  data[0]:
    type: 0
    len: 3, curr: 3
    dataPoints: [-7.60, -7.70, -8.90]
  data[1]:
    type: 1
    len: 3, curr: 3
    dataPoints: [3.33, 3.33, 3.33]
  data[2]:
    type: 2
    len: 3, curr: 3
    dataPoints: [26.00, 26.00, 30.00]
[ 73200][E][WiFiClient.cpp:249] connect(): connect on fd 48, errno: 118, "Host is unreachable"
===== Received packet: ===== 
 time:
=== UDPpacket ===
id: 1
sz: 3, curr: 3
read_flag: 0b111
T_sample: 500 ms
  data[0]:
    type: 0
    len: 3, curr: 3
    dataPoints: [0.00, 0.10, -0.10]
  data[1]:
    type: 1
    len: 3, curr: 3
    dataPoints: [5.04, 5.04, 5.04]
  data[2]:
    type: 2
    len: 3, curr: 3
    dataPoints: [0.00, 0.00, 0.00]
[ 74687][E][WiFiClient.cpp:249] connect(): connect on fd 48, errno: 118, "Host is unreachable"
===== Received packet: ===== 
 time:
=== UDPpacket ===
id: 0
sz: 3, curr: 3
read_flag: 0b111
T_sample: 500 ms
  data[0]:
    type: 0
    len: 3, curr: 3
    dataPoints: [-7.90, -7.80, -8.70]
  data[1]:
    type: 1
    len: 3, curr: 3
    dataPoints: [3.33, 3.33, 3.33]
  data[2]:
    type: 2
    len: 3, curr: 3
    dataPoints: [26.00, 22.00, 30.00]
[ 74698][E][WiFiClient.cpp:249] connect(): connect on fd 48, errno: 118, "Host is unreachable"
===== Received packet: ===== 
 time:
=== UDPpacket ===
id: 1
sz: 3, curr: 3
read_flag: 0b111
T_sample: 500 ms
  data[0]:
    type: 0
    len: 3, curr: 3
    dataPoints: [0.10, 0.10, 0.00]
  data[1]:
    type: 1
    len: 3, curr: 3
    dataPoints: [5.05, 5.05, 5.04]
  data[2]:
    type: 2
    len: 3, curr: 3
    dataPoints: [0.00, 0.00, 0.00]
[ 76188][E][WiFiClient.cpp:249] connect(): connect on fd 48, errno: 118, "Host is unreachable"
===== Received packet: ===== 
 time:
=== UDPpacket ===
id: 0
sz: 3, curr: 3
read_flag: 0b111
T_sample: 500 ms
  data[0]:
    type: 0
    len: 3, curr: 3
    dataPoints: [-7.70, -8.00, -8.60]
  data[1]:
    type: 1
    len: 3, curr: 3
    dataPoints: [3.33, 3.33, 3.33]
  data[2]:
    type: 2
    len: 3, curr: 3
    dataPoints: [26.00, 26.00, 30.00]
[ 76199][E][WiFiClient.cpp:249] connect(): connect on fd 48, errno: 118, "Host is unreachable"
===== Received packet: ===== 
 time:
=== UDPpacket ===
id: 1
sz: 3, curr: 3
read_flag: 0b111
T_sample: 500 ms
  data[0]:
    type: 0
    len: 3, curr: 3
    dataPoints: [-0.10, 0.10, 0.10]
  data[1]:
    type: 1
    len: 3, curr: 3
    dataPoints: [5.06, 5.06, 5.06]
  data[2]:
    type: 2
    len: 3, curr: 3
    dataPoints: [0.00, 0.00, 0.00]
[ 77688][E][WiFiClient.cpp:249] connect(): connect on fd 48, errno: 118, "Host is unreachable"
===== Received packet: ===== 
 time:
=== UDPpacket ===
id: 0
sz: 3, curr: 3
read_flag: 0b111
T_sample: 500 ms
  data[0]:
    type: 0
    len: 3, curr: 3
    dataPoints: [-7.70, -7.80, -8.70]
  data[1]:
    type: 1
    len: 3, curr: 3
    dataPoints: [3.32, 3.33, 3.33]
  data[2]:
    type: 2
    len: 3, curr: 3
    dataPoints: [26.00, 26.00, 26.00]
[ 77700][E][WiFiClient.cpp:249] connect(): connect on fd 48, errno: 118, "Host is unreachable"
===== Received packet: ===== 
 time:
=== UDPpacket ===
id: 1
sz: 3, curr: 3
read_flag: 0b111
T_sample: 500 ms
  data[0]:
    type: 0
    len: 3, curr: 3
    dataPoints: [-0.20, 0.10, 0.00]
  data[1]:
    type: 1
    len: 3, curr: 3
    dataPoints: [5.05, 5.05, 5.04]
  data[2]:
    type: 2
    len: 3, curr: 3
    dataPoints: [0.00, 0.00, 0.00]
[ 79188][E][WiFiClient.cpp:249] connect(): connect on fd 48, errno: 118, "Host is unreachable"
===== Received packet: ===== 
 time:
=== UDPpacket ===
id: 0
sz: 3, curr: 3
read_flag: 0b111
T_sample: 500 ms
  data[0]:
    type: 0
    len: 3, curr: 3
    dataPoints: [-8.10, -8.00, -8.50]
  data[1]:
    type: 1
    len: 3, curr: 3
    dataPoints: [3.33, 3.33, 3.32]
  data[2]:
    type: 2
    len: 3, curr: 3
    dataPoints: [26.00, 26.00, 26.00]
[ 79200][E][WiFiClient.cpp:249] connect(): connect on fd 48, errno: 118, "Host is unreachable"
===== Received packet: ===== 
 time:
=== UDPpacket ===
id: 1
sz: 3, curr: 3
read_flag: 0b111
T_sample: 500 ms
  data[0]:
    type: 0
    len: 3, curr: 3
    dataPoints: [-0.10, -0.20, 0.20]
  data[1]:
    type: 1
    len: 3, curr: 3
    dataPoints: [5.04, 5.04, 5.05]
  data[2]:
    type: 2
    len: 3, curr: 3
    dataPoints: [0.00, 0.00, 0.00]
[ 80688][E][WiFiClient.cpp:249] connect(): connect on fd 48, errno: 118, "Host is unreachable"
===== Received packet: ===== 
 time:
=== UDPpacket ===
id: 0
sz: 3, curr: 3
read_flag: 0b111
T_sample: 500 ms
  data[0]:
    type: 0
    len: 3, curr: 3
    dataPoints: [-7.50, -7.70, -8.70]
  data[1]:
    type: 1
    len: 3, curr: 3
    dataPoints: [3.33, 3.33, 3.33]
  data[2]:
    type: 2
    len: 3, curr: 3
    dataPoints: [26.00, 26.00, 30.00]
[ 80699][E][WiFiClient.cpp:249] connect(): connect on fd 48, errno: 118, "Host is unreachable"
===== Received packet: ===== 
 time:
=== UDPpacket ===
id: 1
sz: 3, curr: 3
read_flag: 0b111
T_sample: 500 ms
  data[0]:
    type: 0
    len: 3, curr: 3
    dataPoints: [0.10, 0.10, 0.00]
  data[1]:
    type: 1
    len: 3, curr: 3
    dataPoints: [5.03, 5.05, 5.05]
  data[2]:
    type: 2
    len: 3, curr: 3
    dataPoints: [0.00, 0.00, 0.00]
[ 82188][E][WiFiClient.cpp:249] connect(): connect on fd 48, errno: 118, "Host is unreachable"
===== Received packet: ===== 
 time:
=== UDPpacket ===
id: 0
sz: 3, curr: 3
read_flag: 0b111
T_sample: 500 ms
  data[0]:
    type: 0
    len: 3, curr: 3
    dataPoints: [-7.80, -7.70, -8.80]
  data[1]:
    type: 1
    len: 3, curr: 3
    dataPoints: [3.33, 3.32, 3.32]
  data[2]:
    type: 2
    len: 3, curr: 3
    dataPoints: [26.00, 26.00, 26.00]
[ 82199][E][WiFiClient.cpp:249] connect(): connect on fd 48, errno: 118, "Host is unreachable"
===== Received packet: ===== 
 time:
=== UDPpacket ===
id: 1
sz: 3, curr: 3
read_flag: 0b111
T_sample: 500 ms
  data[0]:
    type: 0
    len: 3, curr: 3
    dataPoints: [-0.10, 0.10, 0.10]
  data[1]:
    type: 1
    len: 3, curr: 3
    dataPoints: [5.05, 5.04, 5.04]
  data[2]:
    type: 2
    len: 3, curr: 3
    dataPoints: [0.00, 0.00, 0.00]
[ 83688][E][WiFiClient.cpp:249] connect(): connect on fd 48, errno: 118, "Host is unreachable"
===== Received packet: ===== 
 time:
=== UDPpacket ===
id: 0
sz: 3, curr: 3
read_flag: 0b111
T_sample: 500 ms
  data[0]:
    type: 0
    len: 3, curr: 3
    dataPoints: [-7.90, -7.70, -8.70]
  data[1]:
    type: 1
    len: 3, curr: 3
    dataPoints: [3.33, 3.32, 3.33]
  data[2]:
    type: 2
    len: 3, curr: 3
    dataPoints: [26.00, 26.00, 30.00]
[ 83699][E][WiFiClient.cpp:249] connect(): connect on fd 48, errno: 118, "Host is unreachable"
===== Received packet: ===== 
 time:
=== UDPpacket ===
id: 1
sz: 3, curr: 3
read_flag: 0b111
T_sample: 500 ms
  data[0]:
    type: 0
    len: 3, curr: 3
    dataPoints: [0.00, 0.00, -0.20]
  data[1]:
    type: 1
    len: 3, curr: 3
    dataPoints: [5.04, 5.04, 5.04]
  data[2]:
    type: 2
    len: 3, curr: 3
    dataPoints: [0.00, 0.00, 0.00]
[ 85188][E][WiFiClient.cpp:249] connect(): connect on fd 48, errno: 118, "Host is unreachable"
===== Received packet: ===== 
 time:
=== UDPpacket ===
id: 0
sz: 3, curr: 3
read_flag: 0b111
T_sample: 500 ms
  data[0]:
    type: 0
    len: 3, curr: 3
    dataPoints: [-7.90, -7.90, -8.60]
  data[1]:
    type: 1
    len: 3, curr: 3
    dataPoints: [3.33, 3.33, 3.33]
  data[2]:
    type: 2
    len: 3, curr: 3
    dataPoints: [26.00, 26.00, 30.00]
[ 85199][E][WiFiClient.cpp:249] connect(): connect on fd 48, errno: 118, "Host is unreachable"
===== Received packet: ===== 
 time:
=== UDPpacket ===
id: 1
sz: 3, curr: 3
read_flag: 0b111
T_sample: 500 ms
  data[0]:
    type: 0
    len: 3, curr: 3
    dataPoints: [0.10, 0.20, 0.00]
  data[1]:
    type: 1
    len: 3, curr: 3
    dataPoints: [5.04, 5.06, 5.04]
  data[2]:
    type: 2
    len: 3, curr: 3
    dataPoints: [0.00, 0.00, 0.00]
[ 86688][E][WiFiClient.cpp:249] connect(): connect on fd 48, errno: 118, "Host is unreachable"
===== Received packet: ===== 
 time:
=== UDPpacket ===
id: 0
sz: 3, curr: 3
read_flag: 0b111
T_sample: 500 ms
  data[0]:
    type: 0
    len: 3, curr: 3
    dataPoints: [-7.90, -7.70, -8.60]
  data[1]:
    type: 1
    len: 3, curr: 3
    dataPoints: [3.33, 3.33, 3.33]
  data[2]:
    type: 2
    len: 3, curr: 3
    dataPoints: [26.00, 26.00, 30.00]
[ 86699][E][WiFiClient.cpp:249] connect(): connect on fd 48, errno: 118, "Host is unreachable"
