.50, -7.40]
  data[1]:
    type: 1
    len: 3, curr: 3
    dataPoints: [3.33, 3.33, 3.33]
  data[2]:
    type: 2
    len: 3, curr: 3
    dataPoints: [26.00, 26.00, 22.00]
===== Received packet: ===== 
 time:
=== UDPpacket ===
id: 1
sz: 3, curr: 3
read_flag: 0b111
T_sample: 500 ms
  data[0]:
    type: 0
    len: 3, curr: 3
    dataPoints: [-0.10, 0.00, -0.20]
  data[1]:
    type: 1
    len: 3, curr: 3
    dataPoints: [5.06, 5.05, 5.04]
  data[2]:
    type: 2
    len: 3, curr: 3
    dataPoints: [0.00, 0.00, 0.00]
===== Received packet: ===== 
 time:
=== UDPpacket ===
id: 0
sz: 3, curr: 3
read_flag: 0b111
T_sample: 500 ms
  data[0]:
    type: 0
    len: 3, curr: 3
    dataPoints: [-7.60, -7.60, -7.70]
  data[1]:
    type: 1
    len: 3, curr: 3
    dataPoints: [3.32, 3.32, 3.33]
  data[2]:
    type: 2
    len: 3, curr: 3
    dataPoints: [26.00, 26.00, 26.00]
===== Received packet: ===== 
 time:
=== UDPpacket ===
id: 1
sz: 3, curr: 3
read_flag: 0b111
T_sample: 500 ms
  data[0]:
    type: 0
    len: 3, curr: 3
    dataPoints: [0.00, -0.40, -0.10]
  data[1]:
    type: 1
    len: 3, curr: 3
    dataPoints: [5.04, 5.05, 5.04]
  data[2]:
    type: 2
    len: 3, curr: 3
    dataPoints: [0.00, 0.00, 0.00]
===== Received packet: ===== 
 time:
=== UDPpacket ===
id: 0
sz: 3, curr: 3
read_flag: 0b111
T_sample: 500 ms
  data[0]:
    type: 0
    len: 3, curr: 3
    dataPoints: [-7.50, -7.80, -7.60]
  data[1]:
    type: 1
    len: 3, curr: 3
    dataPoints: [3.33, 3.32, 3.33]
  data[2]:
    type: 2
    len: 3, curr: 3
    dataPoints: [26.00, 26.00, 26.00]
===== Received packet: ===== 
 time:
=== UDPpacket ===
id: 1
sz: 3, curr: 3
read_flag: 0b111
T_sample: 500 ms
  data[0]:
    type: 0
    len: 3, curr: 3
    dataPoints: [-0.10, 0.10, -0.10]
  data[1]:
    type: 1
    len: 3, curr: 3
    dataPoints: [5.05, 5.04, 5.04]
  data[2]:
    type: 2
    len: 3, curr: 3
    dataPoints: [0.00, 0.00, 0.00]
===== Received packet: ===== 
 time:
=== UDPpacket ===
id: 0
sz: 3, curr: 3
read_flag: 0b111
T_sample: 500 ms
  data[0]:
    type: 0
    len: 3, curr: 3
    dataPoints: [-7.60, -7.60, -7.60]
  data[1]:
    type: 1
    len: 3, curr: 3
    dataPoints: [3.33, 3.33, 3.33]
  data[2]:
    type: 2
    len: 3, curr: 3
    dataPoints: [26.00, 26.00, 26.00]
===== Received packet: ===== 
 time:
=== UDPpacket ===
id: 1
sz: 3, curr: 3
read_flag: 0b111
T_sample: 500 ms
  data[0]:
    type: 0
    len: 3, curr: 3
    dataPoints: [-0.20, 0.00, -0.20]
  data[1]:
    type: 1
    len: 3, curr: 3
    dataPoints: [5.06, 5.02, 5.06]
  data[2]:
    type: 2
    len: 3, curr: 3
    dataPoints: [0.00, 0.00, 0.00]
===== Received packet: ===== 
 time:
=== UDPpacket ===
id: 0
sz: 3, curr: 3
read_flag: 0b111
T_sample: 500 ms
  data[0]:
    type: 0
    len: 3, curr: 3
    dataPoints: [-7.60, -7.60, -7.50]
  data[1]:
    type: 1
    len: 3, curr: 3
    dataPoints: [3.32, 3.33, 3.33]
  data[2]:
    type: 2
    len: 3, curr: 3
    dataPoints: [26.00, 26.00, 26.00]
===== Received packet: ===== 
 time:
=== UDPpacket ===
id: 1
sz: 3, curr: 3
read_flag: 0b111
T_sample: 500 ms
  data[0]:
    type: 0
    len: 3, curr: 3
    dataPoints: [-0.10, -0.10, 0.30]
  data[1]:
    type: 1
    len: 3, curr: 3
    dataPoints: [5.05, 5.04, 5.05]
  data[2]:
    type: 2
    len: 3, curr: 3
    dataPoints: [0.00, 0.00, 0.00]
===== Received packet: ===== 
 time:
=== UDPpacket ===
id: 0
sz: 3, curr: 3
read_flag: 0b111
T_sample: 500 ms
  data[0]:
    type: 0
    len: 3, curr: 3
    dataPoints: [-7.60, -7.40, -7.50]
  data[1]:
    type: 1
    len: 3, curr: 3
    dataPoints: [3.32, 3.33, 3.33]
  data[2]:
    type: 2
    len: 3, curr: 3
    dataPoints: [26.00, 26.00, 26.00]
===== Received packet: ===== 
 time:
=== UDPpacket ===
id: 1
sz: 3, curr: 3
read_flag: 0b111
T_sample: 500 ms
  data[0]:
    type: 0
    len: 3, curr: 3
    dataPoints: [-0.30, -0.10, -0.10]
  data[1]:
    type: 1
    len: 3, curr: 3
    dataPoints: [5.04, 5.04, 5.04]
  data[2]:
    type: 2
    len: 3, curr: 3
    dataPoints: [0.00, 0.00, 0.00]
===== Received packet: ===== 
 time:
=== UDPpacket ===
id: 0
sz: 3, curr: 3
read_flag: 0b111
T_sample: 500 ms
  data[0]:
    type: 0
    len: 3, curr: 3
    dataPoints: [-7.50, -7.70, -7.80]
  data[1]:
    type: 1
    len: 3, curr: 3
    dataPoints: [3.33, 3.32, 3.33]
  data[2]:
    type: 2
    len: 3, curr: 3
    dataPoints: [26.00, 26.00, 26.00]
===== Received packet: ===== 
 time:
=== UDPpacket ===
id: 1
sz: 3, curr: 3
read_flag: 0b111
T_sample: 500 ms
  data[0]:
    type: 0
    len: 3, curr: 3
    dataPoints: [0.30, -0.10, -0.10]
  data[1]:
    type: 1
    len: 3, curr: 3
    dataPoints: [5.05, 5.05, 5.03]
  data[2]:
    type: 2
    len: 3, curr: 3
    dataPoints: [0.00, 0.00, 0.00]
===== Received packet: ===== 
 time:
=== UDPpacket ===
id: 0
sz: 3, curr: 3
read_flag: 0b111
T_sample: 500 ms
  data[0]:
    type: 0
    len: 3, curr: 3
    dataPoints: [-7.60, -7.30, -8.20]
  data[1]:
    type: 1
    len: 3, curr: 3
    dataPoints: [3.33, 3.33, 3.33]
  data[2]:
    type: 2
    len: 3, curr: 3
    dataPoints: [22.00, 26.00, 26.00]
===== Received packet: ===== 
 time:
=== UDPpacket ===
id: 1
sz: 3, curr: 3
read_flag: 0b111
T_sample: 500 ms
  data[0]:
    type: 0
    len: 3, curr: 3
    dataPoints: [0.00, -0.20, -0.20]
  data[1]:
    type: 1
    len: 3, curr: 3
    dataPoints: [5.05, 5.04, 5.03]
  data[2]:
    type: 2
    len: 3, curr: 3
    dataPoints: [0.00, 0.00, 0.00]
===== Received packet: ===== 
 time:
=== UDPpacket ===
id: 0
sz: 3, curr: 3
read_flag: 0b111
T_sample: 500 ms
  data[0]:
    type: 0
    len: 3, curr: 3
    dataPoints: [-7.90, -7.40, -7.80]
  data[1]:
    type: 1
    len: 3, curr: 3
    dataPoints: [3.33, 3.33, 3.33]
  data[2]:
    type: 2
    len: 3, curr: 3
    dataPoints: [26.00, 26.00, 26.00]
