Hello!

[WiFi] Connecting to 123
[WiFi] WiFi is disconnected
[WiFi] WiFi is connected!
[WiFi] IP address: 172.20.10.2
Measuring voltage and current with INA219, id: 0
Measuring voltage and current with INA219, id: 1
vTaskSensorRead started
not configured
not configured
not configured
vTaskSensorRead started
not configured
not configured
not configured
FaFailed to delay task
Failed to delay task
Failed to delay task
Failed to delay task
Failed to delay task
Failed to delay task
Failed to delay task
Failed to delay task
Failed to delay task
Failed to delay task
Failed to delay task
Failed to delay task
Failed to delay task
printing!
=== UDPpacket ===
id: 0
sz: 3, curr: 3
read_flag: 0b111
T_sample: 1000 ms
  data[0]:
    type: -1
    len: 1, curr: 1
    dataPoints: [0.00]
  data[1]:
    type: -1
    len: 1, curr: 1
    dataPoints: [0.00]
  data[2]:
    type: -1
    len: 1, curr: 1
    dataPoints: [0.00]
printing!
=== UDPpacket ===
id: 1
sz: 3, curr: 3
read_flag: 0b111
T_sample: 1000 ms
  data[0]:
    type: -1
    len: 1, curr: 1
    dataPoints: [0.00]
  data[1]:
    type: -1
    len: 1, curr: 1
    dataPoints: [0.00]
  data[2]:
    type: -1
    len: 1, curr: 1
    dataPoints: [0.00]
printing!
=== UDPpacket ===
id: 0
sz: 3, curr: 3
read_flag: 0b111
T_sample: 1000 ms
  data[0]:
    type: 0
    len: 1, curr: 1
    dataPoints: [-0.40]
  data[1]:
    type: 1
    len: 1, curr: 1
    dataPoints: [5.04]
  data[2]:
    type: 2
    len: 1, curr: 1
    dataPoints: [0.00]
printing!
=== UDPpacket ===
id: 0
sz: 3, curr: 3
read_flag: 0b111
T_sample: 1000 ms
  data[0]:
    type: 0
    len: 1, curr: 1
    dataPoints: [-0.50]
  data[1]:
    type: 1
    len: 1, curr: 1
    dataPoints: [3.33]
  data[2]:
    type: 2
    len: 1, curr: 1
    dataPoints: [-0.50]
printing!
=== UDPpacket ===
id: 1
sz: 3, curr: 3
read_flag: 0b111
T_sample: 1000 ms
  data[0]:
    type: 0
    len: 1, curr: 1
    dataPoints: [0.00]
  data[1]:
    type: 1
    len: 1, curr: 1
    dataPoints: [5.05]
  data[2]:
    type: 2
    len: 1, curr: 1
    dataPoints: [0.00]
printing!
=== UDPpacket ===
id: 0
sz: 3, curr: 3
read_flag: 0b111
T_sample: 1000 ms
  data[0]:
    type: 0
    len: 1, curr: 1
    dataPoints: [-0.60]
  data[1]:
    type: 1
    len: 1, curr: 1
    dataPoints: [3.32]
  data[2]:
    type: 2
    len: 1, curr: 1
    dataPoints: [-0.50]
printing!
=== UDPpacket ===
id: 1
sz: 3, curr: 3
read_flag: 0b111
T_sample: 1000 ms
  data[0]:
    type: 0
    len: 1, curr: 1
    dataPoints: [0.00]
  data[1]:
    type: 1
    len: 1, curr: 1
    dataPoints: [5.04]
  data[2]:
    type: 2
    len: 1, curr: 1
    dataPoints: [0.00]
printing!
=== UDPpacket ===
id: 0
sz: 3, curr: 3
read_flag: 0b111
T_sample: 1000 ms
  data[0]:
    type: 0
    len: 1, curr: 1
    dataPoints: [-0.80]
  data[1]:
    type: 1
    len: 1, curr: 1
    dataPoints: [3.33]
  data[2]:
    type: 2
    len: 1, curr: 1
    dataPoints: [-10.50]
printing!
=== UDPpacket ===
id: 1
sz: 3, curr: 3
read_flag: 0b111
T_sample: 1000 ms
  data[0]:
    type: 0
    len: 1, curr: 1
    dataPoints: [-0.30]
  data[1]:
    type: 1
    len: 1, curr: 1
    dataPoints: [5.05]
  data[2]:
    type: 2
    len: 1, curr: 1
    dataPoints: [0.00]
printing!
=== UDPpacket ===
id: 0
sz: 3, curr: 3
read_flag: 0b111
T_sample: 1000 ms
  data[0]:
    type: 0
    len: 1, curr: 1
    dataPoints: [2.00]
  data[1]:
    type: 1
    len: 1, curr: 1
    dataPoints: [3.33]
  data[2]:
    type: 2
    len: 1, curr: 1
    dataPoints: [-10.50]
printing!
=== UDPpacket ===
id: 1
sz: 3, curr: 3
read_flag: 0b111
T_sample: 1000 ms
  data[0]:
    type: 0
    len: 1, curr: 1
    dataPoints: [0.10]
  data[1]:
    type: 1
    len: 1, curr: 1
    dataPoints: [5.06]
  data[2]:
    type: 2
    len: 1, curr: 1
    dataPoints: [0.00]
printing!
=== UDPpacket ===
id: 0
sz: 3, curr: 3
read_flag: 0b111
T_sample: 1000 ms
  data[0]:
    type: 0
    len: 1, curr: 1
    dataPoints: [2.00]
  data[1]:
    type: 1
    len: 1, curr: 1
    dataPoints: [3.33]
  data[2]:
    type: 2
    len: 1, curr: 1
    dataPoints: [-10.50]
printing!
=== UDPpacket ===
id: 1
sz: 3, curr: 3
read_flag: 0b111
T_sample: 1000 ms
  data[0]:
    type: 0
    len: 1, curr: 1
    dataPoints: [0.10]
  data[1]:
    type: 1
    len: 1, curr: 1
    dataPoints: [5.02]
  data[2]:
    type: 2
    len: 1, curr: 1
    dataPoints: [0.00]
printing!
=== UDPpacket ===
id: 0
sz: 3, curr: 3
read_flag: 0b111
T_sample: 1000 ms
  data[0]:
    type: 0
    len: 1, curr: 1
    dataPoints: [2.10]
  data[1]:
    type: 1
    len: 1, curr: 1
    dataPoints: [3.33]
  data[2]:
    type: 2
    len: 1, curr: 1
    dataPoints: [-10.50]
printing!
=== UDPpacket ===
id: 1
sz: 3, curr: 3
read_flag: 0b111
T_sample: 1000 ms
  data[0]:
    type: 0
    len: 1, curr: 1
    dataPoints: [0.20]
  data[1]:
    type: 1
    len: 1, curr: 1
    dataPoints: [5.05]
  data[2]:
    type: 2
    len: 1, curr: 1
    dataPoints: [0.00]
printing!
=== UDPpacket ===
id: 0
sz: 3, curr: 3
read_flag: 0b111
T_sample: 1000 ms
  data[0]:
    type: 0
    len: 1, curr: 1
    dataPoints: [1.90]
  data[1]:
    type: 1
    len: 1, curr: 1
    dataPoints: [3.33]
  data[2]:
    type: 2
    len: 1, curr: 1
    dataPoints: [-10.50]
printing!
=== UDPpacket ===
id: 1
sz: 3, curr: 3
read_flag: 0b111
T_sample: 1000 ms
  data[0]:
    type: 0
    len: 1, curr: 1
    dataPoints: [0.10]
  data[1]:
    type: 1
    len: 1, curr: 1
    dataPoints: [5.06]
  data[2]:
    type: 2
    len: 1, curr: 1
    dataPoints: [0.00]
printing!
=== UDPpacket ===
id: 0
sz: 3, curr: 3
read_flag: 0b111
T_sample: 1000 ms
  data[0]:
    type: 0
    len: 1, curr: 1
    dataPoints: [1.90]
  data[1]:
    type: 1
    len: 1, curr: 1
    dataPoints: [3.33]
  data[2]:
    type: 2
    len: 1, curr: 1
    dataPoints: [-10.50]
printing!
=== UDPpacket ===
id: 1
sz: 3, curr: 3
read_flag: 0b111
T_sample: 1000 ms
  data[0]:
    type: 0
    len: 1, curr: 1
    dataPoints: [-0.20]
  data[1]:
    type: 1
    len: 1, curr: 1
    dataPoints: [5.04]
  data[2]:
    type: 2
    len: 1, curr: 1
    dataPoints: [0.00]
printing!
=== UDPpacket ===
id: 0
sz: 3, curr: 3
read_flag: 0b111
T_sample: 1000 ms
  data[0]:
    type: 0
    len: 1, curr: 1
    dataPoints: [0.90]
  data[1]:
    type: 1
    len: 1, curr: 1
    dataPoints: [3.33]
  data[2]:
    type: 2
    len: 1, curr: 1
    dataPoints: [-0.50]
printing!
=== UDPpacket ===
id: 1
sz: 3, curr: 3
read_flag: 0b111
T_sample: 1000 ms
  data[0]:
    type: 0
    len: 1, curr: 1
    dataPoints: [-0.20]
  data[1]:
    type: 1
    len: 1, curr: 1
    dataPoints: [5.05]
  data[2]:
    type: 2
    len: 1, curr: 1
    dataPoints: [0.00]
printing!
=== UDPpacket ===
id: 0
sz: 3, curr: 3
read_flag: 0b111
T_sample: 1000 ms
  data[0]:
    type: 0
    len: 1, curr: 1
    dataPoints: [1.00]
  data[1]:
    type: 1
    len: 1, curr: 1
    dataPoints: [3.33]
  data[2]:
    type: 2
    len: 1, curr: 1
    dataPoints: [-4.50]
printing!
=== UDPpacket ===
id: 1
sz: 3, curr: 3
read_flag: 0b111
T_sample: 1000 ms
  data[0]:
    type: 0
    len: 1, curr: 1
    dataPoints: [-0.20]
  data[1]:
    type: 1
    len: 1, curr: 1
    dataPoints: [5.04]
  data[2]:
    type: 2
    len: 1, curr: 1
    dataPoints: [0.00]
printing!
=== UDPpacket ===
id: 0
sz: 3, curr: 3
read_flag: 0b111
T_sample: 1000 ms
  data[0]:
    type: 0
    len: 1, curr: 1
    dataPoints: [1.40]
  data[1]:
    type: 1
    len: 1, curr: 1
    dataPoints: [3.33]
  data[2]:
    type: 2
    len: 1, curr: 1
    dataPoints: [-0.50]
printing!
=== UDPpacket ===
id: 1
sz: 3, curr: 3
read_flag: 0b111
T_sample: 1000 ms
  data[0]:
    type: 0
    len: 1, curr: 1
    dataPoints: [-0.10]
  data[1]:
    type: 1
    len: 1, curr: 1
    dataPoints: [5.03]
  data[2]:
    type: 2
    len: 1, curr: 1
    dataPoints: [0.00]
printing!
=== UDPpacket ===
id: 0
sz: 3, curr: 3
read_flag: 0b111
T_sample: 1000 ms
  data[0]:
    type: 0
    len: 1, curr: 1
    dataPoints: [1.30]
  data[1]:
    type: 1
    len: 1, curr: 1
    dataPoints: [3.33]
  data[2]:
    type: 2
    len: 1, curr: 1
    dataPoints: [-0.50]
printing!
=== UDPpacket ===
id: 1
sz: 3, curr: 3
read_flag: 0b111
T_sample: 1000 ms
  data[0]:
    type: 0
    len: 1, curr: 1
    dataPoints: [-0.10]
  data[1]:
    type: 1
    len: 1, curr: 1
    dataPoints: [5.04]
  data[2]:
    type: 2
    len: 1, curr: 1
    dataPoints: [0.00]
printing!
=== UDPpacket ===
id: 0
sz: 3, curr: 3
read_flag: 0b111
T_sample: 1000 ms
  data[0]:
    type: 0
    len: 1, curr: 1
    dataPoints: [0.60]
  data[1]:
    type: 1
    len: 1, curr: 1
    dataPoints: [3.32]
  data[2]:
    type: 2
    len: 1, curr: 1
    dataPoints: [-4.50]
printing!
=== UDPpacket ===
id: 1
sz: 3, curr: 3
read_flag: 0b111
T_sample: 1000 ms
  data[0]:
    type: 0
    len: 1, curr: 1
    dataPoints: [0.10]
  data[1]:
    type: 1
    len: 1, curr: 1
    dataPoints: [5.05]
  data[2]:
    type: 2
    len: 1, curr: 1
    dataPoints: [0.00]
printing!
=== UDPpacket ===
id: 0
sz: 3, curr: 3
read_flag: 0b111
T_sample: 1000 ms
  data[0]:
    type: 0
    len: 1, curr: 1
    dataPoints: [0.00]
  data[1]:
    type: 1
    len: 1, curr: 1
    dataPoints: [3.33]
  data[2]:
    type: 2
    len: 1, curr: 1
    dataPoints: [3.50]
printing!
=== UDPpacket ===
id: 1
sz: 3, curr: 3
read_flag: 0b111
T_sample: 1000 ms
  data[0]:
    type: 0
    len: 1, curr: 1
    dataPoints: [0.00]
  data[1]:
    type: 1
    len: 1, curr: 1
    dataPoints: [5.06]
  data[2]:
    type: 2
    len: 1, curr: 1
    dataPoints: [0.00]
printing!
=== UDPpacket ===
id: 0
sz: 3, curr: 3
read_flag: 0b111
T_sample: 1000 ms
  data[0]:
    type: 0
    len: 1, curr: 1
    dataPoints: [0.80]
  data[1]:
    type: 1
    len: 1, curr: 1
    dataPoints: [3.33]
  data[2]:
    type: 2
    len: 1, curr: 1
    dataPoints: [-4.50]
printing!
=== UDPpacket ===
id: 1
sz: 3, curr: 3
read_flag: 0b111
T_sample: 1000 ms
  data[0]:
    type: 0
    len: 1, curr: 1
    dataPoints: [-0.10]
  data[1]:
    type: 1
    len: 1, curr: 1
    dataPoints: [5.05]
  data[2]:
    type: 2
    len: 1, curr: 1
    dataPoints: [0.00]
printing!
=== UDPpacket ===
id: 0
sz: 3, curr: 3
read_flag: 0b111
T_sample: 1000 ms
  data[0]:
    type: 0
    len: 1, curr: 1
    dataPoints: [0.90]
  data[1]:
    type: 1
    len: 1, curr: 1
    dataPoints: [3.33]
  data[2]:
    type: 2
    len: 1, curr: 1
    dataPoints: [-0.50]
printing!
=== UDPpacket ===
id: 1
sz: 3, curr: 3
read_flag: 0b111
T_sample: 1000 ms
  data[0]:
    type: 0
    len: 1, curr: 1
    dataPoints: [0.00]
  data[1]:
    type: 1
    len: 1, curr: 1
    dataPoints: [5.05]
  data[2]:
    type: 2
    len: 1, curr: 1
    dataPoints: [0.00]
printing!
=== UDPpacket ===
id: 0
sz: 3, curr: 3
read_flag: 0b111
T_sample: 1000 ms
  data[0]:
    type: 0
    len: 1, curr: 1
    dataPoints: [0.90]
  data[1]:
    type: 1
    len: 1, curr: 1
    dataPoints: [3.33]
  data[2]:
    type: 2
    len: 1, curr: 1
    dataPoints: [-4.50]
printing!
=== UDPpacket ===
id: 1
sz: 3, curr: 3
read_flag: 0b111
T_sample: 1000 ms
  data[0]:
    type: 0
    len: 1, curr: 1
    dataPoints: [-0.10]
  data[1]:
    type: 1
    len: 1, curr: 1
    dataPoints: [5.05]
  data[2]:
    type: 2
    len: 1, curr: 1
    dataPoints: [0.00]
printing!
=== UDPpacket ===
id: 0
sz: 3, curr: 3
read_flag: 0b111
T_sample: 1000 ms
  data[0]:
    type: 0
    len: 1, curr: 1
    dataPoints: [1.10]
  data[1]:
    type: 1
    len: 1, curr: 1
    dataPoints: [3.33]
  data[2]:
    type: 2
    len: 1, curr: 1
    dataPoints: [3.50]
printing!
=== UDPpacket ===
id: 1
sz: 3, curr: 3
read_flag: 0b111
T_sample: 1000 ms
  data[0]:
    type: 0
    len: 1, curr: 1
    dataPoints: [0.00]
  data[1]:
    type: 1
    len: 1, curr: 1
    dataPoints: [5.03]
  data[2]:
    type: 2
    len: 1, curr: 1
    dataPoints: [0.00]
printing!
=== UDPpacket ===
id: 0
sz: 3, curr: 3
read_flag: 0b111
T_sample: 1000 ms
  data[0]:
    type: 0
    len: 1, curr: 1
    dataPoints: [1.10]
  data[1]:
    type: 1
    len: 1, curr: 1
    dataPoints: [3.33]
  data[2]:
    type: 2
    len: 1, curr: 1
    dataPoints: [-0.50]
printing!
=== UDPpacket ===
id: 1
sz: 3, curr: 3
read_flag: 0b111
T_sample: 1000 ms
  data[0]:
    type: 0
    len: 1, curr: 1
    dataPoints: [-0.20]
  data[1]:
    type: 1
    len: 1, curr: 1
    dataPoints: [5.06]
  data[2]:
    type: 2
    len: 1, curr: 1
    dataPoints: [0.00]
printing!
=== UDPpacket ===
id: 0
sz: 3, curr: 3
read_flag: 0b111
T_sample: 1000 ms
  data[0]:
    type: 0
    len: 1, curr: 1
    dataPoints: [1.10]
  data[1]:
    type: 1
    len: 1, curr: 1
    dataPoints: [3.33]
  data[2]:
    type: 2
    len: 1, curr: 1
    dataPoints: [3.50]
printing!
=== UDPpacket ===
id: 1
sz: 3, curr: 3
read_flag: 0b111
T_sample: 1000 ms
  data[0]:
    type: 0
    len: 1, curr: 1
    dataPoints: [0.10]
  data[1]:
    type: 1
    len: 1, curr: 1
    dataPoints: [5.03]
  data[2]:
    type: 2
    len: 1, curr: 1
    dataPoints: [0.00]
printing!
=== UDPpacket ===
id: 0
sz: 3, curr: 3
read_flag: 0b111
T_sample: 1000 ms
  data[0]:
    type: 0
    len: 1, curr: 1
    dataPoints: [0.70]
  data[1]:
    type: 1
    len: 1, curr: 1
    dataPoints: [3.33]
  data[2]:
    type: 2
    len: 1, curr: 1
    dataPoints: [-0.50]
printing!
=== UDPpacket ===
id: 1
sz: 3, curr: 3
read_flag: 0b111
T_sample: 1000 ms
  data[0]:
    type: 0
    len: 1, curr: 1
    dataPoints: [-0.20]
  data[1]:
    type: 1
    len: 1, curr: 1
    dataPoints: [5.04]
  data[2]:
    type: 2
    len: 1, curr: 1
    dataPoints: [0.00]
printing!
=== UDPpacket ===
id: 0
sz: 3, curr: 3
read_flag: 0b111
T_sample: 1000 ms
  data[0]:
    type: 0
    len: 1, curr: 1
    dataPoints: [0.20]
  data[1]:
    type: 1
    len: 1, curr: 1
    dataPoints: [3.33]
  data[2]:
    type: 2
    len: 1, curr: 1
    dataPoints: [3.50]
printing!
=== UDPpacket ===
id: 1
sz: 3, curr: 3
read_flag: 0b111
T_sample: 1000 ms
  data[0]:
    type: 0
    len: 1, curr: 1
    dataPoints: [0.00]
  data[1]:
    type: 1
    len: 1, curr: 1
    dataPoints: [5.06]
  data[2]:
    type: 2
    len: 1, curr: 1
    dataPoints: [0.00]
printing!
=== UDPpacket ===
id: 0
sz: 3, curr: 3
read_flag: 0b111
T_sample: 1000 ms
  data[0]:
    type: 0
    len: 1, curr: 1
    dataPoints: [-0.50]
  data[1]:
    type: 1
    len: 1, curr: 1
    dataPoints: [3.33]
  data[2]:
    type: 2
    len: 1, curr: 1
    dataPoints: [-0.50]
printing!
=== UDPpacket ===
id: 1
sz: 3, curr: 3
read_flag: 0b111
T_sample: 1000 ms
  data[0]:
    type: 0
    len: 1, curr: 1
    dataPoints: [-0.10]
  data[1]:
    type: 1
    len: 1, curr: 1
    dataPoints: [5.04]
  data[2]:
    type: 2
    len: 1, curr: 1
    dataPoints: [0.00]
printing!
=== UDPpacket ===
id: 0
sz: 3, curr: 3
read_flag: 0b111
T_sample: 1000 ms
  data[0]:
    type: 0
    len: 1, curr: 1
    dataPoints: [0.90]
  data[1]:
    type: 1
    len: 1, curr: 1
    dataPoints: [3.32]
  data[2]:
    type: 2
    len: 1, curr: 1
    dataPoints: [3.50]
printing!
=== UDPpacket ===
id: 1
sz: 3, curr: 3
read_flag: 0b111
T_sample: 1000 ms
  data[0]:
    type: 0
    len: 1, curr: 1
    dataPoints: [0.00]
  data[1]:
    type: 1
    len: 1, curr: 1
    dataPoints: [5.03]
  data[2]:
    type: 2
    len: 1, curr: 1
    dataPoints: [0.00]
printing!
=== UDPpacket ===
id: 0
sz: 3, curr: 3
read_flag: 0b111
T_sample: 1000 ms
  data[0]:
    type: 0
    len: 1, curr: 1
    dataPoints: [1.00]
  data[1]:
    type: 1
    len: 1, curr: 1
    dataPoints: [3.33]
  data[2]:
    type: 2
    len: 1, curr: 1
    dataPoints: [-0.50]
printing!
=== UDPpacket ===
id: 1
sz: 3, curr: 3
read_flag: 0b111
T_sample: 1000 ms
  data[0]:
    type: 0
    len: 1, curr: 1
    dataPoints: [-0.10]
  data[1]:
    type: 1
    len: 1, curr: 1
    dataPoints: [5.04]
  data[2]:
    type: 2
    len: 1, curr: 1
    dataPoints: [0.00]
printing!
=== UDPpacket ===
id: 0
sz: 3, curr: 3
read_flag: 0b111
T_sample: 1000 ms
  data[0]:
    type: 0
    len: 1, curr: 1
    dataPoints: [0.80]
  data[1]:
    type: 1
    len: 1, curr: 1
    dataPoints: [3.33]
  data[2]:
    type: 2
    len: 1, curr: 1
    dataPoints: [3.50]
printing!
=== UDPpacket ===
id: 1
sz: 3, curr: 3
read_flag: 0b111
T_sample: 1000 ms
  data[0]:
    type: 0
    len: 1, curr: 1
    dataPoints: [0.10]
  data[1]:
    type: 1
    len: 1, curr: 1
    dataPoints: [5.04]
  data[2]:
    type: 2
    len: 1, curr: 1
    dataPoints: [0.00]
printing!
=== UDPpacket ===
id: 0
sz: 3, curr: 3
read_flag: 0b111
T_sample: 1000 ms
  data[0]:
    type: 0
    len: 1, curr: 1
    dataPoints: [1.10]
  data[1]:
    type: 1
    len: 1, curr: 1
    dataPoints: [3.33]
  data[2]:
    type: 2
    len: 1, curr: 1
    dataPoints: [-0.50]
printing!
=== UDPpacket ===
id: 1
sz: 3, curr: 3
read_flag: 0b111
T_sample: 1000 ms
  data[0]:
    type: 0
    len: 1, curr: 1
    dataPoints: [-0.40]
  data[1]:
    type: 1
    len: 1, curr: 1
    dataPoints: [5.05]
  data[2]:
    type: 2
    len: 1, curr: 1
    dataPoints: [0.00]
printing!
=== UDPpacket ===
id: 0
sz: 3, curr: 3
read_flag: 0b111
T_sample: 1000 ms
  data[0]:
    type: 0
    len: 1, curr: 1
    dataPoints: [-1.40]
  data[1]:
    type: 1
    len: 1, curr: 1
    dataPoints: [3.33]
  data[2]:
    type: 2
    len: 1, curr: 1
    dataPoints: [-0.50]
printing!
=== UDPpacket ===
id: 1
sz: 3, curr: 3
read_flag: 0b111
T_sample: 1000 ms
  data[0]:
    type: 0
    len: 1, curr: 1
    dataPoints: [0.10]
  data[1]:
    type: 1
    len: 1, curr: 1
    dataPoints: [5.06]
  data[2]:
    type: 2
    len: 1, curr: 1
    dataPoints: [0.00]
printing!
=== UDPpacket ===
id: 0
sz: 3, curr: 3
read_flag: 0b111
T_sample: 1000 ms
  data[0]:
    type: 0
    len: 1, curr: 1
    dataPoints: [2.00]
  data[1]:
    type: 1
    len: 1, curr: 1
    dataPoints: [3.33]
  data[2]:
    type: 2
    len: 1, curr: 1
    dataPoints: [-10.50]
printing!
=== UDPpacket ===
id: 1
sz: 3, curr: 3
read_flag: 0b111
T_sample: 1000 ms
  data[0]:
    type: 0
    len: 1, curr: 1
    dataPoints: [0.00]
  data[1]:
    type: 1
    len: 1, curr: 1
    dataPoints: [5.06]
  data[2]:
    type: 2
    len: 1, curr: 1
    dataPoints: [0.00]
printing!
=== UDPpacket ===
id: 0
sz: 3, curr: 3
read_flag: 0b111
T_sample: 1000 ms
  data[0]:
    type: 0
    len: 1, curr: 1
    dataPoints: [1.90]
  data[1]:
    type: 1
    len: 1, curr: 1
    dataPoints: [3.33]
  data[2]:
    type: 2
    len: 1, curr: 1
    dataPoints: [-6.50]
printing!
=== UDPpacket ===
id: 1
sz: 3, curr: 3
read_flag: 0b111
T_sample: 1000 ms
  data[0]:
    type: 0
    len: 1, curr: 1
    dataPoints: [0.00]
  data[1]:
    type: 1
    len: 1, curr: 1
    dataPoints: [5.02]
  data[2]:
    type: 2
    len: 1, curr: 1
    dataPoints: [0.00]
printing!
=== UDPpacket ===
id: 0
sz: 3, curr: 3
read_flag: 0b111
T_sample: 1000 ms
  data[0]:
    type: 0
    len: 1, curr: 1
    dataPoints: [1.90]
  data[1]:
    type: 1
    len: 1, curr: 1
    dataPoints: [3.33]
  data[2]:
    type: 2
    len: 1, curr: 1
    dataPoints: [-10.50]
printing!
=== UDPpacket ===
id: 1
sz: 3, curr: 3
read_flag: 0b111
T_sample: 1000 ms
  data[0]:
    type: 0
    len: 1, curr: 1
    dataPoints: [-0.10]
  data[1]:
    type: 1
    len: 1, curr: 1
    dataPoints: [5.06]
  data[2]:
    type: 2
    len: 1, curr: 1
    dataPoints: [0.00]
printing!
=== UDPpacket ===
id: 0
sz: 3, curr: 3
read_flag: 0b111
T_sample: 1000 ms
  data[0]:
    type: 0
    len: 1, curr: 1
    dataPoints: [2.00]
  data[1]:
    type: 1
    len: 1, curr: 1
    dataPoints: [3.32]
  data[2]:
    type: 2
    len: 1, curr: 1
    dataPoints: [-10.50]
printing!
=== UDPpacket ===
id: 1
sz: 3, curr: 3
read_flag: 0b111
T_sample: 1000 ms
  data[0]:
    type: 0
    len: 1, curr: 1
    dataPoints: [-0.20]
  data[1]:
    type: 1
    len: 1, curr: 1
    dataPoints: [5.05]
  data[2]:
    type: 2
    len: 1, curr: 1
    dataPoints: [0.00]
printing!
=== UDPpacket ===
id: 0
sz: 3, curr: 3
read_flag: 0b111
T_sample: 1000 ms
  data[0]:
    type: 0
    len: 1, curr: 1
    dataPoints: [2.10]
  data[1]:
    type: 1
    len: 1, curr: 1
    dataPoints: [3.33]
  data[2]:
    type: 2
    len: 1, curr: 1
    dataPoints: [-10.50]
printing!
=== UDPpacket ===
id: 1
sz: 3, curr: 3
read_flag: 0b111
T_sample: 1000 ms
  data[0]:
    type: 0
    len: 1, curr: 1
    dataPoints: [0.00]
  data[1]:
    type: 1
    len: 1, curr: 1
    dataPoints: [5.03]
  data[2]:
    type: 2
    len: 1, curr: 1
    dataPoints: [0.00]
printing!
=== UDPpacket ===
id: 0
sz: 3, curr: 3
read_flag: 0b111
T_sample: 1000 ms
  data[0]:
    type: 0
    len: 1, curr: 1
    dataPoints: [1.90]
  data[1]:
    type: 1
    len: 1, curr: 1
    dataPoints: [3.32]
  data[2]:
    type: 2
    len: 1, curr: 1
    dataPoints: [-10.50]
printing!
=== UDPpacket ===
id: 1
sz: 3, curr: 3
read_flag: 0b111
T_sample: 1000 ms
  data[0]:
    type: 0
    len: 1, curr: 1
    dataPoints: [0.00]
  data[1]:
    type: 1
    len: 1, curr: 1
    dataPoints: [5.05]
  data[2]:
    type: 2
    len: 1, curr: 1
    dataPoints: [0.00]
printing!
=== UDPpacket ===
id: 0
sz: 3, curr: 3
read_flag: 0b111
T_sample: 1000 ms
  data[0]:
    type: 0
    len: 1, curr: 1
    dataPoints: [1.90]
  data[1]:
    type: 1
    len: 1, curr: 1
    dataPoints: [3.33]
  data[2]:
    type: 2
    len: 1, curr: 1
    dataPoints: [-10.50]
printing!
=== UDPpacket ===
id: 1
sz: 3, curr: 3
read_flag: 0b111
T_sample: 1000 ms
  data[0]:
    type: 0
    len: 1, curr: 1
    dataPoints: [0.20]
  data[1]:
    type: 1
    len: 1, curr: 1
    dataPoints: [5.02]
  data[2]:
    type: 2
    len: 1, curr: 1
    dataPoints: [0.00]
printing!
=== UDPpacket ===
id: 0
sz: 3, curr: 3
read_flag: 0b111
T_sample: 1000 ms
  data[0]:
    type: 0
    len: 1, curr: 1
    dataPoints: [2.20]
  data[1]:
    type: 1
    len: 1, curr: 1
    dataPoints: [3.33]
  data[2]:
    type: 2
    len: 1, curr: 1
    dataPoints: [-10.50]
printing!
=== UDPpacket ===
id: 1
sz: 3, curr: 3
read_flag: 0b111
T_sample: 1000 ms
  data[0]:
    type: 0
    len: 1, curr: 1
    dataPoints: [0.30]
  data[1]:
    type: 1
    len: 1, curr: 1
    dataPoints: [5.04]
  data[2]:
    type: 2
    len: 1, curr: 1
    dataPoints: [0.00]
printing!
=== UDPpacket ===
id: 0
sz: 3, curr: 3
read_flag: 0b111
T_sample: 1000 ms
  data[0]:
    type: 0
    len: 1, curr: 1
    dataPoints: [2.00]
  data[1]:
    type: 1
    len: 1, curr: 1
    dataPoints: [3.33]
  data[2]:
    type: 2
    len: 1, curr: 1
    dataPoints: [-10.50]
printing!
=== UDPpacket ===
id: 1
sz: 3, curr: 3
read_flag: 0b111
T_sample: 1000 ms
  data[0]:
    type: 0
    len: 1, curr: 1
    dataPoints: [0.00]
  data[1]:
    type: 1
    len: 1, curr: 1
    dataPoints: [5.03]
  data[2]:
    type: 2
    len: 1, curr: 1
    dataPoints: [0.00]
printing!
=== UDPpacket ===
id: 0
sz: 3, curr: 3
read_flag: 0b111
T_sample: 1000 ms
  data[0]:
    type: 0
    len: 1, curr: 1
    dataPoints: [2.20]
  data[1]:
    type: 1
    len: 1, curr: 1
    dataPoints: [3.33]
  data[2]:
    type: 2
    len: 1, curr: 1
    dataPoints: [-10.50]
printing!
=== UDPpacket ===
id: 1
sz: 3, curr: 3
read_flag: 0b111
T_sample: 1000 ms
  data[0]:
    type: 0
    len: 1, curr: 1
    dataPoints: [0.10]
  data[1]:
    type: 1
    len: 1, curr: 1
    dataPoints: [5.04]
  data[2]:
    type: 2
    len: 1, curr: 1
    dataPoints: [0.00]
printing!
=== UDPpacket ===
id: 0
sz: 3, curr: 3
read_flag: 0b111
T_sample: 1000 ms
  data[0]:
    type: 0
    len: 1, curr: 1
    dataPoints: [1.70]
  data[1]:
    type: 1
    len: 1, curr: 1
    dataPoints: [3.33]
  data[2]:
    type: 2
    len: 1, curr: 1
    dataPoints: [-10.50]
printing!
=== UDPpacket ===
id: 1
sz: 3, curr: 3
read_flag: 0b111
T_sample: 1000 ms
  data[0]:
    type: 0
    len: 1, curr: 1
    dataPoints: [0.20]
  data[1]:
    type: 1
    len: 1, curr: 1
    dataPoints: [5.03]
  data[2]:
    type: 2
    len: 1, curr: 1
    dataPoints: [0.00]
printing!
=== UDPpacket ===
id: 0
sz: 3, curr: 3
read_flag: 0b111
T_sample: 1000 ms
  data[0]:
    type: 0
    len: 1, curr: 1
    dataPoints: [1.70]
  data[1]:
    type: 1
    len: 1, curr: 1
    dataPoints: [3.33]
  data[2]:
    type: 2
    len: 1, curr: 1
    dataPoints: [-10.50]
printing!
=== UDPpacket ===
id: 1
sz: 3, curr: 3
read_flag: 0b111
T_sample: 1000 ms
  data[0]:
    type: 0
    len: 1, curr: 1
    dataPoints: [-0.10]
  data[1]:
    type: 1
    len: 1, curr: 1
    dataPoints: [5.05]
  data[2]:
    type: 2
    len: 1, curr: 1
    dataPoints: [0.00]
printing!
=== UDPpacket ===
id: 0
sz: 3, curr: 3
read_flag: 0b111
T_sample: 1000 ms
  data[0]:
    type: 0
    len: 1, curr: 1
    dataPoints: [2.10]
  data[1]:
    type: 1
    len: 1, curr: 1
    dataPoints: [3.32]
  data[2]:
    type: 2
    len: 1, curr: 1
    dataPoints: [-10.50]
printing!
=== UDPpacket ===
id: 1
sz: 3, curr: 3
read_flag: 0b111
T_sample: 1000 ms
  data[0]:
    type: 0
    len: 1, curr: 1
    dataPoints: [0.00]
  data[1]:
    type: 1
    len: 1, curr: 1
    dataPoints: [5.04]
  data[2]:
    type: 2
    len: 1, curr: 1
    dataPoints: [0.00]
printing!
=== UDPpacket ===
id: 0
sz: 3, curr: 3
read_flag: 0b111
T_sample: 1000 ms
  data[0]:
    type: 0
    len: 1, curr: 1
    dataPoints: [-1.20]
  data[1]:
    type: 1
    len: 1, curr: 1
    dataPoints: [3.33]
  data[2]:
    type: 2
    len: 1, curr: 1
    dataPoints: [-0.50]
printing!
=== UDPpacket ===
id: 1
sz: 3, curr: 3
read_flag: 0b111
T_sample: 1000 ms
  data[0]:
    type: 0
    len: 1, curr: 1
    dataPoints: [-0.20]
  data[1]:
    type: 1
    len: 1, curr: 1
    dataPoints: [5.03]
  data[2]:
    type: 2
    len: 1, curr: 1
    dataPoints: [0.00]
printing!
=== UDPpacket ===
id: 0
sz: 3, curr: 3
read_flag: 0b111
T_sample: 1000 ms
  data[0]:
    type: 0
    len: 1, curr: 1
    dataPoints: [1.10]
  data[1]:
    type: 1
    len: 1, curr: 1
    dataPoints: [3.33]
  data[2]:
    type: 2
    len: 1, curr: 1
    dataPoints: [-0.50]
printing!
=== UDPpacket ===
id: 1
sz: 3, curr: 3
read_flag: 0b111
T_sample: 1000 ms
  data[0]:
    type: 0
    len: 1, curr: 1
    dataPoints: [-0.40]
  data[1]:
    type: 1
    len: 1, curr: 1
    dataPoints: [5.04]
  data[2]:
    type: 2
    len: 1, curr: 1
    dataPoints: [0.00]
printing!
=== UDPpacket ===
id: 0
sz: 3, curr: 3
read_flag: 0b111
T_sample: 1000 ms
  data[0]:
    type: 0
    len: 1, curr: 1
    dataPoints: [0.90]
  data[1]:
    type: 1
    len: 1, curr: 1
    dataPoints: [3.33]
  data[2]:
    type: 2
    len: 1, curr: 1
    dataPoints: [-0.50]
printing!
=== UDPpacket ===
id: 1
sz: 3, curr: 3
read_flag: 0b111
T_sample: 1000 ms
  data[0]:
    type: 0
    len: 1, curr: 1
    dataPoints: [0.10]
  data[1]:
    type: 1
    len: 1, curr: 1
    dataPoints: [5.04]
  data[2]:
    type: 2
    len: 1, curr: 1
    dataPoints: [0.00]
printing!
=== UDPpacket ===
id: 0
sz: 3, curr: 3
read_flag: 0b111
T_sample: 1000 ms
  data[0]:
    type: 0
    len: 1, curr: 1
    dataPoints: [1.00]
  data[1]:
    type: 1
    len: 1, curr: 1
    dataPoints: [3.33]
  data[2]:
    type: 2
    len: 1, curr: 1
    dataPoints: [-0.50]
printing!
=== UDPpacket ===
id: 1
sz: 3, curr: 3
read_flag: 0b111
T_sample: 1000 ms
  data[0]:
    type: 0
    len: 1, curr: 1
    dataPoints: [-0.20]
  data[1]:
    type: 1
    len: 1, curr: 1
    dataPoints: [5.04]
  data[2]:
    type: 2
    len: 1, curr: 1
    dataPoints: [0.00]
printing!
=== UDPpacket ===
id: 0
sz: 3, curr: 3
read_flag: 0b111
T_sample: 1000 ms
  data[0]:
    type: 0
    len: 1, curr: 1
    dataPoints: [-1.80]
  data[1]:
    type: 1
    len: 1, curr: 1
    dataPoints: [3.33]
  data[2]:
    type: 2
    len: 1, curr: 1
    dataPoints: [-0.50]
printing!
=== UDPpacket ===
id: 1
sz: 3, curr: 3
read_flag: 0b111
T_sample: 1000 ms
  data[0]:
    type: 0
    len: 1, curr: 1
    dataPoints: [0.00]
  data[1]:
    type: 1
    len: 1, curr: 1
    dataPoints: [5.05]
  data[2]:
    type: 2
    len: 1, curr: 1
    dataPoints: [0.00]
printing!
=== UDPpacket ===
id: 0
sz: 3, curr: 3
read_flag: 0b111
T_sample: 1000 ms
  data[0]:
    type: 0
    len: 1, curr: 1
    dataPoints: [-0.40]
  data[1]:
    type: 1
    len: 1, curr: 1
    dataPoints: [3.33]
  data[2]:
    type: 2
    len: 1, curr: 1
    dataPoints: [-4.50]
printing!
=== UDPpacket ===
id: 1
sz: 3, curr: 3
read_flag: 0b111
T_sample: 1000 ms
  data[0]:
    type: 0
    len: 1, curr: 1
    dataPoints: [-0.20]
  data[1]:
    type: 1
    len: 1, curr: 1
    dataPoints: [5.03]
  data[2]:
    type: 2
    len: 1, curr: 1
    dataPoints: [0.00]
printing!
=== UDPpacket ===
id: 0
sz: 3, curr: 3
read_flag: 0b111
T_sample: 1000 ms
  data[0]:
    type: 0
    len: 1, curr: 1
    dataPoints: [1.00]
  data[1]:
    type: 1
    len: 1, curr: 1
    dataPoints: [3.33]
  data[2]:
    type: 2
    len: 1, curr: 1
    dataPoints: [3.50]
printing!
=== UDPpacket ===
id: 1
sz: 3, curr: 3
read_flag: 0b111
T_sample: 1000 ms
  data[0]:
    type: 0
    len: 1, curr: 1
    dataPoints: [0.20]
  data[1]:
    type: 1
    len: 1, curr: 1
    dataPoints: [5.04]
  data[2]:
    type: 2
    len: 1, curr: 1
    dataPoints: [0.00]
printing!
=== UDPpacket ===
id: 0
sz: 3, curr: 3
read_flag: 0b111
T_sample: 1000 ms
  data[0]:
    type: 0
    len: 1, curr: 1
    dataPoints: [0.60]
  data[1]:
    type: 1
    len: 1, curr: 1
    dataPoints: [3.33]
  data[2]:
    type: 2
    len: 1, curr: 1
    dataPoints: [-0.50]
printing!
=== UDPpacket ===
id: 1
sz: 3, curr: 3
read_flag: 0b111
T_sample: 1000 ms
  data[0]:
    type: 0
    len: 1, curr: 1
    dataPoints: [0.00]
  data[1]:
    type: 1
    len: 1, curr: 1
    dataPoints: [5.04]
  data[2]:
    type: 2
    len: 1, curr: 1
    dataPoints: [0.00]
printing!
=== UDPpacket ===
id: 0
sz: 3, curr: 3
read_flag: 0b111
T_sample: 1000 ms
  data[0]:
    type: 0
    len: 1, curr: 1
    dataPoints: [0.90]
  data[1]:
    type: 1
    len: 1, curr: 1
    dataPoints: [3.33]
  data[2]:
    type: 2
    len: 1, curr: 1
    dataPoints: [-4.50]
printing!
=== UDPpacket ===
id: 1
sz: 3, curr: 3
read_flag: 0b111
T_sample: 1000 ms
  data[0]:
    type: 0
    len: 1, curr: 1
    dataPoints: [-0.10]
  data[1]:
    type: 1
    len: 1, curr: 1
    dataPoints: [5.05]
  data[2]:
    type: 2
    len: 1, curr: 1
    dataPoints: [0.00]
printing!
=== UDPpacket ===
id: 0
sz: 3, curr: 3
read_flag: 0b111
T_sample: 1000 ms
  data[0]:
    type: 0
    len: 1, curr: 1
    dataPoints: [1.00]
  data[1]:
    type: 1
    len: 1, curr: 1
    dataPoints: [3.33]
  data[2]:
    type: 2
    len: 1, curr: 1
    dataPoints: [-0.50]
printing!
=== UDPpacket ===
id: 1
sz: 3, curr: 3
read_flag: 0b111
T_sample: 1000 ms
  data[0]:
    type: 0
    len: 1, curr: 1
    dataPoints: [-0.30]
  data[1]:
    type: 1
    len: 1, curr: 1
    dataPoints: [5.03]
  data[2]:
    type: 2
    len: 1, curr: 1
    dataPoints: [0.00]
printing!
=== UDPpacket ===
id: 0
sz: 3, curr: 3
read_flag: 0b111
T_sample: 1000 ms
  data[0]:
    type: 0
    len: 1, curr: 1
    dataPoints: [1.10]
  data[1]:
    type: 1
    len: 1, curr: 1
    dataPoints: [3.33]
  data[2]:
    type: 2
    len: 1, curr: 1
    dataPoints: [-0.50]
printing!
=== UDPpacket ===
id: 1
sz: 3, curr: 3
read_flag: 0b111
T_sample: 1000 ms
  data[0]:
    type: 0
    len: 1, curr: 1
    dataPoints: [0.10]
  data[1]:
    type: 1
    len: 1, curr: 1
    dataPoints: [5.03]
  data[2]:
    type: 2
    len: 1, curr: 1
    dataPoints: [0.00]
printing!
=== UDPpacket ===
id: 0
sz: 3, curr: 3
read_flag: 0b111
T_sample: 1000 ms
  data[0]:
    type: 0
    len: 1, curr: 1
    dataPoints: [0.90]
  data[1]:
    type: 1
    len: 1, curr: 1
    dataPoints: [3.33]
  data[2]:
    type: 2
    len: 1, curr: 1
    dataPoints: [-0.50]
printing!
=== UDPpacket ===
id: 1
sz: 3, curr: 3
read_flag: 0b111
T_sample: 1000 ms
  data[0]:
    type: 0
    len: 1, curr: 1
    dataPoints: [0.20]
  data[1]:
    type: 1
    len: 1, curr: 1
    dataPoints: [5.04]
  data[2]:
    type: 2
    len: 1, curr: 1
    dataPoints: [0.00]
printing!
=== UDPpacket ===
id: 0
sz: 3, curr: 3
read_flag: 0b111
T_sample: 1000 ms
  data[0]:
    type: 0
    len: 1, curr: 1
    dataPoints: [0.50]
  data[1]:
    type: 1
    len: 1, curr: 1
    dataPoints: [3.32]
  data[2]:
    type: 2
    len: 1, curr: 1
    dataPoints: [-0.50]
printing!
=== UDPpacket ===
id: 1
sz: 3, curr: 3
read_flag: 0b111
T_sample: 1000 ms
  data[0]:
    type: 0
    len: 1, curr: 1
    dataPoints: [-0.30]
  data[1]:
    type: 1
    len: 1, curr: 1
    dataPoints: [5.05]
  data[2]:
    type: 2
    len: 1, curr: 1
    dataPoints: [0.00]
printing!
=== UDPpacket ===
id: 0
sz: 3, curr: 3
read_flag: 0b111
T_sample: 1000 ms
  data[0]:
    type: 0
    len: 1, curr: 1
    dataPoints: [-0.20]
  data[1]:
    type: 1
    len: 1, curr: 1
    dataPoints: [3.33]
  data[2]:
    type: 2
    len: 1, curr: 1
    dataPoints: [-0.50]
printing!
=== UDPpacket ===
id: 1
sz: 3, curr: 3
read_flag: 0b111
T_sample: 1000 ms
  data[0]:
    type: 0
    len: 1, curr: 1
    dataPoints: [-0.10]
  data[1]:
    type: 1
    len: 1, curr: 1
    dataPoints: [5.02]
  data[2]:
    type: 2
    len: 1, curr: 1
    dataPoints: [0.00]
printing!
=== UDPpacket ===
id: 0
sz: 3, curr: 3
read_flag: 0b111
T_sample: 1000 ms
  data[0]:
    type: 0
    len: 1, curr: 1
    dataPoints: [-1.00]
  data[1]:
    type: 1
    len: 1, curr: 1
    dataPoints: [3.33]
  data[2]:
    type: 2
    len: 1, curr: 1
    dataPoints: [-0.50]
printing!
=== UDPpacket ===
id: 1
sz: 3, curr: 3
read_flag: 0b111
T_sample: 1000 ms
  data[0]:
    type: 0
    len: 1, curr: 1
    dataPoints: [0.00]
  data[1]:
    type: 1
    len: 1, curr: 1
    dataPoints: [5.03]
  data[2]:
    type: 2
    len: 1, curr: 1
    dataPoints: [0.00]
printing!
=== UDPpacket ===
id: 0
sz: 3, curr: 3
read_flag: 0b111
T_sample: 1000 ms
  data[0]:
    type: 0
    len: 1, curr: 1
    dataPoints: [0.80]
  data[1]:
    type: 1
    len: 1, curr: 1
    dataPoints: [3.32]
  data[2]:
    type: 2
    len: 1, curr: 1
    dataPoints: [3.50]
printing!
=== UDPpacket ===
id: 1
sz: 3, curr: 3
read_flag: 0b111
T_sample: 1000 ms
  data[0]:
    type: 0
    len: 1, curr: 1
    dataPoints: [0.00]
  data[1]:
    type: 1
    len: 1, curr: 1
    dataPoints: [5.06]
  data[2]:
    type: 2
    len: 1, curr: 1
    dataPoints: [0.00]
printing!
=== UDPpacket ===
id: 0
sz: 3, curr: 3
read_flag: 0b111
T_sample: 1000 ms
  data[0]:
    type: 0
    len: 1, curr: 1
    dataPoints: [0.90]
  data[1]:
    type: 1
    len: 1, curr: 1
    dataPoints: [3.33]
  data[2]:
    type: 2
    len: 1, curr: 1
    dataPoints: [-0.50]
printing!
=== UDPpacket ===
id: 1
sz: 3, curr: 3
read_flag: 0b111
T_sample: 1000 ms
  data[0]:
    type: 0
    len: 1, curr: 1
    dataPoints: [0.00]
  data[1]:
    type: 1
    len: 1, curr: 1
    dataPoints: [5.06]
  data[2]:
    type: 2
    len: 1, curr: 1
    dataPoints: [0.00]
printing!
=== UDPpacket ===
id: 0
sz: 3, curr: 3
read_flag: 0b111
T_sample: 1000 ms
  data[0]:
    type: 0
    len: 1, curr: 1
    dataPoints: [1.00]
  data[1]:
    type: 1
    len: 1, curr: 1
    dataPoints: [3.33]
  data[2]:
    type: 2
    len: 1, curr: 1
    dataPoints: [3.50]
printing!
=== UDPpacket ===
id: 1
sz: 3, curr: 3
read_flag: 0b111
T_sample: 1000 ms
  data[0]:
    type: 0
    len: 1, curr: 1
    dataPoints: [-0.40]
  data[1]:
    type: 1
    len: 1, curr: 1
    dataPoints: [5.05]
  data[2]:
    type: 2
    len: 1, curr: 1
    dataPoints: [0.00]
printing!
=== UDPpacket ===
id: 0
sz: 3, curr: 3
read_flag: 0b111
T_sample: 1000 ms
  data[0]:
    type: 0
    len: 1, curr: 1
    dataPoints: [1.20]
  data[1]:
    type: 1
    len: 1, curr: 1
    dataPoints: [3.32]
  data[2]:
    type: 2
    len: 1, curr: 1
    dataPoints: [3.50]
printing!
=== UDPpacket ===
id: 1
sz: 3, curr: 3
read_flag: 0b111
T_sample: 1000 ms
  data[0]:
    type: 0
    len: 1, curr: 1
    dataPoints: [-0.10]
  data[1]:
    type: 1
    len: 1, curr: 1
    dataPoints: [5.03]
  data[2]:
    type: 2
    len: 1, curr: 1
    dataPoints: [0.00]
printing!
=== UDPpacket ===
id: 0
sz: 3, curr: 3
read_flag: 0b111
T_sample: 1000 ms
  data[0]:
    type: 0
    len: 1, curr: 1
    dataPoints: [1.00]
  data[1]:
    type: 1
    len: 1, curr: 1
    dataPoints: [3.32]
  data[2]:
    type: 2
    len: 1, curr: 1
    dataPoints: [3.50]
printing!
=== UDPpacket ===
id: 1
sz: 3, curr: 3
read_flag: 0b111
T_sample: 1000 ms
  data[0]:
    type: 0
    len: 1, curr: 1
    dataPoints: [0.20]
  data[1]:
    type: 1
    len: 1, curr: 1
    dataPoints: [5.04]
  data[2]:
    type: 2
    len: 1, curr: 1
    dataPoints: [0.00]
printing!
=== UDPpacket ===
id: 0
sz: 3, curr: 3
read_flag: 0b111
T_sample: 1000 ms
  data[0]:
    type: 0
    len: 1, curr: 1
    dataPoints: [0.50]
  data[1]:
    type: 1
    len: 1, curr: 1
    dataPoints: [3.33]
  data[2]:
    type: 2
    len: 1, curr: 1
    dataPoints: [-0.50]
printing!
=== UDPpacket ===
id: 1
sz: 3, curr: 3
read_flag: 0b111
T_sample: 1000 ms
  data[0]:
    type: 0
    len: 1, curr: 1
    dataPoints: [0.00]
  data[1]:
    type: 1
    len: 1, curr: 1
    dataPoints: [5.04]
  data[2]:
    type: 2
    len: 1, curr: 1
    dataPoints: [0.00]
printing!
=== UDPpacket ===
id: 0
sz: 3, curr: 3
read_flag: 0b111
T_sample: 1000 ms
  data[0]:
    type: 0
    len: 1, curr: 1
    dataPoints: [0.00]
  data[1]:
    type: 1
    len: 1, curr: 1
    dataPoints: [3.33]
  data[2]:
    type: 2
    len: 1, curr: 1
    dataPoints: [3.50]
printing!
=== UDPpacket ===
id: 1
sz: 3, curr: 3
read_flag: 0b111
T_sample: 1000 ms
  data[0]:
    type: 0
    len: 1, curr: 1
    dataPoints: [-0.10]
  data[1]:
    type: 1
    len: 1, curr: 1
    dataPoints: [5.05]
  data[2]:
    type: 2
    len: 1, curr: 1
    dataPoints: [0.00]
printing!
=== UDPpacket ===
id: 0
sz: 3, curr: 3
read_flag: 0b111
T_sample: 1000 ms
  data[0]:
    type: 0
    len: 1, curr: 1
    dataPoints: [-1.40]
  data[1]:
    type: 1
    len: 1, curr: 1
    dataPoints: [3.33]
  data[2]:
    type: 2
    len: 1, curr: 1
    dataPoints: [-4.50]
printing!
=== UDPpacket ===
id: 1
sz: 3, curr: 3
read_flag: 0b111
T_sample: 1000 ms
  data[0]:
    type: 0
    len: 1, curr: 1
    dataPoints: [0.10]
  data[1]:
    type: 1
    len: 1, curr: 1
    dataPoints: [5.06]
  data[2]:
    type: 2
    len: 1, curr: 1
    dataPoints: [0.00]
printing!
=== UDPpacket ===
id: 0
sz: 3, curr: 3
read_flag: 0b111
T_sample: 1000 ms
  data[0]:
    type: 0
    len: 1, curr: 1
    dataPoints: [1.00]
  data[1]:
    type: 1
    len: 1, curr: 1
    dataPoints: [3.32]
  data[2]:
    type: 2
    len: 1, curr: 1
    dataPoints: [3.50]
printing!
=== UDPpacket ===
id: 1
sz: 3, curr: 3
read_flag: 0b111
T_sample: 1000 ms
  data[0]:
    type: 0
    len: 1, curr: 1
    dataPoints: [-0.10]
  data[1]:
    type: 1
    len: 1, curr: 1
    dataPoints: [5.04]
  data[2]:
    type: 2
    len: 1, curr: 1
    dataPoints: [0.00]
printing!
=== UDPpacket ===
id: 0
sz: 3, curr: 3
read_flag: 0b111
T_sample: 1000 ms
  data[0]:
    type: 0
    len: 1, curr: 1
    dataPoints: [0.90]
  data[1]:
    type: 1
    len: 1, curr: 1
    dataPoints: [3.33]
  data[2]:
    type: 2
    len: 1, curr: 1
    dataPoints: [-0.50]
printing!
=== UDPpacket ===
id: 1
sz: 3, curr: 3
read_flag: 0b111
T_sample: 1000 ms
  data[0]:
    type: 0
    len: 1, curr: 1
    dataPoints: [-0.10]
  data[1]:
    type: 1
    len: 1, curr: 1
    dataPoints: [5.06]
  data[2]:
    type: 2
    len: 1, curr: 1
    dataPoints: [0.00]
printing!
=== UDPpacket ===
id: 0
sz: 3, curr: 3
read_flag: 0b111
T_sample: 1000 ms
  data[0]:
    type: 0
    len: 1, curr: 1
    dataPoints: [0.90]
  data[1]:
    type: 1
    len: 1, curr: 1
    dataPoints: [3.33]
  data[2]:
    type: 2
    len: 1, curr: 1
    dataPoints: [3.50]
printing!
=== UDPpacket ===
id: 1
sz: 3, curr: 3
read_flag: 0b111
T_sample: 1000 ms
  data[0]:
    type: 0
    len: 1, curr: 1
    dataPoints: [-0.10]
  data[1]:
    type: 1
    len: 1, curr: 1
    dataPoints: [5.04]
  data[2]:
    type: 2
    len: 1, curr: 1
    dataPoints: [0.00]
printing!
=== UDPpacket ===
id: 0
sz: 3, curr: 3
read_flag: 0b111
T_sample: 1000 ms
  data[0]:
    type: 0
    len: 1, curr: 1
    dataPoints: [1.20]
  data[1]:
    type: 1
    len: 1, curr: 1
    dataPoints: [3.33]
  data[2]:
    type: 2
    len: 1, curr: 1
    dataPoints: [-0.50]
printing!
=== UDPpacket ===
id: 1
sz: 3, curr: 3
read_flag: 0b111
T_sample: 1000 ms
  data[0]:
    type: 0
    len: 1, curr: 1
    dataPoints: [-0.10]
  data[1]:
    type: 1
    len: 1, curr: 1
    dataPoints: [5.03]
  data[2]:
    type: 2
    len: 1, curr: 1
    dataPoints: [0.00]
printing!
=== UDPpacket ===
id: 0
sz: 3, curr: 3
read_flag: 0b111
T_sample: 1000 ms
  data[0]:
    type: 0
    len: 1, curr: 1
    dataPoints: [1.00]
  data[1]:
    type: 1
    len: 1, curr: 1
    dataPoints: [3.33]
  data[2]:
    type: 2
    len: 1, curr: 1
    dataPoints: [-0.50]
printing!
=== UDPpacket ===
id: 1
sz: 3, curr: 3
read_flag: 0b111
T_sample: 1000 ms
  data[0]:
    type: 0
    len: 1, curr: 1
    dataPoints: [-0.20]
  data[1]:
    type: 1
    len: 1, curr: 1
    dataPoints: [5.04]
  data[2]:
    type: 2
    len: 1, curr: 1
    dataPoints: [4.00]
printing!
=== UDPpacket ===
id: 0
sz: 3, curr: 3
read_flag: 0b111
T_sample: 1000 ms
  data[0]:
    type: 0
    len: 1, curr: 1
    dataPoints: [0.60]
  data[1]:
    type: 1
    len: 1, curr: 1
    dataPoints: [3.33]
  data[2]:
    type: 2
    len: 1, curr: 1
    dataPoints: [-0.50]
printing!
=== UDPpacket ===
id: 1
sz: 3, curr: 3
read_flag: 0b111
T_sample: 1000 ms
  data[0]:
    type: 0
    len: 1, curr: 1
    dataPoints: [-0.10]
  data[1]:
    type: 1
    len: 1, curr: 1
    dataPoints: [5.05]
  data[2]:
    type: 2
    len: 1, curr: 1
    dataPoints: [0.00]
printing!
=== UDPpacket ===
id: 0
sz: 3, curr: 3
read_flag: 0b111
T_sample: 1000 ms
  data[0]:
    type: 0
    len: 1, curr: 1
    dataPoints: [0.30]
  data[1]:
    type: 1
    len: 1, curr: 1
    dataPoints: [3.32]
  data[2]:
    type: 2
    len: 1, curr: 1
    dataPoints: [-0.50]
printing!
=== UDPpacket ===
id: 1
sz: 3, curr: 3
read_flag: 0b111
T_sample: 1000 ms
  data[0]:
    type: 0
    len: 1, curr: 1
    dataPoints: [0.00]
  data[1]:
    type: 1
    len: 1, curr: 1
    dataPoints: [5.02]
  data[2]:
    type: 2
    len: 1, curr: 1
    dataPoints: [0.00]
printing!
=== UDPpacket ===
id: 0
sz: 3, curr: 3
read_flag: 0b111
T_sample: 1000 ms
  data[0]:
    type: 0
    len: 1, curr: 1
    dataPoints: [-0.30]
  data[1]:
    type: 1
    len: 1, curr: 1
    dataPoints: [3.32]
  data[2]:
    type: 2
    len: 1, curr: 1
    dataPoints: [-0.50]
printing!
=== UDPpacket ===
id: 1
sz: 3, curr: 3
read_flag: 0b111
T_sample: 1000 ms
  data[0]:
    type: 0
    len: 1, curr: 1
    dataPoints: [-0.10]
  data[1]:
    type: 1
    len: 1, curr: 1
    dataPoints: [5.04]
  data[2]:
    type: 2
    len: 1, curr: 1
    dataPoints: [0.00]
printing!
=== UDPpacket ===
id: 0
sz: 3, curr: 3
read_flag: 0b111
T_sample: 1000 ms
  data[0]:
    type: 0
    len: 1, curr: 1
    dataPoints: [0.30]
  data[1]:
    type: 1
    len: 1, curr: 1
    dataPoints: [3.33]
  data[2]:
    type: 2
    len: 1, curr: 1
    dataPoints: [-0.50]
printing!
=== UDPpacket ===
id: 1
sz: 3, curr: 3
read_flag: 0b111
T_sample: 1000 ms
  data[0]:
    type: 0
    len: 1, curr: 1
    dataPoints: [0.00]
  data[1]:
    type: 1
    len: 1, curr: 1
    dataPoints: [5.03]
  data[2]:
    type: 2
    len: 1, curr: 1
    dataPoints: [0.00]
printing!
=== UDPpacket ===
id: 0
sz: 3, curr: 3
read_flag: 0b111
T_sample: 1000 ms
  data[0]:
    type: 0
    len: 1, curr: 1
    dataPoints: [1.00]
  data[1]:
    type: 1
    len: 1, curr: 1
    dataPoints: [3.33]
  data[2]:
    type: 2
    len: 1, curr: 1
    dataPoints: [-0.50]
printing!
=== UDPpacket ===
id: 1
sz: 3, curr: 3
read_flag: 0b111
T_sample: 1000 ms
  data[0]:
    type: 0
    len: 1, curr: 1
    dataPoints: [0.20]
  data[1]:
    type: 1
    len: 1, curr: 1
    dataPoints: [5.06]
  data[2]:
    type: 2
    len: 1, curr: 1
    dataPoints: [0.00]
printing!
=== UDPpacket ===
id: 0
sz: 3, curr: 3
read_flag: 0b111
T_sample: 1000 ms
  data[0]:
    type: 0
    len: 1, curr: 1
    dataPoints: [1.10]
  data[1]:
    type: 1
    len: 1, curr: 1
    dataPoints: [3.33]
  data[2]:
    type: 2
    len: 1, curr: 1
    dataPoints: [-0.50]
printing!
=== UDPpacket ===
id: 1
sz: 3, curr: 3
read_flag: 0b111
T_sample: 1000 ms
  data[0]:
    type: 0
    len: 1, curr: 1
    dataPoints: [0.10]
  data[1]:
    type: 1
    len: 1, curr: 1
    dataPoints: [5.04]
  data[2]:
    type: 2
    len: 1, curr: 1
    dataPoints: [0.00]
printing!
=== UDPpacket ===
id: 0
sz: 3, curr: 3
read_flag: 0b111
T_sample: 1000 ms
  data[0]:
    type: 0
    len: 1, curr: 1
    dataPoints: [1.00]
  data[1]:
    type: 1
    len: 1, curr: 1
    dataPoints: [3.32]
  data[2]:
    type: 2
    len: 1, curr: 1
    dataPoints: [3.50]
[ 79511][E][WiFiClient.cpp:275] connect(): socket error on fd 48, errno: 104, "Connection reset by peer"
[ 79812][E][WiFiClient.cpp:275] connect(): socket error on fd 48, errno: 104, "Connection reset by peer"
[ 80728][E][WiFiClient.cpp:275] connect(): socket error on fd 48, errno: 104, "Connection reset by peer"
[ 81057][E][WiFiClient.cpp:275] connect(): socket error on fd 48, errno: 104, "Connection reset by peer"
[ 81342][E][WiFiClient.cpp:275] connect(): socket error on fd 48, errno: 104, "Connection reset by peer"
[ 81669][E][WiFiClient.cpp:275] connect(): socket error on fd 48, errno: 104, "Connection reset by peer"
[ 82571][E][WiFiClient.cpp:275] connect(): socket error on fd 48, errno: 104, "Connection reset by peer"
[ 82883][E][WiFiClient.cpp:275] connect(): socket error on fd 48, errno: 104, "Connection reset by peer"
[ 83800][E][WiFiClient.cpp:275] connect(): socket error on fd 48, errno: 104, "Connection reset by peer"
[ 84107][E][WiFiClient.cpp:275] connect(): socket error on fd 48, errno: 104, "Connection reset by peer"
[ 84232][E][WiFiClient.cpp:275] connect(): socket error on fd 48, errno: 104, "Connection reset by peer"
