printing!
=== UDPpacket ===
id: 1
sz: 3, curr: 3
read_flag: 0b111
T_sample: 500 ms
  data[0]:
    type: 0
    len: 3, curr: 3
    dataPoints: [0.10, -0.20, -0.20]
  data[1]:
    type: 1
    len: 3, curr: 3
    dataPoints: [5.05, 5.05, 5.06]
  data[2]:
    type: 2
    len: 3, curr: 3
    dataPoints: [0.00, 0.00, 0.00]
===== Received packet: ===== 
 time:
=== UDPpacket ===
id: 0
sz: 3, curr: 3
read_flag: 0b111
T_sample: 500 ms
  data[0]:
    type: 0
    len: 3, curr: 3
    dataPoints: [-5.30, -5.00, -8.80]
  data[1]:
    type: 1
    len: 3, curr: 3
    dataPoints: [3.33, 3.32, 3.33]
  data[2]:
    type: 2
    len: 3, curr: 3
    dataPoints: [20.00, 16.00, 26.00]
printing!
=== UDPpacket ===
id: 0
sz: 3, curr: 3
read_flag: 0b111
T_sample: 500 ms
  data[0]:
    type: 0
    len: 3, curr: 3
    dataPoints: [-5.30, -5.00, -8.80]
  data[1]:
    type: 1
    len: 3, curr: 3
    dataPoints: [3.33, 3.32, 3.33]
  data[2]:
    type: 2
    len: 3, curr: 3
    dataPoints: [20.00, 16.00, 26.00]
===== Received packet: ===== 
 time:
=== UDPpacket ===
id: 1
sz: 3, curr: 3
read_flag: 0b111
T_sample: 500 ms
  data[0]:
    type: 0
    len: 3, curr: 3
    dataPoints: [0.10, 0.10, 0.20]
  data[1]:
    type: 1
    len: 3, curr: 3
    dataPoints: [5.03, 5.05, 5.04]
  data[2]:
    type: 2
    len: 3, curr: 3
    dataPoints: [0.00, 0.00, 0.00]
printing!
=== UDPpacket ===
id: 1
sz: 3, curr: 3
read_flag: 0b111
T_sample: 500 ms
  data[0]:
    type: 0
    len: 3, curr: 3
    dataPoints: [0.10, 0.10, 0.20]
  data[1]:
    type: 1
    len: 3, curr: 3
    dataPoints: [5.03, 5.05, 5.04]
  data[2]:
    type: 2
    len: 3, curr: 3
    dataPoints: [0.00, 0.00, 0.00]
===== Received packet: ===== 
 time:
=== UDPpacket ===
id: 0
sz: 3, curr: 3
read_flag: 0b111
T_sample: 500 ms
  data[0]:
    type: 0
    len: 3, curr: 3
    dataPoints: [-5.20, -5.40, -8.50]
  data[1]:
    type: 1
    len: 3, curr: 3
    dataPoints: [3.33, 3.33, 3.32]
  data[2]:
    type: 2
    len: 3, curr: 3
    dataPoints: [16.00, 16.00, 30.00]
printing!
=== UDPpacket ===
id: 0
sz: 3, curr: 3
read_flag: 0b111
T_sample: 500 ms
  data[0]:
    type: 0
    len: 3, curr: 3
    dataPoints: [-5.20, -5.40, -8.50]
  data[1]:
    type: 1
    len: 3, curr: 3
    dataPoints: [3.33, 3.33, 3.32]
  data[2]:
    type: 2
    len: 3, curr: 3
    dataPoints: [16.00, 16.00, 30.00]
===== Received packet: ===== 
 time:
=== UDPpacket ===
id: 1
sz: 3, curr: 3
read_flag: 0b111
T_sample: 500 ms
  data[0]:
    type: 0
    len: 3, curr: 3
    dataPoints: [-0.20, 0.10, 0.00]
  data[1]:
    type: 1
    len: 3, curr: 3
    dataPoints: [5.04, 5.03, 5.05]
  data[2]:
    type: 2
    len: 3, curr: 3
    dataPoints: [0.00, 0.00, 4.00]
printing!
=== UDPpacket ===
id: 1
sz: 3, curr: 3
read_flag: 0b111
T_sample: 500 ms
  data[0]:
    type: 0
    len: 3, curr: 3
    dataPoints: [-0.20, 0.10, 0.00]
  data[1]:
    type: 1
    len: 3, curr: 3
    dataPoints: [5.04, 5.03, 5.05]
  data[2]:
    type: 2
    len: 3, curr: 3
    dataPoints: [0.00, 0.00, 4.00]
===== Received packet: ===== 
 time:
=== UDPpacket ===
id: 0
sz: 3, curr: 3
read_flag: 0b111
T_sample: 500 ms
  data[0]:
    type: 0
    len: 3, curr: 3
    dataPoints: [-5.40, -5.10, -6.70]
  data[1]:
    type: 1
    len: 3, curr: 3
    dataPoints: [3.33, 3.33, 3.33]
  data[2]:
    type: 2
    len: 3, curr: 3
    dataPoints: [16.00, 16.00, 26.00]
printing!
=== UDPpacket ===
id: 0
sz: 3, curr: 3
read_flag: 0b111
T_sample: 500 ms
  data[0]:
    type: 0
    len: 3, curr: 3
    dataPoints: [-5.40, -5.10, -6.70]
  data[1]:
    type: 1
    len: 3, curr: 3
    dataPoints: [3.33, 3.33, 3.33]
  data[2]:
    type: 2
    len: 3, curr: 3
    dataPoints: [16.00, 16.00, 26.00]
===== Received packet: ===== 
 time:
=== UDPpacket ===
id: 1
sz: 3, curr: 3
read_flag: 0b111
T_sample: 500 ms
  data[0]:
    type: 0
    len: 3, curr: 3
    dataPoints: [0.00, -0.10, 0.10]
  data[1]:
    type: 1
    len: 3, curr: 3
    dataPoints: [5.06, 5.04, 5.06]
  data[2]:
    type: 2
    len: 3, curr: 3
    dataPoints: [0.00, 0.00, 0.00]
printing!
=== UDPpacket ===
id: 1
sz: 3, curr: 3
read_flag: 0b111
T_sample: 500 ms
  data[0]:
    type: 0
    len: 3, curr: 3
    dataPoints: [0.00, -0.10, 0.10]
  data[1]:
    type: 1
    len: 3, curr: 3
    dataPoints: [5.06, 5.04, 5.06]
  data[2]:
    type: 2
    len: 3, curr: 3
    dataPoints: [0.00, 0.00, 0.00]
===== Received packet: ===== 
 time:
=== UDPpacket ===
id: 0
sz: 3, curr: 3
read_flag: 0b111
T_sample: 500 ms
  data[0]:
    type: 0
    len: 3, curr: 3
    dataPoints: [-5.10, -5.10, -9.00]
  data[1]:
    type: 1
    len: 3, curr: 3
    dataPoints: [3.33, 3.33, 3.33]
  data[2]:
    type: 2
    len: 3, curr: 3
    dataPoints: [16.00, 16.00, 26.00]
printing!
=== UDPpacket ===
id: 0
sz: 3, curr: 3
read_flag: 0b111
T_sample: 500 ms
  data[0]:
    type: 0
    len: 3, curr: 3
    dataPoints: [-5.10, -5.10, -9.00]
  data[1]:
    type: 1
    len: 3, curr: 3
    dataPoints: [3.33, 3.33, 3.33]
  data[2]:
    type: 2
    len: 3, curr: 3
    dataPoints: [16.00, 16.00, 26.00]
===== Received packet: ===== 
 time:
=== UDPpacket ===
id: 1
sz: 3, curr: 3
read_flag: 0b111
T_sample: 500 ms
  data[0]:
    type: 0
    len: 3, curr: 3
    dataPoints: [0.10, -0.10, -0.50]
  data[1]:
    type: 1
    len: 3, curr: 3
    dataPoints: [5.05, 5.04, 5.05]
  data[2]:
    type: 2
    len: 3, curr: 3
    dataPoints: [0.00, 0.00, 0.00]
printing!
=== UDPpacket ===
id: 1
sz: 3, curr: 3
read_flag: 0b111
T_sample: 500 ms
  data[0]:
    type: 0
    len: 3, curr: 3
    dataPoints: [0.10, -0.10, -0.50]
  data[1]:
    type: 1
    len: 3, curr: 3
    dataPoints: [5.05, 5.04, 5.05]
  data[2]:
    type: 2
    len: 3, curr: 3
    dataPoints: [0.00, 0.00, 0.00]
===== Received packet: ===== 
 time:
=== UDPpacket ===
id: 0
sz: 3, curr: 3
read_flag: 0b111
T_sample: 500 ms
  data[0]:
    type: 0
    len: 3, curr: 3
    dataPoints: [-5.20, -7.90, -8.00]
  data[1]:
    type: 1
    len: 3, curr: 3
    dataPoints: [3.33, 3.32, 3.33]
  data[2]:
    type: 2
    len: 3, curr: 3
    dataPoints: [16.00, 26.00, 26.00]
printing!
=== UDPpacket ===
id: 0
sz: 3, curr: 3
read_flag: 0b111
T_sample: 500 ms
  data[0]:
    type: 0
    len: 3, curr: 3
    dataPoints: [-5.20, -7.90, -8.00]
  data[1]:
    type: 1
    len: 3, curr: 3
    dataPoints: [3.33, 3.32, 3.33]
  data[2]:
    type: 2
    len: 3, curr: 3
    dataPoints: [16.00, 26.00, 26.00]
===== Received packet: ===== 
 time:
=== UDPpacket ===
id: 1
sz: 3, curr: 3
read_flag: 0b111
T_sample: 500 ms
  data[0]:
    type: 0
    len: 3, curr: 3
    dataPoints: [-0.20, 0.10, 0.10]
  data[1]:
    type: 1
    len: 3, curr: 3
    dataPoints: [5.04, 5.05, 5.04]
  data[2]:
    type: 2
    len: 3, curr: 3
    dataPoints: [0.00, 0.00, 0.00]
printing!
=== UDPpacket ===
id: 1
sz: 3, curr: 3
read_flag: 0b111
T_sample: 500 ms
  data[0]:
    type: 0
    len: 3, curr: 3
    dataPoints: [-0.20, 0.10, 0.10]
  data[1]:
    type: 1
    len: 3, curr: 3
    dataPoints: [5.04, 5.05, 5.04]
  data[2]:
    type: 2
    len: 3, curr: 3
    dataPoints: [0.00, 0.00, 0.00]
===== Received packet: ===== 
 time:
=== UDPpacket ===
id: 0
sz: 3, curr: 3
read_flag: 0b111
T_sample: 500 ms
  data[0]:
    type: 0
    len: 3, curr: 3
    dataPoints: [-5.80, -5.10, -9.30]
  data[1]:
    type: 1
    len: 3, curr: 3
    dataPoints: [3.33, 3.33, 3.33]
  data[2]:
    type: 2
    len: 3, curr: 3
    dataPoints: [16.00, 16.00, 26.00]
printing!
=== UDPpacket ===
id: 0
sz: 3, curr: 3
read_flag: 0b111
T_sample: 500 ms
  data[0]:
    type: 0
    len: 3, curr: 3
    dataPoints: [-5.80, -5.10, -9.30]
  data[1]:
    type: 1
    len: 3, curr: 3
    dataPoints: [3.33, 3.33, 3.33]
  data[2]:
    type: 2
    len: 3, curr: 3
    dataPoints: [16.00, 16.00, 26.00]
===== Received packet: ===== 
 time:
=== UDPpacket ===
id: 1
sz: 3, curr: 3
read_flag: 0b111
T_sample: 500 ms
  data[0]:
    type: 0
    len: 3, curr: 3
    dataPoints: [0.10, 0.10, -0.10]
  data[1]:
    type: 1
    len: 3, curr: 3
    dataPoints: [5.04, 5.04, 5.04]
  data[2]:
    type: 2
    len: 3, curr: 3
    dataPoints: [4.00, 0.00, 0.00]
printing!
=== UDPpacket ===
id: 1
sz: 3, curr: 3
read_flag: 0b111
T_sample: 500 ms
  data[0]:
    type: 0
    len: 3, curr: 3
    dataPoints: [0.10, 0.10, -0.10]
  data[1]:
    type: 1
    len: 3, curr: 3
    dataPoints: [5.04, 5.04, 5.04]
  data[2]:
    type: 2
    len: 3, curr: 3
    dataPoints: [4.00, 0.00, 0.00]
===== Received packet: ===== 
 time:
=== UDPpacket ===
id: 0
sz: 3, curr: 3
read_flag: 0b111
T_sample: 500 ms
  data[0]:
    type: 0
    len: 3, curr: 3
    dataPoints: [-4.90, -5.30, -8.40]
  data[1]:
    type: 1
    len: 3, curr: 3
    dataPoints: [3.33, 3.33, 3.33]
  data[2]:
    type: 2
    len: 3, curr: 3
    dataPoints: [16.00, 16.00, 26.00]
printing!
=== UDPpacket ===
id: 0
sz: 3, curr: 3
read_flag: 0b111
T_sample: 500 ms
  data[0]:
    type: 0
    len: 3, curr: 3
    dataPoints: [-4.90, -5.30, -8.40]
  data[1]:
    type: 1
    len: 3, curr: 3
    dataPoints: [3.33, 3.33, 3.33]
  data[2]:
    type: 2
    len: 3, curr: 3
    dataPoints: [16.00, 16.00, 26.00]
===== Received packet: ===== 
 time:
=== UDPpacket ===
id: 1
sz: 3, curr: 3
read_flag: 0b111
T_sample: 500 ms
  data[0]:
    type: 0
    len: 3, curr: 3
    dataPoints: [0.00, -0.20, 0.20]
  data[1]:
    type: 1
    len: 3, curr: 3
    dataPoints: [5.05, 5.06, 5.06]
  data[2]:
    type: 2
    len: 3, curr: 3
    dataPoints: [0.00, 0.00, 0.00]
printing!
=== UDPpacket ===
id: 1
sz: 3, curr: 3
read_flag: 0b111
T_sample: 500 ms
  data[0]:
    type: 0
    len: 3, curr: 3
    dataPoints: [0.00, -0.20, 0.20]
  data[1]:
    type: 1
    len: 3, curr: 3
    dataPoints: [5.05, 5.06, 5.06]
  data[2]:
    type: 2
    len: 3, curr: 3
    dataPoints: [0.00, 0.00, 0.00]
===== Received packet: ===== 
 time:
=== UDPpacket ===
id: 0
sz: 3, curr: 3
read_flag: 0b111
T_sample: 500 ms
  data[0]:
    type: 0
    len: 3, curr: 3
    dataPoints: [-5.30, -7.50, -8.90]
  data[1]:
    type: 1
    len: 3, curr: 3
    dataPoints: [3.33, 3.33, 3.32]
  data[2]:
    type: 2
    len: 3, curr: 3
    dataPoints: [16.00, 26.00, 26.00]
printing!
=== UDPpacket ===
id: 0
sz: 3, curr: 3
read_flag: 0b111
T_sample: 500 ms
  data[0]:
    type: 0
    len: 3, curr: 3
    dataPoints: [-5.30, -7.50, -8.90]
  data[1]:
    type: 1
    len: 3, curr: 3
    dataPoints: [3.33, 3.33, 3.32]
  data[2]:
    type: 2
    len: 3, curr: 3
    dataPoints: [16.00, 26.00, 26.00]
===== Received packet: ===== 
 time:
=== UDPpacket ===
id: 1
sz: 3, curr: 3
read_flag: 0b111
T_sample: 500 ms
  data[0]:
    type: 0
    len: 3, curr: 3
    dataPoints: [0.00, 0.10, 0.10]
  data[1]:
    type: 1
    len: 3, curr: 3
    dataPoints: [5.04, 5.06, 5.04]
  data[2]:
    type: 2
    len: 3, curr: 3
    dataPoints: [0.00, 0.00, 0.00]
printing!
=== UDPpacket ===
id: 1
sz: 3, curr: 3
read_flag: 0b111
T_sample: 500 ms
  data[0]:
    type: 0
    len: 3, curr: 3
    dataPoints: [0.00, 0.10, 0.10]
  data[1]:
    type: 1
    len: 3, curr: 3
    dataPoints: [5.04, 5.06, 5.04]
  data[2]:
    type: 2
    len: 3, curr: 3
    dataPoints: [0.00, 0.00, 0.00]
===== Received packet: ===== 
 time:
=== UDPpacket ===
id: 0
sz: 3, curr: 3
read_flag: 0b111
T_sample: 500 ms
  data[0]:
    type: 0
    len: 3, curr: 3
    dataPoints: [-5.10, -5.40, -11.10]
  data[1]:
    type: 1
    len: 3, curr: 3
    dataPoints: [3.33, 3.33, 3.33]
  data[2]:
    type: 2
    len: 3, curr: 3
    dataPoints: [16.00, 16.00, 26.00]
printing!
=== UDPpacket ===
id: 0
sz: 3, curr: 3
read_flag: 0b111
T_sample: 500 ms
  data[0]:
    type: 0
    len: 3, curr: 3
    dataPoints: [-5.10, -5.40, -11.10]
  data[1]:
    type: 1
    len: 3, curr: 3
    dataPoints: [3.33, 3.33, 3.33]
  data[2]:
    type: 2
    len: 3, curr: 3
    dataPoints: [16.00, 16.00, 26.00]
===== Received packet: ===== 
 time:
=== UDPpacket ===
id: 1
sz: 3, curr: 3
read_flag: 0b111
T_sample: 500 ms
  data[0]:
    type: 0
    len: 3, curr: 3
    dataPoints: [0.00, -0.10, 0.20]
  data[1]:
    type: 1
    len: 3, curr: 3
    dataPoints: [5.05, 5.05, 5.04]
  data[2]:
    type: 2
    len: 3, curr: 3
    dataPoints: [0.00, 0.00, 0.00]
printing!
=== UDPpacket ===
id: 1
sz: 3, curr: 3
read_flag: 0b111
T_sample: 500 ms
  data[0]:
    type: 0
    len: 3, curr: 3
    dataPoints: [0.00, -0.10, 0.20]
  data[1]:
    type: 1
    len: 3, curr: 3
    dataPoints: [5.05, 5.05, 5.04]
  data[2]:
    type: 2
    len: 3, curr: 3
    dataPoints: [0.00, 0.00, 0.00]
===== Received packet: ===== 
 time:
=== UDPpacket ===
id: 0
sz: 3, curr: 3
read_flag: 0b111
T_sample: 500 ms
  data[0]:
    type: 0
    len: 3, curr: 3
    dataPoints: [-8.00, -5.30, -8.60]
  data[1]:
    type: 1
    len: 3, curr: 3
    dataPoints: [3.33, 3.33, 3.32]
  data[2]:
    type: 2
    len: 3, curr: 3
    dataPoints: [26.00, 16.00, 30.00]
printing!
=== UDPpacket ===
id: 0
sz: 3, curr: 3
read_flag: 0b111
T_sample: 500 ms
  data[0]:
    type: 0
    len: 3, curr: 3
    dataPoints: [-8.00, -5.30, -8.60]
  data[1]:
    type: 1
    len: 3, curr: 3
    dataPoints: [3.33, 3.33, 3.32]
  data[2]:
    type: 2
    len: 3, curr: 3
    dataPoints: [26.00, 16.00, 30.00]
===== Received packet: ===== 
 time:
=== UDPpacket ===
id: 1
sz: 3, curr: 3
read_flag: 0b111
T_sample: 500 ms
  data[0]:
    type: 0
    len: 3, curr: 3
    dataPoints: [0.00, 0.10, 0.20]
  data[1]:
    type: 1
    len: 3, curr: 3
    dataPoints: [5.04, 5.04, 5.04]
  data[2]:
    type: 2
    len: 3, curr: 3
    dataPoints: [0.00, 0.00, 4.00]
printing!
=== UDPpacket ===
id: 1
sz: 3, curr: 3
read_flag: 0b111
T_sample: 500 ms
  data[0]:
    type: 0
    len: 3, curr: 3
    dataPoints: [0.00, 0.10, 0.20]
  data[1]:
    type: 1
    len: 3, curr: 3
    dataPoints: [5.04, 5.04, 5.04]
  data[2]:
    type: 2
    len: 3, curr: 3
    dataPoints: [0.00, 0.00, 4.00]
===== Received packet: ===== 
 time:
=== UDPpacket ===
id: 0
sz: 3, curr: 3
read_flag: 0b111
T_sample: 500 ms
  data[0]:
    type: 0
    len: 3, curr: 3
    dataPoints: [-5.20, -7.00, -9.70]
  data[1]:
    type: 1
    len: 3, curr: 3
    dataPoints: [3.33, 3.33, 3.33]
  data[2]:
    type: 2
    len: 3, curr: 3
    dataPoints: [16.00, 26.00, 26.00]
printing!
=== UDPpacket ===
id: 0
sz: 3, curr: 3
read_flag: 0b111
T_sample: 500 ms
  data[0]:
    type: 0
    len: 3, curr: 3
    dataPoints: [-5.20, -7.00, -9.70]
  data[1]:
    type: 1
    len: 3, curr: 3
    dataPoints: [3.33, 3.33, 3.33]
  data[2]:
    type: 2
    len: 3, curr: 3
    dataPoints: [16.00, 26.00, 26.00]
===== Received packet: ===== 
 time:
=== UDPpacket ===
id: 1
sz: 3, curr: 3
read_flag: 0b111
T_sample: 500 ms
  data[0]:
    type: 0
    len: 3, curr: 3
    dataPoints: [0.10, -0.10, 0.10]
  data[1]:
    type: 1
    len: 3, curr: 3
    dataPoints: [5.04, 5.06, 5.04]
  data[2]:
    type: 2
    len: 3, curr: 3
    dataPoints: [0.00, 0.00, 0.00]
printing!
=== UDPpacket ===
id: 1
sz: 3, curr: 3
read_flag: 0b111
T_sample: 500 ms
  data[0]:
    type: 0
    len: 3, curr: 3
    dataPoints: [0.10, -0.10, 0.10]
  data[1]:
    type: 1
    len: 3, curr: 3
    dataPoints: [5.04, 5.06, 5.04]
  data[2]:
    type: 2
    len: 3, curr: 3
    dataPoints: [0.00, 0.00, 0.00]
===== Received packet: ===== 
 time:
=== UDPpacket ===
id: 0
sz: 3, curr: 3
read_flag: 0b111
T_sample: 500 ms
  data[0]:
    type: 0
    len: 3, curr: 3
    dataPoints: [-5.20, -8.00, -9.30]
  data[1]:
    type: 1
    len: 3, curr: 3
    dataPoints: [3.33, 3.33, 3.33]
  data[2]:
    type: 2
    len: 3, curr: 3
    dataPoints: [16.00, 26.00, 26.00]
printing!
=== UDPpacket ===
id: 0
sz: 3, curr: 3
read_flag: 0b111
T_sample: 500 ms
  data[0]:
    type: 0
    len: 3, curr: 3
    dataPoints: [-5.20, -8.00, -9.30]
  data[1]:
    type: 1
    len: 3, curr: 3
    dataPoints: [3.33, 3.33, 3.33]
  data[2]:
    type: 2
    len: 3, curr: 3
    dataPoints: [16.00, 26.00, 26.00]
===== Received packet: ===== 
 time:
=== UDPpacket ===
id: 1
sz: 3, curr: 3
read_flag: 0b111
T_sample: 500 ms
  data[0]:
    type: 0
    len: 3, curr: 3
    dataPoints: [0.10, 0.10, 0.00]
  data[1]:
    type: 1
    len: 3, curr: 3
    dataPoints: [5.06, 5.04, 5.05]
  data[2]:
    type: 2
    len: 3, curr: 3
    dataPoints: [0.00, 0.00, 0.00]
printing!
=== UDPpacket ===
id: 1
sz: 3, curr: 3
read_flag: 0b111
T_sample: 500 ms
  data[0]:
    type: 0
    len: 3, curr: 3
    dataPoints: [0.10, 0.10, 0.00]
  data[1]:
    type: 1
    len: 3, curr: 3
    dataPoints: [5.06, 5.04, 5.05]
  data[2]:
    type: 2
    len: 3, curr: 3
    dataPoints: [0.00, 0.00, 0.00]
===== Received packet: ===== 
 time:
=== UDPpacket ===
id: 0
sz: 3, curr: 3
read_flag: 0b111
T_sample: 500 ms
  data[0]:
    type: 0
    len: 3, curr: 3
    dataPoints: [-8.00, -5.30, -8.80]
  data[1]:
    type: 1
    len: 3, curr: 3
    dataPoints: [3.33, 3.33, 3.32]
  data[2]:
    type: 2
    len: 3, curr: 3
    dataPoints: [26.00, 16.00, 26.00]
printing!
=== UDPpacket ===
id: 0
sz: 3, curr: 3
read_flag: 0b111
T_sample: 500 ms
  data[0]:
    type: 0
    len: 3, curr: 3
    dataPoints: [-8.00, -5.30, -8.80]
  data[1]:
    type: 1
    len: 3, curr: 3
    dataPoints: [3.33, 3.33, 3.32]
  data[2]:
    type: 2
    len: 3, curr: 3
    dataPoints: [26.00, 16.00, 26.00]
===== Received packet: ===== 
 time:
=== UDPpacket ===
id: 1
sz: 3, curr: 3
read_flag: 0b111
T_sample: 500 ms
  data[0]:
    type: 0
    len: 3, curr: 3
    dataPoints: [0.20, 0.20, -0.10]
  data[1]:
    type: 1
    len: 3, curr: 3
    dataPoints: [5.04, 5.06, 5.04]
  data[2]:
    type: 2
    len: 3, curr: 3
    dataPoints: [0.00, 0.00, 0.00]
printing!
=== UDPpacket ===
id: 1
sz: 3, curr: 3
read_flag: 0b111
T_sample: 500 ms
  data[0]:
    type: 0
    len: 3, curr: 3
    dataPoints: [0.20, 0.20, -0.10]
  data[1]:
    type: 1
    len: 3, curr: 3
    dataPoints: [5.04, 5.06, 5.04]
  data[2]:
    type: 2
    len: 3, curr: 3
    dataPoints: [0.00, 0.00, 0.00]
===== Received packet: ===== 
 time:
=== UDPpacket ===
id: 0
sz: 3, curr: 3
read_flag: 0b111
T_sample: 500 ms
  data[0]:
    type: 0
    len: 3, curr: 3
    dataPoints: [-6.40, -5.10, -9.40]
  data[1]:
    type: 1
    len: 3, curr: 3
    dataPoints: [3.32, 3.33, 3.33]
  data[2]:
    type: 2
    len: 3, curr: 3
    dataPoints: [16.00, 16.00, 26.00]
printing!
=== UDPpacket ===
id: 0
sz: 3, curr: 3
read_flag: 0b111
T_sample: 500 ms
  data[0]:
    type: 0
    len: 3, curr: 3
    dataPoints: [-6.40, -5.10, -9.40]
  data[1]:
    type: 1
    len: 3, curr: 3
    dataPoints: [3.32, 3.33, 3.33]
  data[2]:
    type: 2
    len: 3, curr: 3
    dataPoints: [16.00, 16.00, 26.00]
===== Received packet: ===== 
 time:
=== UDPpacket ===
id: 1
sz: 3, curr: 3
read_flag: 0b111
T_sample: 500 ms
  data[0]:
    type: 0
    len: 3, curr: 3
    dataPoints: [0.10, 0.00, 0.10]
  data[1]:
    type: 1
    len: 3, curr: 3
    dataPoints: [5.06, 5.04, 5.03]
  data[2]:
    type: 2
    len: 3, curr: 3
    dataPoints: [0.00, 0.00, 0.00]
printing!
=== UDPpacket ===
id: 1
sz: 3, curr: 3
read_flag: 0b111
T_sample: 500 ms
  data[0]:
    type: 0
    len: 3, curr: 3
    dataPoints: [0.10, 0.00, 0.10]
  data[1]:
    type: 1
    len: 3, curr: 3
    dataPoints: [5.06, 5.04, 5.03]
  data[2]:
    type: 2
    len: 3, curr: 3
    dataPoints: [0.00, 0.00, 0.00]
===== Received packet: ===== 
 time:
=== UDPpacket ===
id: 0
sz: 3, curr: 3
read_flag: 0b111
T_sample: 500 ms
  data[0]:
    type: 0
    len: 3, curr: 3
    dataPoints: [-5.20, -5.50, -10.10]
  data[1]:
    type: 1
    len: 3, curr: 3
    dataPoints: [3.33, 3.33, 3.33]
  data[2]:
    type: 2
    len: 3, curr: 3
    dataPoints: [20.00, 16.00, 26.00]
printing!
=== UDPpacket ===
id: 0
sz: 3, curr: 3
read_flag: 0b111
T_sample: 500 ms
  data[0]:
    type: 0
    len: 3, curr: 3
    dataPoints: [-5.20, -5.50, -10.10]
  data[1]:
    type: 1
    len: 3, curr: 3
    dataPoints: [3.33, 3.33, 3.33]
  data[2]:
    type: 2
    len: 3, curr: 3
    dataPoints: [20.00, 16.00, 26.00]
===== Received packet: ===== 
 time:
=== UDPpacket ===
id: 1
sz: 3, curr: 3
read_flag: 0b111
T_sample: 500 ms
  data[0]:
    type: 0
    len: 3, curr: 3
    dataPoints: [-0.10, 0.00, -0.10]
  data[1]:
    type: 1
    len: 3, curr: 3
    dataPoints: [5.03, 5.06, 5.04]
  data[2]:
    type: 2
    len: 3, curr: 3
    dataPoints: [0.00, 0.00, 0.00]
printing!
=== UDPpacket ===
id: 1
sz: 3, curr: 3
read_flag: 0b111
T_sample: 500 ms
  data[0]:
    type: 0
    len: 3, curr: 3
    dataPoints: [-0.10, 0.00, -0.10]
  data[1]:
    type: 1
    len: 3, curr: 3
    dataPoints: [5.03, 5.06, 5.04]
  data[2]:
    type: 2
    len: 3, curr: 3
    dataPoints: [0.00, 0.00, 0.00]
===== Received packet: ===== 
 time:
=== UDPpacket ===
id: 0
sz: 3, curr: 3
read_flag: 0b111
T_sample: 500 ms
  data[0]:
    type: 0
    len: 3, curr: 3
    dataPoints: [-5.30, -5.20, -9.80]
  data[1]:
    type: 1
    len: 3, curr: 3
    dataPoints: [3.32, 3.33, 3.33]
  data[2]:
    type: 2
    len: 3, curr: 3
    dataPoints: [16.00, 16.00, 26.00]
printing!
=== UDPpacket ===
id: 0
sz: 3, curr: 3
read_flag: 0b111
T_sample: 500 ms
  data[0]:
    type: 0
    len: 3, curr: 3
    dataPoints: [-5.30, -5.20, -9.80]
  data[1]:
    type: 1
    len: 3, curr: 3
    dataPoints: [3.32, 3.33, 3.33]
  data[2]:
    type: 2
    len: 3, curr: 3
    dataPoints: [16.00, 16.00, 26.00]
===== Received packet: ===== 
 time:
=== UDPpacket ===
id: 1
sz: 3, curr: 3
read_flag: 0b111
T_sample: 500 ms
  data[0]:
    type: 0
    len: 3, curr: 3
    dataPoints: [0.00, -0.20, 0.00]
  data[1]:
    type: 1
    len: 3, curr: 3
    dataPoints: [5.03, 5.03, 5.04]
  data[2]:
    type: 2
    len: 3, curr: 3
    dataPoints: [0.00, 0.00, 0.00]
printing!
=== UDPpacket ===
id: 1
sz: 3, curr: 3
read_flag: 0b111
T_sample: 500 ms
  data[0]:
    type: 0
    len: 3, curr: 3
    dataPoints: [0.00, -0.20, 0.00]
  data[1]:
    type: 1
    len: 3, curr: 3
    dataPoints: [5.03, 5.03, 5.04]
  data[2]:
    type: 2
    len: 3, curr: 3
    dataPoints: [0.00, 0.00, 0.00]
===== Received packet: ===== 
 time:
=== UDPpacket ===
id: 0
sz: 3, curr: 3
read_flag: 0b111
T_sample: 500 ms
  data[0]:
    type: 0
    len: 3, curr: 3
    dataPoints: [-5.30, -5.20, -9.80]
  data[1]:
    type: 1
    len: 3, curr: 3
    dataPoints: [3.33, 3.33, 3.33]
  data[2]:
    type: 2
    len: 3, curr: 3
    dataPoints: [16.00, 16.00, 26.00]
printing!
=== UDPpacket ===
id: 0
sz: 3, curr: 3
read_flag: 0b111
T_sample: 500 ms
  data[0]:
    type: 0
    len: 3, curr: 3
    dataPoints: [-5.30, -5.20, -9.80]
  data[1]:
    type: 1
    len: 3, curr: 3
    dataPoints: [3.33, 3.33, 3.33]
  data[2]:
    type: 2
    len: 3, curr: 3
    dataPoints: [16.00, 16.00, 26.00]
