Hello!

[WiFi] Connecting to yuhome
[WiFi] WiFi is disconnected
[WiFi] WiFi Status: 0
[WiFi] WiFi is connected!
[WiFi] IP address: 192.168.1.120
Measuring voltage and current with INA219, id: 0
Measuring voltage and current with INA219, id: 1
vTaskSensorRead started
not configured
not configured
not configured
vTaskSensorRead started
not configured
not configured
not configured
Failed to delay task
not configured
not configured
not configured
Failed to delay task
not configured
not configured
not configured
Failed to delay t
Failed to delay task
Failed to delay task
Failed to delay task
Failed to delay task
Failed to delay task
Failed to delay task
Failed to delay task
Failed to delay task
Failed to delay task
Failed to delay task
Failed to delay task
Failed to delay task
Failed to delay task
