Hello!

[WiFi] Connecting to 123
[WiFi] WiFi is disconnected
[WiFi] WiFi is disconnected
[WiFi] WiFi is disconnected
[WiFi] WiFi is disconnected
[WiFi] WiFi is disconnected
[WiFi] SSID not found
[WiFi] SSID not found
[WiFi] SSID not found
[WiFi] SSID not found
[WiFi] SSID not found
[WiFi] SSID not found
[WiFi] SSID not found
[WiFi] SSID not found
[WiFi] SSID not found
[WiFi] SSID not found
[WiFi] SSID not found
[WiFi] SSID not found
[WiFi] SSID not found
[WiFi] SSID not found
[WiFi] SSID not found
[WiFi] SSID not found
[WiFi] SSID not found
[WiFi] SSID not found
[WiFi] SSID not found
[WiFi] SSID not found
[WiFi] SSID not found
[WiFi] SSID not found
[WiFi] WiFi Status: 0
[WiFi] WiFi is connected!
[WiFi] IP address: 172.20.10.2
Measuring voltage and current with INA219, id: 0
Measuring voltage and current with INA219, id: 1
vTaskSensorRead started
not configured
not configured
not configured
vTaskSensorRead started
not configured
not configured
not configured
Failed to delay task
Failed to delay task
Failed to delay task
Failed to delay task
Failed to delay task
Failed to delay task
Failed to delay task
Failed to delay task
Failed to delay task
Failed to delay task
Failed to delay task
Failed to delay task
Failed to delay task
Failed to delay task
Failed to delay task
Failed to delay task
Failed to delay task
Failed to delay task
Failed to delay task
Failed to delay task
Failed to delay task
Failed to delay task
Failed to delay task
Failed to delay task
Failed to delay task
Failed to delay task
Failed to delay task
Failed to delay task
Failed to delay task
Failed to delay task
Failed to delay task
Failed to delay task
Failed to delay task
Failed to delay task
Failed to delay task
Failed to delay task
Failed to delay task
Failed to delay task
Failed to delay task
Failed to delay task
Failed to delay task
Failed to delay task
Failed to delay task
Failed to delay task
Failed to delay task
Failed to delay task
Failed to delay task
Failed to delay task
Failed to delay task
Failed to delay task
Failed to delay task
Failed to delay task
Failed to delay task
Failed to delay task
Failed to delay task
Failed to delay task
