00 ms
  data[0]:
    type: 0
    len: 3, curr: 3
    dataPoints: [-0.20, -0.40, -0.10]
  data[1]:
    type: 1
    len: 3, curr: 3
    dataPoints: [5.06, 5.04, 5.04]
  data[2]:
    type: 2
    len: 3, curr: 3
    dataPoints: [0.00, 0.00, 0.00]
===== Received packet: ===== 
 time:
=== UDPpacket ===
id: 0
sz: 3, curr: 3
read_flag: 0b111
T_sample: 500 ms
  data[0]:
    type: 0
    len: 3, curr: 3
    dataPoints: [-5.10, -5.00, -5.00]
  data[1]:
    type: 1
    len: 3, curr: 3
    dataPoints: [3.33, 3.33, 3.32]
  data[2]:
    type: 2
    len: 3, curr: 3
    dataPoints: [16.00, 16.00, 16.00]
[ 10454][E][WiFiClient.cpp:275] connect(): socket error on fd 48, errno: 104, "Connection reset by peer"
===== Received packet: ===== 
 time:
=== UDPpacket ===
id: 1
sz: 3, curr: 3
read_flag: 0b111
T_sample: 500 ms
  data[0]:
    type: 0
    len: 3, curr: 3
    dataPoints: [-0.10, -0.20, -0.20]
  data[1]:
    type: 1
    len: 3, curr: 3
    dataPoints: [5.05, 5.06, 5.03]
  data[2]:
    type: 2
    len: 3, curr: 3
    dataPoints: [0.00, 0.00, 0.00]
[ 10654][E][WiFiClient.cpp:275] connect(): socket error on fd 48, errno: 104, "Connection reset by peer"
===== Received packet: ===== 
 time:
=== UDPpacket ===
id: 0
sz: 3, curr: 3
read_flag: 0b111
T_sample: 500 ms
  data[0]:
    type: 0
    len: 3, curr: 3
    dataPoints: [-7.50, -5.00, -7.80]
  data[1]:
    type: 1
    len: 3, curr: 3
    dataPoints: [3.33, 3.33, 3.33]
  data[2]:
    type: 2
    len: 3, curr: 3
    dataPoints: [22.00, 16.00, 16.00]
[ 11693][E][WiFiClient.cpp:275] connect(): socket error on fd 48, errno: 104, "Connection reset by peer"
===== Received packet: ===== 
 time:
=== UDPpacket ===
id: 1
sz: 3, curr: 3
read_flag: 0b111
T_sample: 500 ms
  data[0]:
    type: 0
    len: 3, curr: 3
    dataPoints: [0.00, -0.10, -0.10]
  data[1]:
    type: 1
    len: 3, curr: 3
    dataPoints: [5.06, 5.04, 5.04]
  data[2]:
    type: 2
    len: 3, curr: 3
    dataPoints: [0.00, 0.00, 0.00]
[ 11715][E][WiFiClient.cpp:275] connect(): socket error on fd 48, errno: 104, "Connection reset by peer"
===== Received packet: ===== 
 time:
=== UDPpacket ===
id: 0
sz: 3, curr: 3
read_flag: 0b111
T_sample: 500 ms
  data[0]:
    type: 0
    len: 3, curr: 3
    dataPoints: [-4.80, -4.60, -5.00]
  data[1]:
    type: 1
    len: 3, curr: 3
    dataPoints: [3.33, 3.33, 3.33]
  data[2]:
    type: 2
    len: 3, curr: 3
    dataPoints: [16.00, 16.00, 16.00]
