[WiFi] WiFi is disconnected
[WiFi] WiFi is disconnected
[WiFi] WiFi is disconnected
[WiFi] SSID not found
[WiFi] SSID not found
[WiFi] SSID not found
[WiFi] SSID not found
[WiFi] SSID not found
[WiFi] SSID not found
[WiFi] SSID not found
[WiFi] SSID not found
[WiFi] SSID not found
[WiFi] SSID not found
[WiFi] SSID not found
[WiFi] SSID not found
[WiFi] SSID not found
[WiFi] SSID not found
[WiFi] SSID not found
[WiFi] SSID not found
[WiFi] Failed to connect to WiFi!Measuring voltage and current with INA219, id: 0
Measuring voltage and current with INA219, id: 1
vTaskSensorRead started
not configured
not configured
not configured
vTaskSensorRead started
not configured
not configured
not configured
Failed to delay task
not configured
not configured
not configured
Failed to delay task
not configured
not configured
not configured
Failed to delay task
not configured
not configured
not configured
===== Received packet: ===== 
 time:
=== UDPpacket ===
id: 0
sz: 3, curr: 3
read_flag: 0b111
T_sample: 500 ms
  data[0]:
    type: -1
    len: 3, curr: 3
    dataPoints: [0.00, 0.00, 0.00]
  data[1]:
    type: -1
    len: 3, curr: 3
    dataPoints: [0.00, 0.00, 0.00]
  data[2]:
  -1
    len: 3, curr: 3
    dataPoints: [0.00, 0.00, 0.00]
Failed to delay task

[ 15975][E][WiFiClient.cpp:249] connect(): connect on fd 48, errno: 118, "Host is unreachable"
not configured
not configured
Failed to delay task
===== Received packet: ===== 
 time:
=== UDPpacket ===
id: 1
sz: 3, curr: 3
read_flag: 0b111
T_sample: 500 ms
  data[0]:
    type: -1
    len: 3, curr: 3
    dataPoints: [0.00, 0.00, 0.00]
  data[1]:
    type: -1
    len: 3, curr: 3
    dataPoints: [0.00, 0.00, 0.00]
  data[2]:
    type: -1
    len: 3, curr: 3
    dataPoints: [0.00, 0.00, 0.00]
[ 15986][E][WiFiClient.cpp:249] connect(): connect on fd 48, errno: 118, "Host is unreachable"
Failed to delay task
Failed to delay task
Failed to delay task
Failed to delay task
===== Received packet: ===== 
 time:
=== UDPpacket ===
id: 0
sz: 3, curr: 3
read_flag: 0b111
T_sample: 500 ms
  data[0]:
    type: 0
    len: 3, curr: 3
    dataPoints: [-8.70, -7.80, -7.50]
  data[1]:    type: 1
    len: 3, curr: 3
    dataPoints: [3.33, 3.33, 3.33]
  data[2]:
    type: 2
    len: 3, curr: 3
    dataPoints: [26.00, 26.00, 26.00]
[ 16049][E][WiFiClient.cpp:249] connect(): connect on fd 48, errno: 118, "Host is unreachable"
===== Received packet: ===== 
 time:
=== UDPpacket ===
id: 0
sz: 3, curr: 3
read_flag: 0b111
T_sample: 500 ms
  data[0]:
    type: 0
    len: 3, curr: 3
    dataPoints: [-0.10, -0.10, -0.10]
  data[1]:
    type: 1
    len: 3, curr: 3
    dataPoints: [5.05, 5.05, 5.06]
  data[2]:
    type: 2
    len: 3, curr: 3
    dataPoints: [0.00, 0.00, 0.00]
Failed to delay task
[ 16063][E][WiFiClient.cpp:249] connect(): connect on fd 48, errno: 118, "Host is unreachable"
Failed to delay task
Failed to delay task
Failed to delay task
Failed to delay task
===== Received packet: ===== 
 time:
=== UDPpacket ===
id: 0
sz: 3, curr: 3
read_flag: 0b111
T_sample: 500 ms
  data[0]:
    type: 0
    len: 3, curr: 3
    dataPoints: [-8.90, -7.90, -8.00]
  data[1]:
Failed to delay task
    type: 1
    len: 3, curr: 3
    dataPoints: [3.33, 3.33, 3.33]
  data[2]:
    type: 2
    len: 3, curr: 3
    dataPoints: [26.00, 26.00, 26.00]
[ 16135][E][WiFiClient.cpp:249] connect(): connect on fd 48, errno: 118, "Host is unreachable"
===== Received packet: ===== 
 time:
=== UDPpacket ===
id: 1
sz: 3, curr: 3
read_flag: 0b111
T_sample: 500 ms
  data[0]:
    type: 0
    len: 3, curr: 3
    dataPoints: [0.00, 0.10, 0.10]
  data[Failed to delay task
1]:
    type: 1
    len: 3, curr: 3
    dataPoints: [5.04, 5.05, 5.04]
  data[2]:
    type: 2
    len: 3, curr: 3
    dataPoints: [0.00, 0.00, 0.00]
[ 16148][E][WiFiClient.cpp:249] connect(): connect on fd 48, errno: 118, "Host is unreachable"
Failed to delay task
Failed to delay task
Failed to delay task
Failed to delay task
===== Received packet: ===== 
 time:
=== UDPpacket ===
id: 0
sz: 3, curr: 3
read_flag: 0b111
T_sample: 500 ms
  data[0]:
    type: 0
    len: 3, curr: 3
    dataPoints: [-9.00, -7.70, -7.90]
  data[1]:
    type: Failed to delay task
1
    len: 3, curr: 3
    dataPoints: [3.33, 3.33, 3.33]
  data[2]:
    type: 2
    len: 3, curr: 3
    dataPoints: [30.00, 26.00, 26.00]
[ 16222][E][WiFiClient.cpp:249] connect(): connect on fd 48, errno: 118, "Host is unreachable"
===== Received packet: ===== 
 time:
=== UDPpacket ===
id: 1
sz: 3, curr: 3
read_flag: 0b111
T_sample: 500 ms
  data[0]:
    type: 0
    len: 3, curr: 3
    dataPoints: [0.00, -0.10, 0.00]
  data[1]:
    type: 1
    len: 3, curr: 3
    dataPoints: [5.04, 5.04, 5.06]
  data[2]:
    type: 2
    len: 3, curr: 3
    dataPoints: [0.00, 0.00, 0.00]
Failed to delay task
[ 16235][E][WiFiClient.cpp:249] connect(): connect on fd 48, errno: 118, "Host is unreachable"
Failed to delay task
Failed to delay task
Failed to delay task
Failed to delay task
===== Received packet: ===== 
 time:
=== UDPpacket ===
id: 0
sz: 3, curr: 3
read_flag: 0b111
T_sample: 500 ms
  data[0]:
    type: 0
    len: 3, curr: 3
    dataPoints: [-9.10, -8.00, -7.60]
  data[1]:
    type: 1
    len: 3, curr: 3
    dataPoints: [3.33, 3.33, 3.33]
  data[2]:
    type: 2
    len: 3, curr: 3
    dataPoints: [26.00, 26.00, 26.00]
Failed to delay task
[ 16309][E][WiFiClient.cpp:249] connect(): connect on fd 48, errno: 118, "Host is unreachable"
===== Received packet: ===== 
 time:
=== UDPpacket ===
id: 1
sz: 3, curr: 3
read_flag: 0b111
T_sample: 500 ms
  data[0]:
    type: 0
    len: 3, curr: 3
    dataPoints: [-0.20, 0.00, -0.10]
  data[1]:
    type: 1
    len: 3, curr: 3
    dataPoints: [5.04, 5.03, 5.05]
  data[2]:
    type: 2
    len: 3, curr: 3
    dataPoints: [0.00, 0.00, 0.00]
Failed to delay task
[ 16324][E][WiFiClient.cpp:249] connect(): connect on fd 48, errno: 118, "Host is unreachable"
Failed to delay task
Failed to delay task
Failed to delay task
Failed to delay task
===== Received packet: ===== 
 time:
=== UDPpacket ===
id: 1
sz: 3, curr: 3
read_flag: 0b111
T_sample: 500 ms
  data[0]:
    type: 0
    len: 3, curr: 3
    dataPoints: [0.20, 0.10, 0.10]
  data[1    len: 3, curr: 3
    dataPoints: [5.06, 5.04, 5.05]
  data[2]:
    type: 2
    len: 3, curr: 3
    dataPoints: [0.00, 0.00, 0.00]
[ 16398][E][WiFiClient.cpp:249] connect(): connect on fd 48, errno: 118, "Host is unreachable"
===== Received packet: ===== 
 time:
=== UDPpacket ===
id: 0
sz: 3, curr: 3
read_flag: 0b111
T_sample: 500 ms
  data[0]:
    type: 0
    len: 3, curr: 3
    dataPoints: [-8.70, -8.00, -8.70]
  data[1]:
    type: 1
    len: 3, curr: 3
    dataPoints: [3.33, 3.33, 3.33]
  data[2]:
    type: 2
    len: 3, curr: 3
    dataPoints: [26.00, 26.00, 30.00]
Failed to [ 16413][E][WiFiClient.cpp:249] connect(): connect on fd 48, errno: 118, "Host is unreachable"
Failed to delay task
Failed to delay task
Failed to delay task
Failed to delay task
===== Received packet: ===== 
 time:
=== UDPpacket ===
id: 1
sz: 3, curr: 3
read_flag: 0b111
T_sample: 500 ms
  data[0]:
    type: 0
    len: 3, curr: 3
    dataPoints: [0.10, 0.10, 0.00]
  data[1]:
    type: 1
    len: 3, curr: 3
    dataPoints: [5.05, 5.04, 5.05]
  data[2]:
    type: 2
    len: 3, curr: 3
    dataPoints: [0.00, 0.00, 0.00]
Failed to delay task
[ 16484][E][WiFiClient.cpp:249] connect(): connect on fd 48, errno: 118, "Host is unreachable"
===== Received packet: ===== 
 time:
=== UDPpacket ===
id: 0
sz: 3, curr: 3
read_flag: 0b111
T_sample: 500 ms
  data[0]:
    type: 0
    len: 3, curr: 3
    dataPoints: [-7.70, -7.90, -8.80]
  data[1]:
    type: 1
    len: 3, curr: 3
    dataPoints: [3.33, 3.33, 3.33]
  data[2]:
    type: 2
    len: 3, curr: 3
    dataPoints: [26.00, 26.00, 30.00]
[ 16498][E][WiFiClient.cpp:249] connect(): connect on fd 48, errno: 118, "Host is unreachable"
Failed to delay task
Failed to delay task
Failed to delay task
Failed to delay task
===== Received packet: ===== 
 time:
=== UDPpacket ===
id: 1
sz: 3, curr: 3
read_flag: 0b111
T_sample: 500 ms
  data[0]:
    type: 0
    len: 3, curr: 3
    dataPoints: [-0.10, -0.20, 0.10]
  data[1]:
    type: 1
    len: 3, curr: 3
    dataPoints: [5.03, 5.05, 5.04]
  data[2]:
    type: 2
    len: 3, curr: 3
    dataPoints: [0.00, 0.00, 0.00]
Failed to delay task
[ 16569][E][WiFiClient.cpp:249] connect(): connect on fd 48, errno: 118, "Host is unreachable"
===== Received packet: ===== 
 time:
=== UDPpacket ===
id: 0
sz: 3, curr: 3
read_flag: 0b111
T_sample: 500 ms
  data[0]:
    type: 0
    len: 3, curr: 3
    dataPoints: [-7.70, -7.80, -9.20]
  data[1]:
    type: 1
    len: 3, curr: 3
    dataPoints: [3.33, 3.33, 3.33]
  data[2]:
    type: 2
    len: 3, curr: 3
    dataPoints: [26.00, 26.00, 30.00]
Failed to delay task
[ 16583][E][WiFiClient.cpp:249] connect(): connect on fd 48, errno: 118, "Host is unreachable"
Failed to delay task
Failed to delay task
Failed to delay task
Failed to delay task
===== Received packet: ===== 
 time:
=== UDPpacket ===
id: 1
sz: 3, curr: 3
read_flag: 0b111
T_sample: 500 ms
  data[0]:
    type: 0
    len: 3, curr: 3
    dataPoints: [0.10, 0.10, -0.10]
  data[1]:
    type: Failed to delay task
1
    len: 3, curr: 3
    dataPoints: [5.06, 5.04, 5.04]
  data[2]:
    type: 2
    len: 3, curr: 3
    dataPoints: [0.00, 0.00, 0.00]
[ 16657][E][WiFiClient.cpp:249] connect(): connect on fd 48, errno: 118, "Host is unreachable"
===== Received packet: ===== 
 time:
=== UDPpacket ===
id: 0
sz: 3, curr: 3
read_flag: 0b111
T_sample: 500 ms
  data[0]:
    type: 0
    len: 3, curr: 3
    dataPoints: [-7.90, -7.80, -9.00Failed to delay task
]
  data[1]:
    type: 1
    len: 3, curr: 3
    dataPoints: [3.33, 3.33, 3.33]
  data[2]:
    type: 2
    len: 3, curr: 3
    dataPoints: [26.00, 26.00, 26.00]
[ 16671][E][WiFiClient.cpp:249] connect(): connect on fd 48, errno: 118, "Host is unreachable"
Failed to delay task
Failed to delay task
Failed to delay task
Failed to delay task
===== Received packet: ===== 
 time:
=== UDPpacket ===
id: 1
sz: 3, curr: 3
read_flag: 0b111
T_sample: 500 ms
  data[0]:
    type: 0
    len: 3, curr: 3
    dataPoints: [-0.10, -0.40, 0.00]
  data[1]:
    type: 1
    len: 3, curr: 3
    dataPoints: [5.05, 5.06, 5.05]
  data[2]:
    type: 2
    len: 3, curr: 3
    dataPoints: [0.00, 0.00, 0.00]
Failed to delay task
[ 16743][E][WiFiClient.cpp:249] connect(): connect on fd 48, errno: 118, "Host is unreachable"
===== Received packet: ===== 
 time:
=== UDPpacket ===
id: 0
sz: 3, curr: 3
read_flag: 0b111
T_sample: 500 ms
  data[0]:
    type: 0
    len: 3, curr: 3
    dataPoints: [-7.90, -8.10, -8.60]
  data[1]:
    type: 1
    len: 3, curr: 3
    dataPoints: [3.33, 3.33, 3.32]
  data[2]:
    type: 2
    len: 3, curr: 3
    dataPoints: [26.00, 26.00, 30.00]
Failed to delay task
[ 16757][E][WiFiClient.cpp:249] connect(): connect on fd 48, errno: 118, "Host is unreachable"
Failed to delay task
Failed to delay task
Failed to delay task
Failed to delay task
===== Received packet: ===== 
 time:
=== UDPpacket ===
id: 1
sz: 3, curr: 3
read_flag: 0b111
T_sample: 500 ms
  data[0]:
    type: 0
    len: 3, curr: 3
    dataPoints: [0.10, -0.30, 0.10]
  data[1]:
    type: Failed to delay task
1
    len: 3, curr: 3
    dataPoints: [5.03, 5.04, 5.05]
  data[2]:
    type: 2
    len: 3, curr: 3
    dataPoints: [0.00, 0.00, 0.00]
[ 16828][E][WiFiClient.cpp:249] connect(): connect on fd 48, errno: 118, "Host is unreachable"
===== Received packet: ===== 
 time:
=== UDPpacket ===
id: 0
sz: 3, curr: 3
read_flag: 0b111
T_sample: 500 ms
  data[0]:
    type: 0
    len: 3, curr: 3
    dataPoints: [-7.80, -7.60, -8.70]
  data[1]:
    type: 1
    len: 3, curr: 3
    dataPoints: [3.33, 3.33, 3.33]
  data[2]:
    type: 2
    len: 3, curr: 3
    dataPoints: [26.00, 26.00, 30.00]
[ 16842][E][WiFiClient.cpp:249] connect(): connect on fd 48, errno: 118, "Host is unreachable"
===== Received packet: ===== 
 time:
=== UDPpacket ===
id: 0
sz: 3, curr: 3
read_flag: 0b111
T_sample: 500 ms
  data[0]:
    type: 0
    len: 3, curr: 3
    dataPoints: [-7.80, -7.90, -7.40]
  data[1]:
    type: 1
    len: 3, curr: 3
    dataPoints: [3.33, 3.33, 3.33]
  data[2]:
    type: 2
    len: 3, curr: 3
    dataPoints: [26.00, 26.00, 26.00]
[ 17688][E][WiFiClient.cpp:249] connect(): connect on fd 48, errno: 118, "Host is unreachable"
===== Received packet: ===== 
 time:
=== UDPpacket ===
id: 1
sz: 3, curr: 3
read_flag: 0b111
T_sample: 500 ms
  data[0]:
    type: 0
    len: 3, curr: 3
    dataPoints: [0.00, -0.10, -0.20]
  data[1]:
    type: 1
    len: 3, curr: 3
    dataPoints: [5.04, 5.03, 5.04]
  data[2]:
    type: 2
    len: 3, curr: 3
    dataPoints: [0.00, 0.00, 0.00]
[ 17700][E][WiFiClient.cpp:249] connect(): connect on fd 48, errno: 118, "Host is unreachable"
===== Received packet: ===== 
 time:
=== UDPpacket ===
id: 0
sz: 3, curr: 3
read_flag: 0b111
T_sample: 500 ms
  data[0]:
    type: 0
    len: 3, curr: 3
    dataPoints: [-7.50, -7.90, -7.90]
  data[1]:
    type: 1
    len: 3, curr: 3
    dataPoints: [3.33, 3.33, 3.33]
  data[2]:
    type: 2
    len: 3, curr: 3
    dataPoints: [26.00, 26.00, 26.00]
[ 19188][E][WiFiClient.cpp:249] connect(): connect on fd 48, errno: 118, "Host is unreachable"
===== Received packet: ===== 
 time:
=== UDPpacket ===
id: 1
sz: 3, curr: 3
read_flag: 0b111
T_sample: 500 ms
  data[0]:
    type: 0
    len: 3, curr: 3
    dataPoints: [-0.10, -0.10, -0.10]
  data[1]:
    type: 1
    len: 3, curr: 3
    dataPoints: [5.04, 5.04, 5.05]
  data[2]:
    type: 2
    len: 3, curr: 3
    dataPoints: [0.00, 0.00, 0.00]
[ 19199][E][WiFiClient.cpp:249] connect(): connect on fd 48, errno: 118, "Host is unreachable"
===== Received packet: ===== 
 time:
=== UDPpacket ===
id: 0
sz: 3, curr: 3
read_flag: 0b111
T_sample: 500 ms
  data[0]:
    type: 0
    len: 3, curr: 3
    dataPoints: [-7.70, -7.50, -7.80]
  data[1]:
    type: 1
    len: 3, curr: 3
    dataPoints: [3.33, 3.33, 3.33]
  data[2]:
    type: 2
    len: 3, curr: 3
    dataPoints: [26.00, 26.00, 26.00]
[ 20688][E][WiFiClient.cpp:249] connect(): connect on fd 48, errno: 118, "Host is unreachable"
===== Received packet: ===== 
 time:
=== UDPpacket ===
id: 1
sz: 3, curr: 3
read_flag: 0b111
T_sample: 500 ms
  data[0]:
    type: 0
    len: 3, curr: 3
    dataPoints: [-0.10, -0.10, -0.10]
  data[1]:
    type: 1
    len: 3, curr: 3
    dataPoints: [5.05, 5.05, 5.06]
  data[2]:
    type: 2
    len: 3, curr: 3
    dataPoints: [0.00, 0.00, 0.00]
[ 20699][E][WiFiClient.cpp:249] connect(): connect on fd 48, errno: 118, "Host is unreachable"
===== Received packet: ===== 
 time:
=== UDPpacket ===
id: 0
sz: 3, curr: 3
read_flag: 0b111
T_sample: 500 ms
  data[0]:
    type: 0
    len: 3, curr: 3
    dataPoints: [-7.60, -8.00, -7.70]
  data[1]:
    type: 1
    len: 3, curr: 3
    dataPoints: [3.33, 3.33, 3.33]
  data[2]:
    type: 2
    len: 3, curr: 3
    dataPoints: [26.00, 26.00, 26.00]
[ 22189][E][WiFiClient.cpp:249] connect(): connect on fd 48, errno: 118, "Host is unreachable"
===== Received packet: ===== 
 time:
=== UDPpacket ===
id: 1
sz: 3, curr: 3
read_flag: 0b111
T_sample: 500 ms
  data[0]:
    type: 0
    len: 3, curr: 3
    dataPoints: [0.20, 0.10, 0.00]
  data[1]:
    type: 1
    len: 3, curr: 3
    dataPoints: [5.04, 5.04, 5.06]
  data[2]:
    type: 2
    len: 3, curr: 3
    dataPoints: [0.00, 0.00, 0.00]
[ 22200][E][WiFiClient.cpp:249] connect(): connect on fd 48, errno: 118, "Host is unreachable"
===== Received packet: ===== 
 time:
=== UDPpacket ===
id: 0
sz: 3, curr: 3
read_flag: 0b111
T_sample: 500 ms
  data[0]:
    type: 0
    len: 3, curr: 3
    dataPoints: [-8.00, -7.60, -7.90]
  data[1]:
    type: 1
    len: 3, curr: 3
    dataPoints: [3.32, 3.33, 3.32]
  data[2]:
    type: 2
    len: 3, curr: 3
    dataPoints: [26.00, 26.00, 26.00]
[ 23688][E][WiFiClient.cpp:249] connect(): connect on fd 48, errno: 118, "Host is unreachable"
===== Received packet: ===== 
 time:
=== UDPpacket ===
id: 1
sz: 3, curr: 3
read_flag: 0b111
T_sample: 500 ms
  data[0]:
    type: 0
    len: 3, curr: 3
    dataPoints: [0.10, 0.00, -0.30]
  data[1]:
    type: 1
    len: 3, curr: 3
    dataPoints: [5.04, 5.05, 5.05]
  data[2]:
    type: 2
    len: 3, curr: 3
    dataPoints: [0.00, 0.00, 0.00]
[ 23699][E][WiFiClient.cpp:249] connect(): connect on fd 48, errno: 118, "Host is unreachable"
===== Received packet: ===== 
 time:
=== UDPpacket ===
id: 0
sz: 3, curr: 3
read_flag: 0b111
T_sample: 500 ms
  data[0]:
    type: 0
    len: 3, curr: 3
    dataPoints: [-7.60, -7.60, -7.80]
  data[1]:
    type: 1
    len: 3, curr: 3
    dataPoints: [3.32, 3.33, 3.33]
  data[2]:
    type: 2
    len: 3, curr: 3
    dataPoints: [26.00, 26.00, 26.00]
[ 25188][E][WiFiClient.cpp:249] connect(): connect on fd 48, errno: 118, "Host is unreachable"
===== Received packet: ===== 
 time:
=== UDPpacket ===
id: 1
sz: 3, curr: 3
read_flag: 0b111
T_sample: 500 ms
  data[0]:
    type: 0
    len: 3, curr: 3
    dataPoints: [0.10, 0.10, -0.10]
  data[1]:
    type: 1
    len: 3, curr: 3
    dataPoints: [5.05, 5.03, 5.04]
  data[2]:
    type: 2
    len: 3, curr: 3
    dataPoints: [0.00, 0.00, 0.00]
[ 25200][E][WiFiClient.cpp:249] connect(): connect on fd 48, errno: 118, "Host is unreachable"
===== Received packet: ===== 
 time:
=== UDPpacket ===
id: 0
sz: 3, curr: 3
read_flag: 0b111
T_sample: 500 ms
  data[0]:
    type: 0
    len: 3, curr: 3
    dataPoints: [-8.00, -7.60, -7.70]
  data[1]:
    type: 1
    len: 3, curr: 3
    dataPoints: [3.33, 3.33, 3.33]
  data[2]:
    type: 2
    len: 3, curr: 3
    dataPoints: [26.00, 26.00, 26.00]
[ 26688][E][WiFiClient.cpp:249] connect(): connect on fd 48, errno: 118, "Host is unreachable"
===== Received packet: ===== 
 time:
=== UDPpacket ===
id: 1
sz: 3, curr: 3
read_flag: 0b111
T_sample: 500 ms
  data[0]:
    type: 0
    len: 3, curr: 3
    dataPoints: [0.00, 0.20, -0.10]
  data[1]:
    type: 1
    len: 3, curr: 3
    dataPoints: [5.05, 5.04, 5.06]
  data[2]:
    type: 2
    len: 3, curr: 3
    dataPoints: [0.00, 0.00, 0.00]
[ 26700][E][WiFiClient.cpp:249] connect(): connect on fd 48, errno: 118, "Host is unreachable"
===== Received packet: ===== 
 time:
=== UDPpacket ===
id: 0
sz: 3, curr: 3
read_flag: 0b111
T_sample: 500 ms
  data[0]:
    type: 0
    len: 3, curr: 3
    dataPoints: [-7.90, -7.60, -7.70]
  data[1]:
    type: 1
    len: 3, curr: 3
    dataPoints: [3.33, 3.33, 3.33]
  data[2]:
    type: 2
    len: 3, curr: 3
    dataPoints: [26.00, 26.00, 26.00]
[ 28188][E][WiFiClient.cpp:249] connect(): connect on fd 48, errno: 118, "Host is unreachable"
===== Received packet: ===== 
 time:
=== UDPpacket ===
id: 1
sz: 3, curr: 3
read_flag: 0b111
T_sample: 500 ms
  data[0]:
    type: 0
    len: 3, curr: 3
    dataPoints: [-0.20, -0.10, 0.00]
  data[1]:
    type: 1
    len: 3, curr: 3
    dataPoints: [5.03, 5.03, 5.03]
  data[2]:
    type: 2
    len: 3, curr: 3
    dataPoints: [0.00, 0.00, 0.00]
[ 28200][E][WiFiClient.cpp:249] connect(): connect on fd 48, errno: 118, "Host is unreachable"
===== Received packet: ===== 
 time:
=== UDPpacket ===
id: 0
sz: 3, curr: 3
read_flag: 0b111
T_sample: 500 ms
  data[0]:
    type: 0
    len: 3, curr: 3
    dataPoints: [-7.90, -7.80, -7.60]
  data[1]:
    type: 1
    len: 3, curr: 3
    dataPoints: [3.33, 3.33, 3.33]
  data[2]:
    type: 2
    len: 3, curr: 3
    dataPoints: [26.00, 26.00, 26.00]
[ 29688][E][WiFiClient.cpp:249] connect(): connect on fd 48, errno: 118, "Host is unreachable"
===== Received packet: ===== 
 time:
=== UDPpacket ===
id: 1
sz: 3, curr: 3
read_flag: 0b111
T_sample: 500 ms
  data[0]:
    type: 0
    len: 3, curr: 3
    dataPoints: [0.10, -0.10, 0.20]
  data[1]:
    type: 1
    len: 3, curr: 3
    dataPoints: [5.05, 5.04, 5.04]
  data[2]:
    type: 2
    len: 3, curr: 3
    dataPoints: [0.00, 0.00, 0.00]
[ 29699][E][WiFiClient.cpp:249] connect(): connect on fd 48, errno: 118, "Host is unreachable"
===== Received packet: ===== 
 time:
=== UDPpacket ===
id: 0
sz: 3, curr: 3
read_flag: 0b111
T_sample: 500 ms
  data[0]:
    type: 0
    len: 3, curr: 3
    dataPoints: [-8.20, -7.30, -7.90]
  data[1]:
    type: 1
    len: 3, curr: 3
    dataPoints: [3.33, 3.33, 3.32]
  data[2]:
    type: 2
    len: 3, curr: 3
    dataPoints: [26.00, 26.00, 26.00]
[ 31188][E][WiFiClient.cpp:249] connect(): connect on fd 48, errno: 118, "Host is unreachable"
===== Received packet: ===== 
 time:
=== UDPpacket ===
id: 1
sz: 3, curr: 3
read_flag: 0b111
T_sample: 500 ms
  data[0]:
    type: 0
    len: 3, curr: 3
    dataPoints: [0.30, -0.10, 0.20]
  data[1]:
    type: 1
    len: 3, curr: 3
    dataPoints: [5.05, 5.04, 5.04]
  data[2]:
    type: 2
    len: 3, curr: 3
    dataPoints: [4.00, 0.00, 0.00]
[ 31199][E][WiFiClient.cpp:249] connect(): connect on fd 48, errno: 118, "Host is unreachable"
===== Received packet: ===== 
 time:
=== UDPpacket ===
id: 0
sz: 3, curr: 3
read_flag: 0b111
T_sample: 500 ms
  data[0]:
    type: 0
    len: 3, curr: 3
    dataPoints: [-7.60, -7.70, -7.60]
  data[1]:
    type: 1
    len: 3, curr: 3
    dataPoints: [3.33, 3.33, 3.32]
  data[2]:
    type: 2
    len: 3, curr: 3
    dataPoints: [26.00, 26.00, 26.00]
[ 32688][E][WiFiClient.cpp:249] connect(): connect on fd 48, errno: 118, "Host is unreachable"
===== Received packet: ===== 
 time:
=== UDPpacket ===
id: 1
sz: 3, curr: 3
read_flag: 0b111
T_sample: 500 ms
  data[0]:
    type: 0
    len: 3, curr: 3
    dataPoints: [0.00, -0.20, 0.00]
  data[1]:
    type: 1
    len: 3, curr: 3
    dataPoints: [5.06, 5.06, 5.04]
  data[2]:
    type: 2
    len: 3, curr: 3
    dataPoints: [0.00, 0.00, 0.00]
[ 32699][E][WiFiClient.cpp:249] connect(): connect on fd 48, errno: 118, "Host is unreachable"
===== Received packet: ===== 
 time:
=== UDPpacket ===
id: 0
sz: 3, curr: 3
read_flag: 0b111
T_sample: 500 ms
  data[0]:
    type: 0
    len: 3, curr: 3
    dataPoints: [-7.90, -7.90, -7.70]
  data[1]:
    type: 1
    len: 3, curr: 3
    dataPoints: [3.33, 3.33, 3.33]
  data[2]:
    type: 2
    len: 3, curr: 3
    dataPoints: [26.00, 26.00, 26.00]
[ 34188][E][WiFiClient.cpp:249] connect(): connect on fd 48, errno: 118, "Host is unreachable"
===== Received packet: ===== 
 time:
=== UDPpacket ===
id: 1
sz: 3, curr: 3
read_flag: 0b111
T_sample: 500 ms
  data[0]:
    type: 0
    len: 3, curr: 3
    dataPoints: [0.00, -0.10, -0.10]
  data[1]:
    type: 1
    len: 3, curr: 3
    dataPoints: [5.04, 5.04, 5.03]
  data[2]:
    type: 2
    len: 3, curr: 3
    dataPoints: [0.00, 0.00, 0.00]
[ 34199][E][WiFiClient.cpp:249] connect(): connect on fd 48, errno: 118, "Host is unreachable"
===== Received packet: ===== 
 time:
=== UDPpacket ===
id: 0
sz: 3, curr: 3
read_flag: 0b111
T_sample: 500 ms
  data[0]:
    type: 0
    len: 3, curr: 3
    dataPoints: [-8.10, -7.70, -7.90]
  data[1]:
    type: 1
    len: 3, curr: 3
    dataPoints: [3.33, 3.33, 3.33]
  data[2]:
    type: 2
    len: 3, curr: 3
    dataPoints: [26.00, 26.00, 26.00]
[ 35688][E][WiFiClient.cpp:249] connect(): connect on fd 48, errno: 118, "Host is unreachable"
===== Received packet: ===== 
 time:
=== UDPpacket ===
id: 1
sz: 3, curr: 3
read_flag: 0b111
T_sample: 500 ms
  data[0]:
    type: 0
    len: 3, curr: 3
    dataPoints: [0.10, -0.20, 0.00]
  data[1]:
    type: 1
    len: 3, curr: 3
    dataPoints: [5.06, 5.05, 5.03]
  data[2]:
    type: 2
    len: 3, curr: 3
    dataPoints: [0.00, 0.00, 0.00]
[ 35699][E][WiFiClient.cpp:249] connect(): connect on fd 48, errno: 118, "Host is unreachable"
===== Received packet: ===== 
 time:
=== UDPpacket ===
id: 0
sz: 3, curr: 3
read_flag: 0b111
T_sample: 500 ms
  data[0]:
    type: 0
    len: 3, curr: 3
    dataPoints: [-7.80, -7.60, -7.70]
  data[1]:
    type: 1
    len: 3, curr: 3
    dataPoints: [3.33, 3.33, 3.32]
  data[2]:
    type: 2
    len: 3, curr: 3
    dataPoints: [26.00, 26.00, 26.00]
[ 37188][E][WiFiClient.cpp:249] connect(): connect on fd 48, errno: 118, "Host is unreachable"
===== Received packet: ===== 
 time:
=== UDPpacket ===
id: 1
sz: 3, curr: 3
read_flag: 0b111
T_sample: 500 ms
  data[0]:
    type: 0
    len: 3, curr: 3
    dataPoints: [0.00, 0.00, -0.20]
  data[1]:
    type: 1
    len: 3, curr: 3
    dataPoints: [5.05, 5.04, 5.04]
  data[2]:
    type: 2
    len: 3, curr: 3
    dataPoints: [0.00, 0.00, 0.00]
[ 37199][E][WiFiClient.cpp:249] connect(): connect on fd 48, errno: 118, "Host is unreachable"
===== Received packet: ===== 
 time:
=== UDPpacket ===
id: 0
sz: 3, curr: 3
read_flag: 0b111
T_sample: 500 ms
  data[0]:
    type: 0
    len: 3, curr: 3
    dataPoints: [-7.70, -7.90, -7.70]
  data[1]:
    type: 1
    len: 3, curr: 3
    dataPoints: [3.33, 3.33, 3.33]
  data[2]:
    type: 2
    len: 3, curr: 3
    dataPoints: [26.00, 26.00, 26.00]
[ 38688][E][WiFiClient.cpp:249] connect(): connect on fd 48, errno: 118, "Host is unreachable"
===== Received packet: ===== 
 time:
=== UDPpacket ===
id: 1
sz: 3, curr: 3
read_flag: 0b111
T_sample: 500 ms
  data[0]:
    type: 0
    len: 3, curr: 3
    dataPoints: [0.00, -0.10, 0.10]
  data[1]:
    type: 1
    len: 3, curr: 3
    dataPoints: [5.04, 5.03, 5.04]
  data[2]:
    type: 2
    len: 3, curr: 3
    dataPoints: [0.00, 0.00, 0.00]
[ 38699][E][WiFiClient.cpp:249] connect(): connect on fd 48, errno: 118, "Host is unreachable"
===== Received packet: ===== 
 time:
=== UDPpacket ===
id: 0
sz: 3, curr: 3
read_flag: 0b111
T_sample: 500 ms
  data[0]:
    type: 0
    len: 3, curr: 3
    dataPoints: [-7.60, -8.00, -8.10]
  data[1]:
    type: 1
    len: 3, curr: 3
    dataPoints: [3.32, 3.33, 3.32]
  data[2]:
    type: 2
    len: 3, curr: 3
    dataPoints: [26.00, 26.00, 26.00]
[ 40188][E][WiFiClient.cpp:249] connect(): connect on fd 48, errno: 118, "Host is unreachable"
===== Received packet: ===== 
 time:
=== UDPpacket ===
id: 1
sz: 3, curr: 3
read_flag: 0b111
T_sample: 500 ms
  data[0]:
    type: 0
    len: 3, curr: 3
    dataPoints: [0.10, -0.10, -0.10]
  data[1]:
    type: 1
    len: 3, curr: 3
    dataPoints: [5.04, 5.04, 5.06]
  data[2]:
    type: 2
    len: 3, curr: 3
    dataPoints: [0.00, 0.00, 4.00]
[ 40199][E][WiFiClient.cpp:249] connect(): connect on fd 48, errno: 118, "Host is unreachable"
===== Received packet: ===== 
 time:
=== UDPpacket ===
id: 0
sz: 3, curr: 3
read_flag: 0b111
T_sample: 500 ms
  data[0]:
    type: 0
    len: 3, curr: 3
    dataPoints: [-7.70, -7.80, -7.70]
  data[1]:
    type: 1
    len: 3, curr: 3
    dataPoints: [3.33, 3.33, 3.33]
  data[2]:
    type: 2
    len: 3, curr: 3
    dataPoints: [26.00, 26.00, 26.00]
[ 41688][E][WiFiClient.cpp:249] connect(): connect on fd 48, errno: 118, "Host is unreachable"
===== Received packet: ===== 
 time:
=== UDPpacket ===
id: 1
sz: 3, curr: 3
read_flag: 0b111
T_sample: 500 ms
  data[0]:
    type: 0
    len: 3, curr: 3
    dataPoints: [0.00, -0.10, 0.00]
  data[1]:
    type: 1
    len: 3, curr: 3
    dataPoints: [5.03, 5.05, 5.04]
  data[2]:
    type: 2
    len: 3, curr: 3
    dataPoints: [0.00, 0.00, 0.00]
[ 41700][E][WiFiClient.cpp:249] connect(): connect on fd 48, errno: 118, "Host is unreachable"
===== Received packet: ===== 
 time:
=== UDPpacket ===
id: 0
sz: 3, curr: 3
read_flag: 0b111
T_sample: 500 ms
  data[0]:
    type: 0
    len: 3, curr: 3
    dataPoints: [-8.10, -7.90, -7.60]
  data[1]:
    type: 1
    len: 3, curr: 3
    dataPoints: [3.33, 3.33, 3.33]
  data[2]:
    type: 2
    len: 3, curr: 3
    dataPoints: [26.00, 26.00, 26.00]
[ 43188][E][WiFiClient.cpp:249] connect(): connect on fd 48, errno: 118, "Host is unreachable"
===== Received packet: ===== 
 time:
=== UDPpacket ===
id: 1
sz: 3, curr: 3
read_flag: 0b111
T_sample: 500 ms
  data[0]:
    type: 0
    len: 3, curr: 3
    dataPoints: [0.20, -0.20, -0.40]
  data[1]:
    type: 1
    len: 3, curr: 3
    dataPoints: [5.04, 5.05, 5.06]
  data[2]:
    type: 2
    len: 3, curr: 3
    dataPoints: [0.00, 0.00, 0.00]
[ 43199][E][WiFiClient.cpp:249] connect(): connect on fd 48, errno: 118, "Host is unreachable"
===== Received packet: ===== 
 time:
=== UDPpacket ===
id: 0
sz: 3, curr: 3
read_flag: 0b111
T_sample: 500 ms
  data[0]:
    type: 0
    len: 3, curr: 3
    dataPoints: [-7.80, -7.60, -8.00]
  data[1]:
    type: 1
    len: 3, curr: 3
    dataPoints: [3.32, 3.33, 3.33]
  data[2]:
    type: 2
    len: 3, curr: 3
    dataPoints: [26.00, 26.00, 26.00]
[ 44688][E][WiFiClient.cpp:249] connect(): connect on fd 48, errno: 118, "Host is unreachable"
===== Received packet: ===== 
 time:
=== UDPpacket ===
id: 1
sz: 3, curr: 3
read_flag: 0b111
T_sample: 500 ms
  data[0]:
    type: 0
    len: 3, curr: 3
    dataPoints: [-0.20, 0.10, 0.10]
  data[1]:
    type: 1
    len: 3, curr: 3
    dataPoints: [5.05, 5.04, 5.04]
  data[2]:
    type: 2
    len: 3, curr: 3
    dataPoints: [0.00, 0.00, 0.00]
[ 44699][E][WiFiClient.cpp:249] connect(): connect on fd 48, errno: 118, "Host is unreachable"
===== Received packet: ===== 
 time:
=== UDPpacket ===
id: 0
sz: 3, curr: 3
read_flag: 0b111
T_sample: 500 ms
  data[0]:
    type: 0
    len: 3, curr: 3
    dataPoints: [-7.80, -7.80, -7.70]
  data[1]:
    type: 1
    len: 3, curr: 3
    dataPoints: [3.32, 3.33, 3.33]
  data[2]:
    type: 2
    len: 3, curr: 3
    dataPoints: [26.00, 26.00, 26.00]
[ 46188][E][WiFiClient.cpp:249] connect(): connect on fd 48, errno: 118, "Host is unreachable"
===== Received packet: ===== 
 time:
=== UDPpacket ===
id: 1
sz: 3, curr: 3
read_flag: 0b111
T_sample: 500 ms
  data[0]:
    type: 0
    len: 3, curr: 3
    dataPoints: [0.10, 0.00, 0.10]
  data[1]:
    type: 1
    len: 3, curr: 3
    dataPoints: [5.04, 5.03, 5.04]
  data[2]:
    type: 2
    len: 3, curr: 3
    dataPoints: [0.00, 0.00, 0.00]
[ 46199][E][WiFiClient.cpp:249] connect(): connect on fd 48, errno: 118, "Host is unreachable"
===== Received packet: ===== 
 time:
=== UDPpacket ===
id: 0
sz: 3, curr: 3
read_flag: 0b111
T_sample: 500 ms
  data[0]:
    type: 0
    len: 3, curr: 3
    dataPoints: [-7.80, -7.70, -7.80]
  data[1]:
    type: 1
    len: 3, curr: 3
    dataPoints: [3.33, 3.33, 3.33]
  data[2]:
    type: 2
    len: 3, curr: 3
    dataPoints: [26.00, 26.00, 26.00]
[ 47687][E][WiFiClient.cpp:249] connect(): connect on fd 48, errno: 118, "Host is unreachable"
===== Received packet: ===== 
 time:
=== UDPpacket ===
id: 1
sz: 3, curr: 3
read_flag: 0b111
T_sample: 500 ms
  data[0]:
    type: 0
    len: 3, curr: 3
    dataPoints: [0.30, -0.10, -0.10]
  data[1]:
    type: 1
    len: 3, curr: 3
    dataPoints: [5.03, 5.04, 5.04]
  data[2]:
    type: 2
    len: 3, curr: 3
    dataPoints: [0.00, 0.00, 0.00]
[ 47698][E][WiFiClient.cpp:249] connect(): connect on fd 48, errno: 118, "Host is unreachable"
===== Received packet: ===== 
 time:
=== UDPpacket ===
id: 0
sz: 3, curr: 3
read_flag: 0b111
T_sample: 500 ms
  data[0]:
    type: 0
    len: 3, curr: 3
    dataPoints: [-7.90, -7.60, -7.50]
  data[1]:
    type: 1
    len: 3, curr: 3
    dataPoints: [3.33, 3.33, 3.33]
  data[2]:
    type: 2
    len: 3, curr: 3
    dataPoints: [26.00, 26.00, 26.00]
[ 49188][E][WiFiClient.cpp:249] connect(): connect on fd 48, errno: 118, "Host is unreachable"
===== Received packet: ===== 
 time:
=== UDPpacket ===
id: 1
sz: 3, curr: 3
read_flag: 0b111
T_sample: 500 ms
  data[0]:
    type: 0
    len: 3, curr: 3
    dataPoints: [-0.10, -0.20, 0.10]
  data[1]:
    type: 1
    len: 3, curr: 3
    dataPoints: [5.05, 5.06, 5.04]
  data[2]:
    type: 2
    len: 3, curr: 3
    dataPoints: [0.00, 0.00, 0.00]
[ 49200][E][WiFiClient.cpp:249] connect(): connect on fd 48, errno: 118, "Host is unreachable"
===== Received packet: ===== 
 time:
=== UDPpacket ===
id: 0
sz: 3, curr: 3
read_flag: 0b111
T_sample: 500 ms
  data[0]:
    type: 0
    len: 3, curr: 3
    dataPoints: [-8.00, -8.10, -7.70]
  data[1]:
    type: 1
    len: 3, curr: 3
    dataPoints: [3.33, 3.33, 3.32]
  data[2]:
    type: 2
    len: 3, curr: 3
    dataPoints: [26.00, 26.00, 26.00]
[ 50688][E][WiFiClient.cpp:249] connect(): connect on fd 48, errno: 118, "Host is unreachable"
===== Received packet: ===== 
 time:
=== UDPpacket ===
id: 1
sz: 3, curr: 3
read_flag: 0b111
T_sample: 500 ms
  data[0]:
    type: 0
    len: 3, curr: 3
    dataPoints: [0.00, 0.00, 0.10]
  data[1]:
    type: 1
    len: 3, curr: 3
    dataPoints: [5.05, 5.04, 5.06]
  data[2]:
    type: 2
    len: 3, curr: 3
    dataPoints: [0.00, 0.00, 0.00]
[ 50700][E][WiFiClient.cpp:249] connect(): connect on fd 48, errno: 118, "Host is unreachable"
