data[1]:
    type: 1
    len: 1, curr: 1
    dataPoints: [5.05]
  data[2]:
    type: 2
, curr: 1
    dataPoints: [0.00]
printing!
=== UDPpacket ===
id: 0
sz: 3, curr: 3
read_flag: 0b111
T_sample: 1000 ms
  data[0]:
    type: 0
    len: 1, curr: 1
    dataPoints: [-5.10]
  data[1]:
    type: 1
    len: 1, curr: 1
    dataPoints: [3.33]
  data[2]:
    type: 2
    len: 1, curr: 1
    dataPoints: [-9.00]
printing!
=== UDPpacket ===
id: 1
sz: 3, curr: 3
read_flag: 0b111
T_sample: 1000 ms
  data[0]:
    type: 0
    len: 1, curr: 1
    dataPoints: [0.10]
  data[1]:
    type: 1
    len: 1, curr: 1
    dataPoints: [5.04]
  data[2]:
    type: 2
    len: 1, curr: 1
    dataPoints: [0.00]
printing!
=== UDPpacket ===
id: 0
sz: 3, curr: 3
read_flag: 0b111
T_sample: 1000 ms
  data[0]:
    type: 0
    len: 1, curr: 1
    dataPoints: [-4.70]
  data[1]:
    type: 1
    len: 1, curr: 1
    dataPoints: [3.33]
  data[2]:
    type: 2
    len: 1, curr: 1
    dataPoints: [-9.00]
printing!
=== UDPpacket ===
id: 1
sz: 3, curr: 3
read_flag: 0b111
T_sample: 1000 ms
  data[0]:
    type: 0
    len: 1, curr: 1
    dataPoints: [0.10]
  data[1]:
    type: 1
    len: 1, curr: 1
    dataPoints: [5.03]
  data[2]:
    type: 2
    len: 1, curr: 1
    dataPoints: [0.00]
printing!
=== UDPpacket ===
id: 0
sz: 3, curr: 3
read_flag: 0b111
T_sample: 1000 ms
  data[0]:
    type: 0
    len: 1, curr: 1
    dataPoints: [-5.10]
  data[1]:
    type: 1
    len: 1, curr: 1
    dataPoints: [3.33]
  data[2]:
    type: 2
    len: 1, curr: 1
    dataPoints: [-9.00]
printing!
=== UDPpacket ===
id: 1
sz: 3, curr: 3
read_flag: 0b111
T_sample: 1000 ms
  data[0]:
    type: 0
    len: 1, curr: 1
    dataPoints: [0.10]
  data[1]:
    type: 1
    len: 1, curr: 1
    dataPoints: [5.04]
  data[2]:
    type: 2
    len: 1, curr: 1
    dataPoints: [0.00]
printing!
=== UDPpacket ===
id: 0
sz: 3, curr: 3
read_flag: 0b111
T_sample: 1000 ms
  data[0]:
    type: 0
    len: 1, curr: 1
    dataPoints: [-4.90]
  data[1]:
    type: 1
    len: 1, curr: 1
    dataPoints: [3.33]
  data[2]:
    type: 2
    len: 1, curr: 1
    dataPoints: [-9.00]
printing!
=== UDPpacket ===
id: 1
sz: 3, curr: 3
read_flag: 0b111
T_sample: 1000 ms
  data[0]:
    type: 0
    len: 1, curr: 1
    dataPoints: [0.00]
  data[1]:
    type: 1
    len: 1, curr: 1
    dataPoints: [5.06]
  data[2]:
    type: 2
    len: 1, curr: 1
    dataPoints: [0.00]
printing!
=== UDPpacket ===
id: 0
sz: 3, curr: 3
read_flag: 0b111
T_sample: 1000 ms
  data[0]:
    type: 0
    len: 1, curr: 1
    dataPoints: [-4.90]
  data[1]:
    type: 1
    len: 1, curr: 1
    dataPoints: [3.33]
  data[2]:
    type: 2
    len: 1, curr: 1
    dataPoints: [-9.00]
printing!
=== UDPpacket ===
id: 1
sz: 3, curr: 3
read_flag: 0b111
T_sample: 1000 ms
  data[0]:
    type: 0
    len: 1, curr: 1
    dataPoints: [0.20]
  data[1]:
    type: 1
    len: 1, curr: 1
    dataPoints: [5.04]
  data[2]:
    type: 2
    len: 1, curr: 1
    dataPoints: [0.00]
printing!
=== UDPpacket ===
id: 0
sz: 3, curr: 3
read_flag: 0b111
T_sample: 1000 ms
  data[0]:
    type: 0
    len: 1, curr: 1
    dataPoints: [-5.20]
  data[1]:
    type: 1
    len: 1, curr: 1
    dataPoints: [3.32]
  data[2]:
    type: 2
    len: 1, curr: 1
    dataPoints: [-9.00]
printing!
=== UDPpacket ===
id: 1
sz: 3, curr: 3
read_flag: 0b111
T_sample: 1000 ms
  data[0]:
    type: 0
    len: 1, curr: 1
    dataPoints: [0.10]
  data[1]:
    type: 1
    len: 1, curr: 1
    dataPoints: [5.04]
  data[2]:
    type: 2
    len: 1, curr: 1
    dataPoints: [0.00]
printing!
=== UDPpacket ===
id: 0
sz: 3, curr: 3
read_flag: 0b111
T_sample: 1000 ms
  data[0]:
    type: 0
    len: 1, curr: 1
    dataPoints: [-5.20]
  data[1]:
    type: 1
    len: 1, curr: 1
    dataPoints: [3.33]
  data[2]:
    type: 2
    len: 1, curr: 1
    dataPoints: [-9.00]
printing!
=== UDPpacket ===
id: 1
sz: 3, curr: 3
read_flag: 0b111
T_sample: 1000 ms
  data[0]:
    type: 0
    len: 1, curr: 1
    dataPoints: [-0.20]
  data[1]:
    type: 1
    len: 1, curr: 1
    dataPoints: [5.04]
  data[2]:
    type: 2
    len: 1, curr: 1
    dataPoints: [0.00]
printing!
=== UDPpacket ===
id: 0
sz: 3, curr: 3
read_flag: 0b111
T_sample: 1000 ms
  data[0]:
    type: 0
    len: 1, curr: 1
    dataPoints: [-5.00]
  data[1]:
    type: 1
    len: 1, curr: 1
    dataPoints: [3.33]
  data[2]:
    type: 2
    len: 1, curr: 1
    dataPoints: [-9.00]
printing!
=== UDPpacket ===
id: 1
sz: 3, curr: 3
read_flag: 0b111
T_sample: 1000 ms
  data[0]:
    type: 0
    len: 1, curr: 1
    dataPoints: [-0.10]
  data[1]:
    type: 1
    len: 1, curr: 1
    dataPoints: [5.06]
  data[2]:
    type: 2
    len: 1, curr: 1
    dataPoints: [0.00]
printing!
=== UDPpacket ===
id: 0
sz: 3, curr: 3
read_flag: 0b111
T_sample: 1000 ms
  data[0]:
    type: 0
    len: 1, curr: 1
    dataPoints: [-5.00]
  data[1]:
    type: 1
    len: 1, curr: 1
    dataPoints: [3.33]
  data[2]:
    type: 2
    len: 1, curr: 1
    dataPoints: [-9.00]
printing!
=== UDPpacket ===
id: 1
sz: 3, curr: 3
read_flag: 0b111
T_sample: 1000 ms
  data[0]:
    type: 0
    len: 1, curr: 1
    dataPoints: [-0.10]
  data[1]:
    type: 1
    len: 1, curr: 1
    dataPoints: [5.05]
  data[2]:
    type: 2
    len: 1, curr: 1
    dataPoints: [0.00]
printing!
=== UDPpacket ===
id: 0
sz: 3, curr: 3
read_flag: 0b111
T_sample: 1000 ms
  data[0]:
    type: 0
    len: 1, curr: 1
    dataPoints: [-5.10]
  data[1]:
    type: 1
    len: 1, curr: 1
    dataPoints: [3.33]
  data[2]:
    type: 2
    len: 1, curr: 1
    dataPoints: [-9.00]
printing!
=== UDPpacket ===
id: 1
sz: 3, curr: 3
read_flag: 0b111
T_sample: 1000 ms
  data[0]:
    type: 0
    len: 1, curr: 1
    dataPoints: [-0.10]
  data[1]:
    type: 1
    len: 1, curr: 1
    dataPoints: [5.02]
  data[2]:
    type: 2
    len: 1, curr: 1
    dataPoints: [0.00]
printing!
=== UDPpacket ===
id: 0
sz: 3, curr: 3
read_flag: 0b111
T_sample: 1000 ms
  data[0]:
    type: 0
    len: 1, curr: 1
    dataPoints: [-8.00]
  data[1]:
    type: 1
    len: 1, curr: 1
    dataPoints: [3.33]
  data[2]:
    type: 2
    len: 1, curr: 1
    dataPoints: [1.00]
printing!
=== UDPpacket ===
id: 1
sz: 3, curr: 3
read_flag: 0b111
T_sample: 1000 ms
  data[0]:
    type: 0
    len: 1, curr: 1
    dataPoints: [0.00]
  data[1]:
    type: 1
    len: 1, curr: 1
    dataPoints: [5.04]
  data[2]:
    type: 2
    len: 1, curr: 1
    dataPoints: [0.00]
printing!
=== UDPpacket ===
id: 0
sz: 3, curr: 3
read_flag: 0b111
T_sample: 1000 ms
  data[0]:
    type: 0
    len: 1, curr: 1
    dataPoints: [-5.00]
  data[1]:
    type: 1
    len: 1, curr: 1
    dataPoints: [3.33]
  data[2]:
    type: 2
    len: 1, curr: 1
    dataPoints: [-9.00]
printing!
=== UDPpacket ===
id: 1
sz: 3, curr: 3
read_flag: 0b111
T_sample: 1000 ms
  data[0]:
    type: 0
    len: 1, curr: 1
    dataPoints: [-0.20]
  data[1]:
    type: 1
    len: 1, curr: 1
    dataPoints: [5.05]
  data[2]:
    type: 2
    len: 1, curr: 1
    dataPoints: [0.00]
printing!
=== UDPpacket ===
id: 0
sz: 3, curr: 3
read_flag: 0b111
T_sample: 1000 ms
  data[0]:
    type: 0
    len: 1, curr: 1
    dataPoints: [-5.10]
  data[1]:
    type: 1
    len: 1, curr: 1
    dataPoints: [3.33]
  data[2]:
    type: 2
    len: 1, curr: 1
    dataPoints: [-9.00]
printing!
=== UDPpacket ===
id: 1
sz: 3, curr: 3
read_flag: 0b111
T_sample: 1000 ms
  data[0]:
    type: 0
    len: 1, curr: 1
    dataPoints: [-0.30]
  data[1]:
    type: 1
    len: 1, curr: 1
    dataPoints: [5.06]
  data[2]:
    type: 2
    len: 1, curr: 1
    dataPoints: [0.00]
printing!
=== UDPpacket ===
id: 0
sz: 3, curr: 3
read_flag: 0b111
T_sample: 1000 ms
  data[0]:
    type: 0
    len: 1, curr: 1
    dataPoints: [-5.30]
  data[1]:
    type: 1
    len: 1, curr: 1
    dataPoints: [3.33]
  data[2]:
    type: 2
    len: 1, curr: 1
    dataPoints: [-3.00]
printing!
=== UDPpacket ===
id: 1
sz: 3, curr: 3
read_flag: 0b111
T_sample: 1000 ms
  data[0]:
    type: 0
    len: 1, curr: 1
    dataPoints: [0.00]
  data[1]:
    type: 1
    len: 1, curr: 1
    dataPoints: [5.06]
  data[2]:
    type: 2
    len: 1, curr: 1
    dataPoints: [0.00]
printing!
=== UDPpacket ===
id: 0
sz: 3, curr: 3
read_flag: 0b111
T_sample: 1000 ms
  data[0]:
    type: 0
    len: 1, curr: 1
    dataPoints: [-5.60]
  data[1]:
    type: 1
    len: 1, curr: 1
    dataPoints: [3.33]
  data[2]:
    type: 2
    len: 1, curr: 1
    dataPoints: [-9.00]
printing!
=== UDPpacket ===
id: 1
sz: 3, curr: 3
read_flag: 0b111
T_sample: 1000 ms
  data[0]:
    type: 0
    len: 1, curr: 1
    dataPoints: [0.00]
  data[1]:
    type: 1
    len: 1, curr: 1
    dataPoints: [5.04]
  data[2]:
    type: 2
    len: 1, curr: 1
    dataPoints: [0.00]
printing!
=== UDPpacket ===
id: 0
sz: 3, curr: 3
read_flag: 0b111
T_sample: 1000 ms
  data[0]:
    type: 0
    len: 1, curr: 1
    dataPoints: [-4.70]
  data[1]:
    type: 1
    len: 1, curr: 1
    dataPoints: [3.33]
  data[2]:
    type: 2
    len: 1, curr: 1
    dataPoints: [-9.00]
printing!
=== UDPpacket ===
id: 1
sz: 3, curr: 3
read_flag: 0b111
T_sample: 1000 ms
  data[0]:
    type: 0
    len: 1, curr: 1
    dataPoints: [-0.10]
  data[1]:
    type: 1
    len: 1, curr: 1
    dataPoints: [5.05]
  data[2]:
    type: 2
    len: 1, curr: 1
    dataPoints: [0.00]
printing!
=== UDPpacket ===
id: 0
sz: 3, curr: 3
read_flag: 0b111
T_sample: 1000 ms
  data[0]:
    type: 0
    len: 1, curr: 1
    dataPoints: [-5.10]
  data[1]:
    type: 1
    len: 1, curr: 1
    dataPoints: [3.33]
  data[2]:
    type: 2
    len: 1, curr: 1
    dataPoints: [-9.00]
printing!
=== UDPpacket ===
id: 1
sz: 3, curr: 3
read_flag: 0b111
T_sample: 1000 ms
  data[0]:
    type: 0
    len: 1, curr: 1
    dataPoints: [0.00]
  data[1]:
    type: 1
    len: 1, curr: 1
    dataPoints: [5.05]
  data[2]:
    type: 2
    len: 1, curr: 1
    dataPoints: [0.00]
printing!
=== UDPpacket ===
id: 0
sz: 3, curr: 3
read_flag: 0b111
T_sample: 1000 ms
  data[0]:
    type: 0
    len: 1, curr: 1
    dataPoints: [-7.30]
  data[1]:
    type: 1
    len: 1, curr: 1
    dataPoints: [3.33]
  data[2]:
    type: 2
    len: 1, curr: 1
    dataPoints: [1.00]
printing!
=== UDPpacket ===
id: 1
sz: 3, curr: 3
read_flag: 0b111
T_sample: 1000 ms
  data[0]:
    type: 0
    len: 1, curr: 1
    dataPoints: [0.00]
  data[1]:
    type: 1
    len: 1, curr: 1
    dataPoints: [5.06]
  data[2]:
    type: 2
    len: 1, curr: 1
    dataPoints: [0.00]
printing!
=== UDPpacket ===
id: 0
sz: 3, curr: 3
read_flag: 0b111
T_sample: 1000 ms
  data[0]:
    type: 0
    len: 1, curr: 1
    dataPoints: [-5.10]
  data[1]:
    type: 1
    len: 1, curr: 1
    dataPoints: [3.33]
  data[2]:
    type: 2
    len: 1, curr: 1
    dataPoints: [-9.00]
printing!
=== UDPpacket ===
id: 1
sz: 3, curr: 3
read_flag: 0b111
T_sample: 1000 ms
  data[0]:
    type: 0
    len: 1, curr: 1
    dataPoints: [0.00]
  data[1]:
    type: 1
    len: 1, curr: 1
    dataPoints: [5.03]
  data[2]:
    type: 2
    len: 1, curr: 1
    dataPoints: [0.00]
printing!
=== UDPpacket ===
id: 0
sz: 3, curr: 3
read_flag: 0b111
T_sample: 1000 ms
  data[0]:
    type: 0
    len: 1, curr: 1
    dataPoints: [-5.10]
  data[1]:
    type: 1
    len: 1, curr: 1
    dataPoints: [3.33]
  data[2]:
    type: 2
    len: 1, curr: 1
    dataPoints: [-9.00]
printing!
=== UDPpacket ===
id: 1
sz: 3, curr: 3
read_flag: 0b111
T_sample: 1000 ms
  data[0]:
    type: 0
    len: 1, curr: 1
    dataPoints: [0.00]
  data[1]:
    type: 1
    len: 1, curr: 1
    dataPoints: [5.04]
  data[2]:
    type: 2
    len: 1, curr: 1
    dataPoints: [0.00]
printing!
=== UDPpacket ===
id: 0
sz: 3, curr: 3
read_flag: 0b111
T_sample: 1000 ms
  data[0]:
    type: 0
    len: 1, curr: 1
    dataPoints: [-4.80]
  data[1]:
    type: 1
    len: 1, curr: 1
    dataPoints: [3.33]
  data[2]:
    type: 2
    len: 1, curr: 1
    dataPoints: [-9.00]
printing!
=== UDPpacket ===
id: 1
sz: 3, curr: 3
read_flag: 0b111
T_sample: 1000 ms
  data[0]:
    type: 0
    len: 1, curr: 1
    dataPoints: [-0.20]
  data[1]:
    type: 1
    len: 1, curr: 1
    dataPoints: [5.05]
  data[2]:
    type: 2
    len: 1, curr: 1
    dataPoints: [0.00]
printing!
=== UDPpacket ===
id: 0
sz: 3, curr: 3
read_flag: 0b111
T_sample: 1000 ms
  data[0]:
    type: 0
    len: 1, curr: 1
    dataPoints: [-8.00]
  data[1]:
    type: 1
    len: 1, curr: 1
    dataPoints: [3.33]
  data[2]:
    type: 2
    len: 1, curr: 1
    dataPoints: [1.00]
printing!
=== UDPpacket ===
id: 1
sz: 3, curr: 3
read_flag: 0b111
T_sample: 1000 ms
  data[0]:
    type: 0
    len: 1, curr: 1
    dataPoints: [0.10]
  data[1]:
    type: 1
    len: 1, curr: 1
    dataPoints: [5.05]
  data[2]:
    type: 2
    len: 1, curr: 1
    dataPoints: [0.00]
printing!
=== UDPpacket ===
id: 0
sz: 3, curr: 3
read_flag: 0b111
T_sample: 1000 ms
  data[0]:
    type: 0
    len: 1, curr: 1
    dataPoints: [-5.10]
  data[1]:
    type: 1
    len: 1, curr: 1
    dataPoints: [3.33]
  data[2]:
    type: 2
    len: 1, curr: 1
    dataPoints: [-9.00]
printing!
=== UDPpacket ===
id: 1
sz: 3, curr: 3
read_flag: 0b111
T_sample: 1000 ms
  data[0]:
    type: 0
    len: 1, curr: 1
    dataPoints: [0.00]
  data[1]:
    type: 1
    len: 1, curr: 1
    dataPoints: [5.04]
  data[2]:
    type: 2
    len: 1, curr: 1
    dataPoints: [0.00]
printing!
=== UDPpacket ===
id: 0
sz: 3, curr: 3
read_flag: 0b111
T_sample: 1000 ms
  data[0]:
    type: 0
    len: 1, curr: 1
    dataPoints: [-5.20]
  data[1]:
    type: 1
    len: 1, curr: 1
    dataPoints: [3.33]
  data[2]:
    type: 2
    len: 1, curr: 1
    dataPoints: [-9.00]
printing!
=== UDPpacket ===
id: 1
sz: 3, curr: 3
read_flag: 0b111
T_sample: 1000 ms
  data[0]:
    type: 0
    len: 1, curr: 1
    dataPoints: [-0.20]
  data[1]:
    type: 1
    len: 1, curr: 1
    dataPoints: [5.04]
  data[2]:
    type: 2
    len: 1, curr: 1
    dataPoints: [0.00]
printing!
=== UDPpacket ===
id: 0
sz: 3, curr: 3
read_flag: 0b111
T_sample: 1000 ms
  data[0]:
    type: 0
    len: 1, curr: 1
    dataPoints: [-5.10]
  data[1]:
    type: 1
    len: 1, curr: 1
    dataPoints: [3.33]
  data[2]:
    type: 2
    len: 1, curr: 1
    dataPoints: [-9.00]
printing!
=== UDPpacket ===
id: 1
sz: 3, curr: 3
read_flag: 0b111
T_sample: 1000 ms
  data[0]:
    type: 0
    len: 1, curr: 1
    dataPoints: [-0.20]
  data[1]:
    type: 1
    len: 1, curr: 1
    dataPoints: [5.03]
  data[2]:
    type: 2
    len: 1, curr: 1
    dataPoints: [0.00]
printing!
=== UDPpacket ===
id: 0
sz: 3, curr: 3
read_flag: 0b111
T_sample: 1000 ms
  data[0]:
    type: 0
    len: 1, curr: 1
    dataPoints: [-7.50]
  data[1]:
    type: 1
    len: 1, curr: 1
    dataPoints: [3.33]
  data[2]:
    type: 2
    len: 1, curr: 1
    dataPoints: [1.00]
printing!
=== UDPpacket ===
id: 1
sz: 3, curr: 3
read_flag: 0b111
T_sample: 1000 ms
  data[0]:
    type: 0
    len: 1, curr: 1
    dataPoints: [-0.30]
  data[1]:
    type: 1
    len: 1, curr: 1
    dataPoints: [5.04]
  data[2]:
    type: 2
    len: 1, curr: 1
    dataPoints: [0.00]
printing!
=== UDPpacket ===
id: 0
sz: 3, curr: 3
read_flag: 0b111
T_sample: 1000 ms
  data[0]:
    type: 0
    len: 1, curr: 1
    dataPoints: [-5.20]
  data[1]:
    type: 1
    len: 1, curr: 1
    dataPoints: [3.32]
  data[2]:
    type: 2
    len: 1, curr: 1
    dataPoints: [-9.00]
printing!
=== UDPpacket ===
id: 1
sz: 3, curr: 3
read_flag: 0b111
T_sample: 1000 ms
  data[0]:
    type: 0
    len: 1, curr: 1
    dataPoints: [0.00]
  data[1]:
    type: 1
    len: 1, curr: 1
    dataPoints: [5.05]
  data[2]:
    type: 2
    len: 1, curr: 1
    dataPoints: [0.00]
printing!
=== UDPpacket ===
id: 0
sz: 3, curr: 3
read_flag: 0b111
T_sample: 1000 ms
  data[0]:
    type: 0
    len: 1, curr: 1
    dataPoints: [-5.20]
  data[1]:
    type: 1
    len: 1, curr: 1
    dataPoints: [3.33]
  data[2]:
    type: 2
    len: 1, curr: 1
    dataPoints: [-9.00]
printing!
=== UDPpacket ===
id: 1
sz: 3, curr: 3
read_flag: 0b111
T_sample: 1000 ms
  data[0]:
    type: 0
    len: 1, curr: 1
    dataPoints: [0.00]
  data[1]:
    type: 1
    len: 1, curr: 1
    dataPoints: [5.03]
  data[2]:
    type: 2
    len: 1, curr: 1
    dataPoints: [0.00]
printing!
=== UDPpacket ===
id: 0
sz: 3, curr: 3
read_flag: 0b111
T_sample: 1000 ms
  data[0]:
    type: 0
    len: 1, curr: 1
    dataPoints: [-4.90]
  data[1]:
    type: 1
    len: 1, curr: 1
    dataPoints: [3.33]
  data[2]:
    type: 2
    len: 1, curr: 1
    dataPoints: [-9.00]
printing!
=== UDPpacket ===
id: 1
sz: 3, curr: 3
read_flag: 0b111
T_sample: 1000 ms
  data[0]:
    type: 0
    len: 1, curr: 1
    dataPoints: [-0.10]
  data[1]:
    type: 1
    len: 1, curr: 1
    dataPoints: [5.03]
  data[2]:
    type: 2
    len: 1, curr: 1
    dataPoints: [0.00]
printing!
=== UDPpacket ===
id: 0
sz: 3, curr: 3
read_flag: 0b111
T_sample: 1000 ms
  data[0]:
    type: 0
    len: 1, curr: 1
    dataPoints: [-4.80]
  data[1]:
    type: 1
    len: 1, curr: 1
    dataPoints: [3.33]
  data[2]:
    type: 2
    len: 1, curr: 1
    dataPoints: [-9.00]
printing!
=== UDPpacket ===
id: 1
sz: 3, curr: 3
read_flag: 0b111
T_sample: 1000 ms
  data[0]:
    type: 0
    len: 1, curr: 1
    dataPoints: [-0.20]
  data[1]:
    type: 1
    len: 1, curr: 1
    dataPoints: [5.04]
  data[2]:
    type: 2
    len: 1, curr: 1
    dataPoints: [0.00]
printing!
=== UDPpacket ===
id: 0
sz: 3, curr: 3
read_flag: 0b111
T_sample: 1000 ms
  data[0]:
    type: 0
    len: 1, curr: 1
    dataPoints: [-7.70]
  data[1]:
    type: 1
    len: 1, curr: 1
    dataPoints: [3.33]
  data[2]:
    type: 2
    len: 1, curr: 1
    dataPoints: [1.00]
printing!
=== UDPpacket ===
id: 1
sz: 3, curr: 3
read_flag: 0b111
T_sample: 1000 ms
  data[0]:
    type: 0
    len: 1, curr: 1
    dataPoints: [0.00]
  data[1]:
    type: 1
    len: 1, curr: 1
    dataPoints: [5.04]
  data[2]:
    type: 2
    len: 1, curr: 1
    dataPoints: [0.00]
printing!
=== UDPpacket ===
id: 0
sz: 3, curr: 3
read_flag: 0b111
T_sample: 1000 ms
  data[0]:
    type: 0
    len: 1, curr: 1
    dataPoints: [-5.10]
  data[1]:
    type: 1
    len: 1, curr: 1
    dataPoints: [3.33]
  data[2]:
    type: 2
    len: 1, curr: 1
    dataPoints: [-9.00]
printing!
=== UDPpacket ===
id: 1
sz: 3, curr: 3
read_flag: 0b111
T_sample: 1000 ms
  data[0]:
    type: 0
    len: 1, curr: 1
    dataPoints: [0.20]
  data[1]:
    type: 1
    len: 1, curr: 1
    dataPoints: [5.06]
  data[2]:
    type: 2
    len: 1, curr: 1
    dataPoints: [0.00]
printing!
=== UDPpacket ===
id: 0
sz: 3, curr: 3
read_flag: 0b111
T_sample: 1000 ms
  data[0]:
    type: 0
    len: 1, curr: 1
    dataPoints: [-5.20]
  data[1]:
    type: 1
    len: 1, curr: 1
    dataPoints: [3.32]
  data[2]:
    type: 2
    len: 1, curr: 1
    dataPoints: [-9.00]
printing!
=== UDPpacket ===
id: 1
sz: 3, curr: 3
read_flag: 0b111
T_sample: 1000 ms
  data[0]:
    type: 0
    len: 1, curr: 1
    dataPoints: [-0.20]
  data[1]:
    type: 1
    len: 1, curr: 1
    dataPoints: [5.06]
  data[2]:
    type: 2
    len: 1, curr: 1
    dataPoints: [0.00]
printing!
=== UDPpacket ===
id: 0
sz: 3, curr: 3
read_flag: 0b111
T_sample: 1000 ms
  data[0]:
    type: 0
    len: 1, curr: 1
    dataPoints: [-5.00]
  data[1]:
    type: 1
    len: 1, curr: 1
    dataPoints: [3.33]
  data[2]:
    type: 2
    len: 1, curr: 1
    dataPoints: [-9.00]
printing!
=== UDPpacket ===
id: 1
sz: 3, curr: 3
read_flag: 0b111
T_sample: 1000 ms
  data[0]:
    type: 0
    len: 1, curr: 1
    dataPoints: [-0.10]
  data[1]:
    type: 1
    len: 1, curr: 1
    dataPoints: [5.05]
  data[2]:
    type: 2
    len: 1, curr: 1
    dataPoints: [4.00]
